<?xml version="1.0"?>
<testsuites id="2023-04-12T20:58:28.125Z" name="Integration test for Platinum api" time="1433" tests="869" failures="33" skipped="257">
  <testsuite id="2023-04-12T20:58:28.133Z" name="platinum/aggregate-metrics - /platinum/aggregate-metrics/100_synthetic_source.yml" time="1" tests="1" failures="0" skipped="0">
    <testcase id="2023-04-12T20:58:28.133Z" name="constant_keyword" time="1"/>
  </testsuite>
  <testsuite id="2023-04-12T20:58:29.098Z" name="platinum/aggregate-metrics - /platinum/aggregate-metrics/10_basic.yml" time="4" tests="5" failures="0" skipped="0">
    <testcase id="2023-04-12T20:58:29.098Z" name="Test exists query on aggregate metric field" time="1"/>
    <testcase id="2023-04-12T20:58:29.833Z" name="Test term query on aggregate metric field" time="1"/>
    <testcase id="2023-04-12T20:58:30.554Z" name="Test range query on aggregate metric field" time="1"/>
    <testcase id="2023-04-12T20:58:31.279Z" name="Sort" time="1"/>
    <testcase id="2023-04-12T20:58:32.020Z" name="Test fields api" time="1"/>
  </testsuite>
  <testsuite id="2023-04-12T20:58:32.759Z" name="platinum/aggregate-metrics - /platinum/aggregate-metrics/110_field_caps.yml" time="5" tests="5" failures="0" skipped="0">
    <testcase id="2023-04-12T20:58:32.759Z" name="aggregate_metric on standard index" time="1"/>
    <testcase id="2023-04-12T20:58:33.802Z" name="aggregate_metric on standard index conflict with double" time="1"/>
    <testcase id="2023-04-12T20:58:34.954Z" name="field caps on rollup indices" time="1"/>
    <testcase id="2023-04-12T20:58:36.003Z" name="field caps on time series indices" time="1"/>
    <testcase id="2023-04-12T20:58:37.095Z" name="field caps on all indices" time="1"/>
  </testsuite>
  <testsuite id="2023-04-12T20:58:38.169Z" name="platinum/aggregate-metrics - /platinum/aggregate-metrics/20_min_max_agg.yml" time="1" tests="2" failures="0" skipped="0">
    <testcase id="2023-04-12T20:58:38.169Z" name="Test min_max aggs" time="1"/>
    <testcase id="2023-04-12T20:58:38.887Z" name="Test min_max aggs with query" time="1"/>
  </testsuite>
  <testsuite id="2023-04-12T20:58:39.603Z" name="platinum/aggregate-metrics - /platinum/aggregate-metrics/30_sum_agg.yml" time="1" tests="2" failures="0" skipped="0">
    <testcase id="2023-04-12T20:58:39.603Z" name="Test sum agg" time="1"/>
    <testcase id="2023-04-12T20:58:40.327Z" name="Test sum agg with query" time="1"/>
  </testsuite>
  <testsuite id="2023-04-12T20:58:41.050Z" name="platinum/aggregate-metrics - /platinum/aggregate-metrics/40_avg_agg.yml" time="1" tests="2" failures="0" skipped="0">
    <testcase id="2023-04-12T20:58:41.050Z" name="Test avg agg" time="1"/>
    <testcase id="2023-04-12T20:58:41.758Z" name="Test avg agg with query" time="1"/>
  </testsuite>
  <testsuite id="2023-04-12T20:58:42.475Z" name="platinum/aggregate-metrics - /platinum/aggregate-metrics/50_value_count_agg.yml" time="1" tests="2" failures="0" skipped="0">
    <testcase id="2023-04-12T20:58:42.475Z" name="Test value_count agg" time="1"/>
    <testcase id="2023-04-12T20:58:43.199Z" name="Test value_count agg with query" time="1"/>
  </testsuite>
  <testsuite id="2023-04-12T20:58:43.968Z" name="platinum/aggregate-metrics - /platinum/aggregate-metrics/80_raw_agg_metric_aggs.yml" time="2" tests="2" failures="0" skipped="0">
    <testcase id="2023-04-12T20:58:43.968Z" name="Test mixed aggregations" time="1"/>
    <testcase id="2023-04-12T20:58:44.927Z" name="Test mixed aggregations with query" time="1"/>
  </testsuite>
  <testsuite id="2023-04-12T20:58:45.932Z" name="platinum/aggregate-metrics - /platinum/aggregate-metrics/90_tsdb_mappings.yml" time="2" tests="2" failures="0" skipped="0">
    <testcase id="2023-04-12T20:58:45.932Z" name="aggregate_double_metric with time series mappings" time="1"/>
    <testcase id="2023-04-12T20:58:46.888Z" name="aggregate_double_metric with wrong time series mappings" time="1"/>
  </testsuite>
  <testsuite id="2023-04-12T20:58:47.675Z" name="platinum/analytics - /platinum/analytics/100_tsdb.yml" time="1" tests="1" failures="0" skipped="0">
    <testcase id="2023-04-12T20:58:47.675Z" name="aggretate multi_terms" time="1"/>
  </testsuite>
  <testsuite id="2023-04-12T20:58:48.633Z" name="platinum/analytics - /platinum/analytics/boxplot.yml" time="3" tests="3" failures="0" skipped="0">
    <testcase id="2023-04-12T20:58:48.633Z" name="Basic Search" time="1"/>
    <testcase id="2023-04-12T20:58:49.577Z" name="Search With Runtime Field" time="1"/>
    <testcase id="2023-04-12T20:58:50.773Z" name="Search With Missing" time="1"/>
  </testsuite>
  <testsuite id="2023-04-12T20:58:51.792Z" name="platinum/analytics - /platinum/analytics/cumulative_cardinality.yml" time="4" tests="4" failures="0" skipped="0">
    <testcase id="2023-04-12T20:58:51.792Z" name="basic" time="1"/>
    <testcase id="2023-04-12T20:58:52.805Z" name="format" time="1"/>
    <testcase id="2023-04-12T20:58:53.718Z" name="no results" time="1"/>
    <testcase id="2023-04-12T20:58:54.621Z" name="bad path" time="1"/>
  </testsuite>
  <testsuite id="2023-04-12T20:58:55.517Z" name="platinum/analytics - /platinum/analytics/histogram.yml" time="7" tests="7" failures="0" skipped="1">
    <testcase id="2023-04-12T20:58:55.517Z" name="Histogram requires values in increasing order" time="0">
      <skipped>This test is in the skip list of the client</skipped>
    </testcase>
    <testcase id="2023-04-12T20:58:55.517Z" name="Histogram Aggregations" time="1"/>
    <testcase id="2023-04-12T20:58:56.657Z" name="Histogram over histograms" time="1"/>
    <testcase id="2023-04-12T20:58:57.805Z" name="Histogram with _doc_count" time="1"/>
    <testcase id="2023-04-12T20:58:59.084Z" name="Ranges over histogram" time="1"/>
    <testcase id="2023-04-12T20:59:00.465Z" name="Ranges over histogram with doc_count" time="1"/>
    <testcase id="2023-04-12T20:59:01.612Z" name="histogram with synthetic source" time="1"/>
  </testsuite>
  <testsuite id="2023-04-12T20:59:02.695Z" name="platinum/analytics - /platinum/analytics/matrix_stats.yml" time="4" tests="4" failures="0" skipped="4">
    <testcase id="2023-04-12T20:59:02.695Z" name="matrix stats all fields available with two fields" time="1">
      <skipped>{
  "version": " - 8.2.99",
  "reason": "bug fixed in 8.3.0",
  "features": [
    "close_to"
  ]
}</skipped>
    </testcase>
    <testcase id="2023-04-12T20:59:03.662Z" name="matrix stats all fields available with one field" time="1">
      <skipped>{
  "version": " - 8.2.99",
  "reason": "bug fixed in 8.3.0",
  "features": [
    "close_to"
  ]
}</skipped>
    </testcase>
    <testcase id="2023-04-12T20:59:04.584Z" name="matrix stats field not in all indices bad request" time="1">
      <skipped>{
  "version": " - 8.2.99",
  "reason": "bug fixed in 8.3.0",
  "features": [
    "close_to"
  ]
}</skipped>
    </testcase>
    <testcase id="2023-04-12T20:59:05.459Z" name="matrix stats with bucket_selector" time="1">
      <skipped>{
  "version": " - 8.3.99",
  "reason": "bug fixed in 8.4.0",
  "features": [
    "close_to"
  ]
}</skipped>
    </testcase>
  </testsuite>
  <testsuite id="2023-04-12T20:59:06.272Z" name="platinum/analytics - /platinum/analytics/moving_percentiles.yml" time="5" tests="7" failures="0" skipped="0">
    <testcase id="2023-04-12T20:59:06.272Z" name="shift" time="1"/>
    <testcase id="2023-04-12T20:59:07.047Z" name="default choses tdigest" time="1"/>
    <testcase id="2023-04-12T20:59:07.859Z" name="tdest explicitly" time="1"/>
    <testcase id="2023-04-12T20:59:08.640Z" name="hdr" time="1"/>
    <testcase id="2023-04-12T20:59:09.422Z" name="bad path" time="1"/>
    <testcase id="2023-04-12T20:59:10.179Z" name="Bad window" time="1"/>
    <testcase id="2023-04-12T20:59:10.974Z" name="Not under date histo" time="1"/>
  </testsuite>
  <testsuite id="2023-04-12T20:59:11.763Z" name="platinum/analytics - /platinum/analytics/multi_terms.yml" time="5" tests="5" failures="0" skipped="0">
    <testcase id="2023-04-12T20:59:11.763Z" name="val and uval" time="1"/>
    <testcase id="2023-04-12T20:59:12.703Z" name="addr and val" time="1"/>
    <testcase id="2023-04-12T20:59:13.640Z" name="addr and uval" time="1"/>
    <testcase id="2023-04-12T20:59:14.550Z" name="mix and match" time="1"/>
    <testcase id="2023-04-12T20:59:15.470Z" name="aggs with children" time="1"/>
  </testsuite>
  <testsuite id="2023-04-12T20:59:16.382Z" name="platinum/analytics - /platinum/analytics/nested_top_metrics_sort.yml" time="13" tests="15" failures="0" skipped="0">
    <testcase id="2023-04-12T20:59:16.382Z" name="sort on top metrics keyword same version" time="1"/>
    <testcase id="2023-04-12T20:59:17.256Z" name="sort on top metrics keyword desc" time="1"/>
    <testcase id="2023-04-12T20:59:18.165Z" name="sort on top metrics keyword asc" time="1"/>
    <testcase id="2023-04-12T20:59:19.011Z" name="sort on top metrics numeric desc" time="1"/>
    <testcase id="2023-04-12T20:59:19.867Z" name="sort on top metrics numeric asc" time="1"/>
    <testcase id="2023-04-12T20:59:20.723Z" name="sort on top metrics non-existing field" time="1"/>
    <testcase id="2023-04-12T20:59:21.575Z" name="terms order by top metrics null values" time="1"/>
    <testcase id="2023-04-12T20:59:22.450Z" name="terms order by top metrics date not null values" time="1"/>
    <testcase id="2023-04-12T20:59:23.290Z" name="terms order by top metrics numeric not null integer values" time="1"/>
    <testcase id="2023-04-12T20:59:24.116Z" name="terms order by top metrics numeric not null double values" time="1"/>
    <testcase id="2023-04-12T20:59:24.971Z" name="terms order by top metrics size greater than 1 rewrite_to_filter_by_filter true" time="1"/>
    <testcase id="2023-04-12T20:59:25.818Z" name="terms order by top metrics missing metric rewrite_to_filter_by_filter true" time="1"/>
    <testcase id="2023-04-12T20:59:26.651Z" name="terms order by top metrics equal values sorted on term" time="1"/>
    <testcase id="2023-04-12T20:59:27.531Z" name="terms order by top metrics size greater than 1 rewrite_to_filter_by_filter false" time="1"/>
    <testcase id="2023-04-12T20:59:28.451Z" name="terms order by top metrics missing metric rewrite_to_filter_by_filter false" time="1"/>
  </testsuite>
  <testsuite id="2023-04-12T20:59:29.390Z" name="platinum/analytics - /platinum/analytics/normalize.yml" time="6" tests="8" failures="0" skipped="8">
    <testcase id="2023-04-12T20:59:29.390Z" name="rescale_0_1" time="1">
      <skipped>{
  "features": [
    "close_to"
  ]
}</skipped>
    </testcase>
    <testcase id="2023-04-12T20:59:30.211Z" name="rescale_0_100" time="1">
      <skipped>{
  "features": [
    "close_to"
  ]
}</skipped>
    </testcase>
    <testcase id="2023-04-12T20:59:30.985Z" name="percent_of_sum" time="1">
      <skipped>{
  "features": [
    "close_to"
  ]
}</skipped>
    </testcase>
    <testcase id="2023-04-12T20:59:31.758Z" name="mean" time="1">
      <skipped>{
  "features": [
    "close_to"
  ]
}</skipped>
    </testcase>
    <testcase id="2023-04-12T20:59:32.545Z" name="zscore" time="1">
      <skipped>{
  "features": [
    "close_to"
  ]
}</skipped>
    </testcase>
    <testcase id="2023-04-12T20:59:33.342Z" name="softmax" time="1">
      <skipped>{
  "features": [
    "close_to"
  ]
}</skipped>
    </testcase>
    <testcase id="2023-04-12T20:59:34.118Z" name="format" time="1">
      <skipped>{
  "features": [
    "close_to"
  ]
}</skipped>
    </testcase>
    <testcase id="2023-04-12T20:59:34.909Z" name="bad path" time="1">
      <skipped>{
  "features": [
    "close_to"
  ]
}</skipped>
    </testcase>
  </testsuite>
  <testsuite id="2023-04-12T20:59:35.701Z" name="platinum/analytics - /platinum/analytics/rate.yml" time="2" tests="2" failures="0" skipped="0">
    <testcase id="2023-04-12T20:59:35.701Z" name="value rate" time="1"/>
    <testcase id="2023-04-12T20:59:36.514Z" name="rate with doc_count" time="1"/>
  </testsuite>
  <testsuite id="2023-04-12T20:59:37.468Z" name="platinum/analytics - /platinum/analytics/reset_tracking_rate.yml" time="1" tests="1" failures="0" skipped="0">
    <testcase id="2023-04-12T20:59:37.468Z" name="test resets do not lead to negative rate" time="1"/>
  </testsuite>
  <testsuite id="2023-04-12T20:59:38.458Z" name="platinum/analytics - /platinum/analytics/string_stats.yml" time="2" tests="2" failures="0" skipped="0">
    <testcase id="2023-04-12T20:59:38.458Z" name="basic" time="1"/>
    <testcase id="2023-04-12T20:59:39.216Z" name="show_distribution" time="1"/>
  </testsuite>
  <testsuite id="2023-04-12T20:59:39.992Z" name="platinum/analytics - /platinum/analytics/t_test.yml" time="2" tests="3" failures="0" skipped="0">
    <testcase id="2023-04-12T20:59:39.992Z" name="heteroscedastic t-test" time="1"/>
    <testcase id="2023-04-12T20:59:40.803Z" name="paired t-test" time="1"/>
    <testcase id="2023-04-12T20:59:41.602Z" name="homoscedastic t-test with filters" time="1"/>
  </testsuite>
  <testsuite id="2023-04-12T20:59:42.400Z" name="platinum/analytics - /platinum/analytics/top_metrics.yml" time="12" tests="16" failures="0" skipped="0">
    <testcase id="2023-04-12T20:59:42.400Z" name="sort by long field" time="1"/>
    <testcase id="2023-04-12T20:59:43.219Z" name="sort by double field" time="1"/>
    <testcase id="2023-04-12T20:59:43.969Z" name="sort by scaled float field" time="1"/>
    <testcase id="2023-04-12T20:59:44.694Z" name="sort by keyword field fails" time="1"/>
    <testcase id="2023-04-12T20:59:45.400Z" name="sort by score" time="1"/>
    <testcase id="2023-04-12T20:59:46.106Z" name="sort by numeric script" time="1"/>
    <testcase id="2023-04-12T20:59:46.824Z" name="sort by string script fails" time="1"/>
    <testcase id="2023-04-12T20:59:47.557Z" name="sort by geo_distance" time="1"/>
    <testcase id="2023-04-12T20:59:48.288Z" name="inside terms" time="1"/>
    <testcase id="2023-04-12T20:59:49.002Z" name="with sum_buckets" time="1"/>
    <testcase id="2023-04-12T20:59:49.741Z" name="size is index setting" time="1"/>
    <testcase id="2023-04-12T20:59:50.464Z" name="fetch keyword" time="1"/>
    <testcase id="2023-04-12T20:59:51.179Z" name="fetch runtime keyword fails with nice error message" time="1"/>
    <testcase id="2023-04-12T20:59:51.897Z" name="fetch keyword fields with some missing" time="1"/>
    <testcase id="2023-04-12T20:59:52.627Z" name="with flattened" time="1"/>
    <testcase id="2023-04-12T20:59:53.347Z" name="Counter field" time="1"/>
  </testsuite>
  <testsuite id="2023-04-12T20:59:54.049Z" name="platinum/analytics - /platinum/analytics/usage.yml" time="1" tests="1" failures="0" skipped="0">
    <testcase id="2023-04-12T20:59:54.049Z" name="Usage stats on analytics indices" time="1"/>
  </testsuite>
  <testsuite id="2023-04-12T20:59:55.006Z" name="platinum/api_key - /platinum/api_key/10_basic.yml" time="7" tests="4" failures="0" skipped="1">
    <testcase id="2023-04-12T20:59:55.006Z" name="Test create api key" time="2"/>
    <testcase id="2023-04-12T20:59:56.850Z" name="Test get api key" time="0">
      <skipped>This test is in the skip list of the client</skipped>
    </testcase>
    <testcase id="2023-04-12T20:59:56.850Z" name="Test invalidate api keys" time="4"/>
    <testcase id="2023-04-12T21:00:00.856Z" name="Test has privileges API for api key" time="1"/>
  </testsuite>
  <testsuite id="2023-04-12T21:00:01.953Z" name="platinum/api_key - /platinum/api_key/11_invalidation.yml" time="4" tests="2" failures="0" skipped="1">
    <testcase id="2023-04-12T21:00:01.953Z" name="Test invalidate api key by username" time="4"/>
    <testcase id="2023-04-12T21:00:05.963Z" name="Test invalidate api key by realm name" time="0">
      <skipped>This test is in the skip list of the client</skipped>
    </testcase>
  </testsuite>
  <testsuite id="2023-04-12T21:00:05.965Z" name="platinum/api_key - /platinum/api_key/12_grant.yml" time="13" tests="6" failures="0" skipped="0">
    <testcase id="2023-04-12T21:00:05.965Z" name="Test grant api key with password" time="2"/>
    <testcase id="2023-04-12T21:00:08.138Z" name="Test grant api key with token" time="3"/>
    <testcase id="2023-04-12T21:00:11.237Z" name="Test grant api key forbidden" time="2"/>
    <testcase id="2023-04-12T21:00:12.841Z" name="Test grant api key forbidden with manage_own_api_key privilege" time="2"/>
    <testcase id="2023-04-12T21:00:15.284Z" name="Test grant api key with password and run_as" time="2"/>
    <testcase id="2023-04-12T21:00:16.980Z" name="Test grant api key with access token and run_as" time="2"/>
  </testsuite>
  <testsuite id="2023-04-12T21:00:18.987Z" name="platinum/api_key - /platinum/api_key/20_query.yml" time="0" tests="1" failures="0" skipped="1">
    <testcase id="2023-04-12T21:00:18.987Z" name="Test query api key" time="0">
      <skipped>This test is in the skip list of the client</skipped>
    </testcase>
  </testsuite>
  <testsuite id="2023-04-12T21:00:18.988Z" name="platinum/api_key - /platinum/api_key/30_update.yml" time="11" tests="6" failures="3" skipped="0">
    <testcase id="2023-04-12T21:00:18.988Z" name="Test update api key" time="2"/>
    <testcase id="2023-04-12T21:00:20.975Z" name="Test update api key without explicit field updates" time="2"/>
    <testcase id="2023-04-12T21:00:22.980Z" name="Test update api key with empty request fields" time="2"/>
    <testcase id="2023-04-12T21:00:25.020Z" name="Test bulk update api keys" time="1">
      <failure message="ifError got unwanted exception: parse_exception
	Root causes:
		parse_exception: request body is required" type="ERR_ASSERTION">AssertionError [ERR_ASSERTION]: ifError got unwanted exception: parse_exception
	Root causes:
		parse_exception: request body is required
    at doAction (/home/joshmock/Code/elasticsearch-js/test/integration/test-runner.js:518:14)
    at SniffingTransport.request (/home/joshmock/Code/elasticsearch-js/node_modules/@elastic/transport/lib/Transport.js:479:27)
    at process.processTicksAndRejections (node:internal/process/task_queues:95:5)
    at async Client.bulkUpdateApiKeys (/home/joshmock/Code/elasticsearch-js/lib/api/api/security.js:95:16)
    at async doAction (/home/joshmock/Code/elasticsearch-js/test/integration/test-runner.js:464:27)
    at async exec (/home/joshmock/Code/elasticsearch-js/test/integration/test-runner.js:541:9)
    at async Object.run (/home/joshmock/Code/elasticsearch-js/test/integration/test-runner.js:289:5)
    at async start (/home/joshmock/Code/elasticsearch-js/test/integration/index.js:324:11)</failure>
    </testcase>
    <testcase id="2023-04-12T21:00:26.469Z" name="Test bulk update api key without explicit field updates" time="2">
      <failure message="ifError got unwanted exception: parse_exception
	Root causes:
		parse_exception: request body is required" type="ERR_ASSERTION">AssertionError [ERR_ASSERTION]: ifError got unwanted exception: parse_exception
	Root causes:
		parse_exception: request body is required
    at doAction (/home/joshmock/Code/elasticsearch-js/test/integration/test-runner.js:518:14)
    at SniffingTransport.request (/home/joshmock/Code/elasticsearch-js/node_modules/@elastic/transport/lib/Transport.js:479:27)
    at process.processTicksAndRejections (node:internal/process/task_queues:95:5)
    at async Client.bulkUpdateApiKeys (/home/joshmock/Code/elasticsearch-js/lib/api/api/security.js:95:16)
    at async doAction (/home/joshmock/Code/elasticsearch-js/test/integration/test-runner.js:464:27)
    at async exec (/home/joshmock/Code/elasticsearch-js/test/integration/test-runner.js:541:9)
    at async Object.run (/home/joshmock/Code/elasticsearch-js/test/integration/test-runner.js:289:5)
    at async start (/home/joshmock/Code/elasticsearch-js/test/integration/index.js:324:11)</failure>
    </testcase>
    <testcase id="2023-04-12T21:00:28.477Z" name="Test bulk update api key with empty request fields" time="2">
      <failure message="ifError got unwanted exception: parse_exception
	Root causes:
		parse_exception: request body is required" type="ERR_ASSERTION">AssertionError [ERR_ASSERTION]: ifError got unwanted exception: parse_exception
	Root causes:
		parse_exception: request body is required
    at doAction (/home/joshmock/Code/elasticsearch-js/test/integration/test-runner.js:518:14)
    at SniffingTransport.request (/home/joshmock/Code/elasticsearch-js/node_modules/@elastic/transport/lib/Transport.js:479:27)
    at process.processTicksAndRejections (node:internal/process/task_queues:95:5)
    at async Client.bulkUpdateApiKeys (/home/joshmock/Code/elasticsearch-js/lib/api/api/security.js:95:16)
    at async doAction (/home/joshmock/Code/elasticsearch-js/test/integration/test-runner.js:464:27)
    at async exec (/home/joshmock/Code/elasticsearch-js/test/integration/test-runner.js:541:9)
    at async Object.run (/home/joshmock/Code/elasticsearch-js/test/integration/test-runner.js:289:5)
    at async start (/home/joshmock/Code/elasticsearch-js/test/integration/index.js:324:11)</failure>
    </testcase>
  </testsuite>
  <testsuite id="2023-04-12T21:00:30.487Z" name="platinum/api_key - /platinum/api_key/40_view_role_descriptors.yml" time="7" tests="2" failures="1" skipped="0">
    <testcase id="2023-04-12T21:00:30.487Z" name="Test API key role descriptors in Get and Query responses" time="4">
      <failure message="should be equal: 25 - 4, action: {&quot;total&quot;:4}" type="ERR_ASSERTION">AssertionError [ERR_ASSERTION]: should be equal: 25 - 4, action: {"total":4}
    at match (/home/joshmock/Code/elasticsearch-js/test/integration/test-runner.js:685:12)
    at exec (/home/joshmock/Code/elasticsearch-js/test/integration/test-runner.js:557:9)
    at process.processTicksAndRejections (node:internal/process/task_queues:95:5)
    at async Object.run (/home/joshmock/Code/elasticsearch-js/test/integration/test-runner.js:289:5)
    at async start (/home/joshmock/Code/elasticsearch-js/test/integration/index.js:324:11)</failure>
    </testcase>
    <testcase id="2023-04-12T21:00:34.513Z" name="Test API key limited-by role descriptors in Get and Query responses" time="3"/>
  </testsuite>
  <testsuite id="2023-04-12T21:00:37.112Z" name="platinum/async_search - /platinum/async_search/10_basic.yml" time="3" tests="3" failures="0" skipped="0">
    <testcase id="2023-04-12T21:00:37.112Z" name="Async search" time="1"/>
    <testcase id="2023-04-12T21:00:38.285Z" name="With typed keys" time="1"/>
    <testcase id="2023-04-12T21:00:39.327Z" name="Auto date histogram interval is saved" time="1"/>
  </testsuite>
  <testsuite id="2023-04-12T21:00:40.532Z" name="platinum/async_search - /platinum/async_search/20-with-poin-in-time.yml" time="1" tests="1" failures="0" skipped="0">
    <testcase id="2023-04-12T21:00:40.532Z" name="Async search with point in time" time="1"/>
  </testsuite>
  <testsuite id="2023-04-12T21:00:42.026Z" name="platinum/authenticate - /platinum/authenticate/10_basic.yml" time="1" tests="1" failures="0" skipped="0">
    <testcase id="2023-04-12T21:00:42.026Z" name="Test authenticate api" time="1"/>
  </testsuite>
  <testsuite id="2023-04-12T21:00:43.099Z" name="platinum/authenticate - /platinum/authenticate/10_field_level_security.yml" time="1" tests="1" failures="0" skipped="0">
    <testcase id="2023-04-12T21:00:43.099Z" name="Test doc level security against alias with different users" time="1"/>
  </testsuite>
  <testsuite id="2023-04-12T21:00:44.562Z" name="platinum/change_password - /platinum/change_password/10_basic.yml" time="6" tests="4" failures="0" skipped="1">
    <testcase id="2023-04-12T21:00:44.562Z" name="Test changing users password" time="1"/>
    <testcase id="2023-04-12T21:00:46.036Z" name="Test changing users password with prehashed password" time="1">
      <skipped>{
  "features": [
    "catch_unauthorized",
    "warnings"
  ]
}</skipped>
    </testcase>
    <testcase id="2023-04-12T21:00:47.363Z" name="Test user changing their own password" time="2"/>
    <testcase id="2023-04-12T21:00:49.215Z" name="Test unauthorized user changing anothers password" time="2"/>
  </testsuite>
  <testsuite id="2023-04-12T21:00:50.749Z" name="platinum/change_password - /platinum/change_password/11_token.yml" time="2" tests="1" failures="0" skipped="0">
    <testcase id="2023-04-12T21:00:50.749Z" name="Test user changing their password authenticating with token not allowed" time="2"/>
  </testsuite>
  <testsuite id="2023-04-12T21:00:52.614Z" name="platinum/change_password - /platinum/change_password/12_custom_hash.yml" time="2" tests="3" failures="0" skipped="3">
    <testcase id="2023-04-12T21:00:52.614Z" name="Test creating users with pre-hashed password" time="1">
      <skipped>{
  "features": [
    "catch_unauthorized",
    "warnings"
  ]
}</skipped>
    </testcase>
    <testcase id="2023-04-12T21:00:53.398Z" name="Test changing users password with pre-hashed password" time="1">
      <skipped>{
  "features": [
    "catch_unauthorized",
    "warnings"
  ]
}</skipped>
    </testcase>
    <testcase id="2023-04-12T21:00:54.179Z" name="Test creating users and changing passwords with clear text as hash" time="1">
      <skipped>{
  "features": [
    "catch_unauthorized",
    "warnings"
  ]
}</skipped>
    </testcase>
  </testsuite>
  <testsuite id="2023-04-12T21:00:54.980Z" name="platinum/constant_keyword - /platinum/constant_keyword/10_basic.yml" time="7" tests="8" failures="0" skipped="0">
    <testcase id="2023-04-12T21:00:54.980Z" name="Exist query" time="1"/>
    <testcase id="2023-04-12T21:00:55.809Z" name="Term query" time="1"/>
    <testcase id="2023-04-12T21:00:56.641Z" name="Terms query" time="1"/>
    <testcase id="2023-04-12T21:00:57.476Z" name="Prefix query" time="1"/>
    <testcase id="2023-04-12T21:00:58.308Z" name="Wildcard query" time="1"/>
    <testcase id="2023-04-12T21:00:59.159Z" name="Terms agg" time="1"/>
    <testcase id="2023-04-12T21:00:59.995Z" name="Sort" time="1"/>
    <testcase id="2023-04-12T21:01:00.828Z" name="Field retrieval" time="1"/>
  </testsuite>
  <testsuite id="2023-04-12T21:01:01.666Z" name="platinum/constant_keyword - /platinum/constant_keyword/20_dynamic_mapping.yml" time="1" tests="1" failures="0" skipped="0">
    <testcase id="2023-04-12T21:01:01.666Z" name="Dynamic mappings" time="1"/>
  </testsuite>
  <testsuite id="2023-04-12T21:01:02.467Z" name="platinum/data_streams - /platinum/data_streams/10_data_stream_resolvability.yml" time="7" tests="11" failures="0" skipped="11">
    <testcase id="2023-04-12T21:01:02.467Z" name="Verify data stream resolvability for xpack apis" time="1">
      <skipped>{
  "version": " - 7.8.99",
  "reason": "data streams available in 7.9+",
  "features": [
    "allowed_warnings"
  ]
}</skipped>
    </testcase>
    <testcase id="2023-04-12T21:01:03.085Z" name="Verify data stream resolvability in ilm explain api" time="1">
      <skipped>{
  "version": " - 7.8.99",
  "reason": "data streams available in 7.9+",
  "features": [
    "allowed_warnings"
  ]
}</skipped>
    </testcase>
    <testcase id="2023-04-12T21:01:03.695Z" name="Verify data stream resolvability rollup" time="1">
      <skipped>{
  "version": " - 7.8.99",
  "reason": "data streams available in 7.9+",
  "features": [
    "allowed_warnings"
  ]
}</skipped>
    </testcase>
    <testcase id="2023-04-12T21:01:04.328Z" name="Verify data stream resolvability in ILM remove policy API" time="1">
      <skipped>{
  "version": " - 7.8.99",
  "reason": "data streams available in 7.9+",
  "features": [
    "allowed_warnings"
  ]
}</skipped>
    </testcase>
    <testcase id="2023-04-12T21:01:04.961Z" name="Verify data stream resolvability for graph explore API" time="1">
      <skipped>{
  "version": " - 7.8.99",
  "reason": "data streams available in 7.9+",
  "features": [
    "allowed_warnings"
  ]
}</skipped>
    </testcase>
    <testcase id="2023-04-12T21:01:05.566Z" name="Verify data stream resolvability in migrations API" time="1">
      <skipped>{
  "version": " - 7.8.99",
  "reason": "data streams available in 7.9+",
  "features": [
    "allowed_warnings"
  ]
}</skipped>
    </testcase>
    <testcase id="2023-04-12T21:01:06.174Z" name="Verify data stream resolvability in async search" time="1">
      <skipped>{
  "version": " - 7.8.99",
  "reason": "data streams available in 7.9+",
  "features": [
    "allowed_warnings"
  ]
}</skipped>
    </testcase>
    <testcase id="2023-04-12T21:01:06.806Z" name="Verify data stream resolvability in rollup search" time="1">
      <skipped>{
  "version": " - 7.8.99",
  "reason": "data streams available in 7.9+",
  "features": [
    "allowed_warnings"
  ]
}</skipped>
    </testcase>
    <testcase id="2023-04-12T21:01:07.426Z" name="Verify data stream resolvability in EQL search API with no sequences" time="1">
      <skipped>{
  "version": " - 7.9.1",
  "reason": "EQL data stream resolution only properly works from 7.9.2",
  "features": [
    "allowed_warnings"
  ]
}</skipped>
    </testcase>
    <testcase id="2023-04-12T21:01:08.087Z" name="Verify data stream resolvability in EQL search API with sequences" time="1">
      <skipped>{
  "version": " - 7.9.99",
  "reason": "EQL data stream resolution with queries using sequences only properly works from 7.10.0 (when point-in-time is introduced)",
  "features": [
    "allowed_warnings"
  ]
}</skipped>
    </testcase>
    <testcase id="2023-04-12T21:01:08.758Z" name="Verify data stream resolvability in PIT searches" time="1">
      <skipped>{
  "version": " - 7.9.99",
  "reason": "Point-In-Time was introduced in 7.10.0",
  "features": [
    "allowed_warnings"
  ]
}</skipped>
    </testcase>
  </testsuite>
  <testsuite id="2023-04-12T21:01:09.471Z" name="platinum/deprecation - /platinum/deprecation/10_basic.yml" time="1" tests="2" failures="0" skipped="1">
    <testcase id="2023-04-12T21:01:09.471Z" name="Test Deprecations" time="1"/>
    <testcase id="2023-04-12T21:01:10.192Z" name="Test ml" time="1">
      <skipped>{
  "version": "7.0.0 - ",
  "features": [
    "headers",
    "warnings"
  ],
  "reason": "this test needs adjusting to contain syntax deprecated in 7.x and removed in 8.0"
}</skipped>
    </testcase>
  </testsuite>
  <testsuite id="2023-04-12T21:01:10.909Z" name="platinum/enrich - /platinum/enrich/10_basic.yml" time="1" tests="1" failures="0" skipped="0">
    <testcase id="2023-04-12T21:01:10.909Z" name="Test enrich crud apis" time="1"/>
  </testsuite>
  <testsuite id="2023-04-12T21:01:12.096Z" name="platinum/enrich - /platinum/enrich/20_standard_index.yml" time="1" tests="1" failures="0" skipped="0">
    <testcase id="2023-04-12T21:01:12.096Z" name="enrich documents over _bulk" time="1"/>
  </testsuite>
  <testsuite id="2023-04-12T21:01:13.437Z" name="platinum/enrich - /platinum/enrich/30_tsdb_index.yml" time="1" tests="1" failures="0" skipped="0">
    <testcase id="2023-04-12T21:01:13.437Z" name="enrich documents over _bulk" time="1"/>
  </testsuite>
  <testsuite id="2023-04-12T21:01:14.707Z" name="platinum/enrich - /platinum/enrich/40_synthetic_source.yml" time="1" tests="1" failures="0" skipped="0">
    <testcase id="2023-04-12T21:01:14.707Z" name="enrich documents over _bulk" time="1"/>
  </testsuite>
  <testsuite id="2023-04-12T21:01:15.946Z" name="platinum/eql - /platinum/eql/10_basic.yml" time="12" tests="16" failures="0" skipped="0">
    <testcase id="2023-04-12T21:01:15.946Z" name="Execute some EQL." time="1"/>
    <testcase id="2023-04-12T21:01:17.030Z" name="Execute EQL events query with fields filtering" time="1"/>
    <testcase id="2023-04-12T21:01:17.881Z" name="Execute EQL events query with wildcard (*) fields filtering." time="1"/>
    <testcase id="2023-04-12T21:01:18.630Z" name="Execute EQL events query with filter_path" time="1"/>
    <testcase id="2023-04-12T21:01:19.383Z" name="Execute EQL sequence with string key." time="1"/>
    <testcase id="2023-04-12T21:01:20.159Z" name="Execute EQL sequence with numeric key." time="1"/>
    <testcase id="2023-04-12T21:01:20.892Z" name="Execute EQL sequence by default ignores unavailable index." time="1"/>
    <testcase id="2023-04-12T21:01:21.648Z" name="Execute EQL sequence by default ignores unavailable index pattern." time="1"/>
    <testcase id="2023-04-12T21:01:22.389Z" name="Execute EQL sequence with boolean key." time="1"/>
    <testcase id="2023-04-12T21:01:23.127Z" name="Execute EQL sequence with fields filtering." time="1"/>
    <testcase id="2023-04-12T21:01:23.869Z" name="Execute EQL sequence with wildcard (*) fields filtering." time="1"/>
    <testcase id="2023-04-12T21:01:24.611Z" name="Execute EQL sequence with custom format for timestamp field." time="1"/>
    <testcase id="2023-04-12T21:01:25.356Z" name="Execute EQL sequence with filter_path" time="1"/>
    <testcase id="2023-04-12T21:01:26.098Z" name="Execute some EQL in async mode." time="1"/>
    <testcase id="2023-04-12T21:01:26.840Z" name="EQL status API" time="1"/>
    <testcase id="2023-04-12T21:01:27.577Z" name="Sequence checking correct join key ordering." time="1"/>
  </testsuite>
  <testsuite id="2023-04-12T21:01:28.304Z" name="platinum/eql - /platinum/eql/20_runtime_mappings.yml" time="4" tests="5" failures="0" skipped="0">
    <testcase id="2023-04-12T21:01:28.304Z" name="Execute EQL events query with search time keyword runtime field" time="1"/>
    <testcase id="2023-04-12T21:01:29.081Z" name="Execute EQL events query with search time ip runtime field" time="1"/>
    <testcase id="2023-04-12T21:01:29.850Z" name="Execute EQL events query with search time runtime field overriding mapping level runtime field" time="1"/>
    <testcase id="2023-04-12T21:01:30.653Z" name="Execute EQL sequence with search time runtime fields overriding mapping level runtime field" time="1"/>
    <testcase id="2023-04-12T21:01:31.490Z" name="Validate valid runtime mappings request" time="1"/>
  </testsuite>
  <testsuite id="2023-04-12T21:01:32.241Z" name="platinum/graph - /platinum/graph/10_basic.yml" time="1" tests="1" failures="0" skipped="0">
    <testcase id="2023-04-12T21:01:32.241Z" name="Test basic graph explore" time="1"/>
  </testsuite>
  <testsuite id="2023-04-12T21:01:33.014Z" name="platinum/health - /platinum/health/10_usage.yml" time="30" tests="1" failures="1" skipped="0">
    <testcase id="2023-04-12T21:01:33.014Z" name="Usage stats on the health API" time="30">
      <failure message="should be equal: undefined - 1, action: {&quot;health_api.statuses.green&quot;:1}" type="ERR_ASSERTION">AssertionError [ERR_ASSERTION]: should be equal: undefined - 1, action: {"health_api.statuses.green":1}
    at match (/home/joshmock/Code/elasticsearch-js/test/integration/test-runner.js:685:12)
    at exec (/home/joshmock/Code/elasticsearch-js/test/integration/test-runner.js:557:9)
    at process.processTicksAndRejections (node:internal/process/task_queues:95:5)
    at async Object.run (/home/joshmock/Code/elasticsearch-js/test/integration/test-runner.js:289:5)
    at async start (/home/joshmock/Code/elasticsearch-js/test/integration/index.js:324:11)</failure>
    </testcase>
  </testsuite>
  <testsuite id="2023-04-12T21:02:03.168Z" name="platinum/license - /platinum/license/20_put_license.yml" time="0" tests="9" failures="0" skipped="9">
    <testcase id="2023-04-12T21:02:03.168Z" name="Installing and getting license works" time="0">
      <skipped>This test is in the skip list of the client</skipped>
    </testcase>
    <testcase id="2023-04-12T21:02:03.168Z" name="Should revert back to basic license after license deletion" time="0">
      <skipped>This test is in the skip list of the client</skipped>
    </testcase>
    <testcase id="2023-04-12T21:02:03.168Z" name="Should install a feature type license" time="0">
      <skipped>This test is in the skip list of the client</skipped>
    </testcase>
    <testcase id="2023-04-12T21:02:03.168Z" name="Cannot start basic" time="0">
      <skipped>This test is in the skip list of the client</skipped>
    </testcase>
    <testcase id="2023-04-12T21:02:03.168Z" name="Should fail gracefully when body content is not provided" time="0">
      <skipped>This test is in the skip list of the client</skipped>
    </testcase>
    <testcase id="2023-04-12T21:02:03.168Z" name="Current license is trial means not eligle to start trial" time="0">
      <skipped>This test is in the skip list of the client</skipped>
    </testcase>
    <testcase id="2023-04-12T21:02:03.168Z" name="Trial license cannot be basic" time="0">
      <skipped>This test is in the skip list of the client</skipped>
    </testcase>
    <testcase id="2023-04-12T21:02:03.168Z" name="Can start basic license if do not already have basic" time="0">
      <skipped>This test is in the skip list of the client</skipped>
    </testcase>
    <testcase id="2023-04-12T21:02:03.168Z" name="Must acknowledge to start basic" time="0">
      <skipped>This test is in the skip list of the client</skipped>
    </testcase>
  </testsuite>
  <testsuite id="2023-04-12T21:02:03.169Z" name="platinum/license - /platinum/license/30_enterprise_license.yml" time="1" tests="1" failures="0" skipped="1">
    <testcase id="2023-04-12T21:02:03.169Z" name="Installing enterprise license" time="1">
      <skipped>{
  "features": [
    "warnings"
  ]
}</skipped>
    </testcase>
  </testsuite>
  <testsuite id="2023-04-12T21:02:03.970Z" name="platinum/ml - /platinum/ml/3rd_party_deployment.yml" time="12" tests="10" failures="4" skipped="1">
    <testcase id="2023-04-12T21:02:03.970Z" name="Test start deployment fails with missing model definition" time="2"/>
    <testcase id="2023-04-12T21:02:06.265Z" name="Test start and stop deployment with no cache" time="4"/>
    <testcase id="2023-04-12T21:02:10.217Z" name="Test start and stop deployment with cache" time="1">
      <skipped>{
  "features": [
    "allowed_warnings"
  ]
}</skipped>
    </testcase>
    <testcase id="2023-04-12T21:02:11.230Z" name="Test start and stop deployment with low priority" time="2"/>
    <testcase id="2023-04-12T21:02:12.737Z" name="Test start deployment with low priority and multiple allocations" time="1"/>
    <testcase id="2023-04-12T21:02:13.722Z" name="Test start deployment with low priority and multiple threads per allocation" time="1"/>
    <testcase id="2023-04-12T21:02:14.657Z" name="Test update deployment" time="1">
      <failure message="ifError got unwanted exception: parse_exception
	Root causes:
		parse_exception: request body is required" type="ERR_ASSERTION">AssertionError [ERR_ASSERTION]: ifError got unwanted exception: parse_exception
	Root causes:
		parse_exception: request body is required
    at doAction (/home/joshmock/Code/elasticsearch-js/test/integration/test-runner.js:518:14)
    at SniffingTransport.request (/home/joshmock/Code/elasticsearch-js/node_modules/@elastic/transport/lib/Transport.js:479:27)
    at process.processTicksAndRejections (node:internal/process/task_queues:95:5)
    at async Client.updateTrainedModelDeployment (/home/joshmock/Code/elasticsearch-js/lib/api/api/ml.js:1886:16)
    at async doAction (/home/joshmock/Code/elasticsearch-js/test/integration/test-runner.js:464:27)
    at async exec (/home/joshmock/Code/elasticsearch-js/test/integration/test-runner.js:541:9)
    at async Object.run (/home/joshmock/Code/elasticsearch-js/test/integration/test-runner.js:289:5)
    at async start (/home/joshmock/Code/elasticsearch-js/test/integration/index.js:324:11)</failure>
    </testcase>
    <testcase id="2023-04-12T21:02:15.237Z" name="Test clear deployment cache" time="0">
      <failure message="ifError got unwanted exception: resource_already_exists_exception
	Root causes:
		resource_already_exists_exception: Trained machine learning model [test_model] already exists" type="ERR_ASSERTION">AssertionError [ERR_ASSERTION]: ifError got unwanted exception: resource_already_exists_exception
	Root causes:
		resource_already_exists_exception: Trained machine learning model [test_model] already exists
    at doAction (/home/joshmock/Code/elasticsearch-js/test/integration/test-runner.js:518:14)
    at SniffingTransport.request (/home/joshmock/Code/elasticsearch-js/node_modules/@elastic/transport/lib/Transport.js:479:27)
    at process.processTicksAndRejections (node:internal/process/task_queues:95:5)
    at async Client.putTrainedModel (/home/joshmock/Code/elasticsearch-js/lib/api/api/ml.js:1439:16)
    at async doAction (/home/joshmock/Code/elasticsearch-js/test/integration/test-runner.js:464:27)
    at async exec (/home/joshmock/Code/elasticsearch-js/test/integration/test-runner.js:541:9)
    at async Object.run (/home/joshmock/Code/elasticsearch-js/test/integration/test-runner.js:287:16)
    at async start (/home/joshmock/Code/elasticsearch-js/test/integration/index.js:324:11)</failure>
    </testcase>
    <testcase id="2023-04-12T21:02:15.391Z" name="Test put model alias on pytorch model" time="0">
      <failure message="ifError got unwanted exception: resource_already_exists_exception
	Root causes:
		resource_already_exists_exception: Trained machine learning model [test_model] already exists" type="ERR_ASSERTION">AssertionError [ERR_ASSERTION]: ifError got unwanted exception: resource_already_exists_exception
	Root causes:
		resource_already_exists_exception: Trained machine learning model [test_model] already exists
    at doAction (/home/joshmock/Code/elasticsearch-js/test/integration/test-runner.js:518:14)
    at SniffingTransport.request (/home/joshmock/Code/elasticsearch-js/node_modules/@elastic/transport/lib/Transport.js:479:27)
    at process.processTicksAndRejections (node:internal/process/task_queues:95:5)
    at async Client.putTrainedModel (/home/joshmock/Code/elasticsearch-js/lib/api/api/ml.js:1439:16)
    at async doAction (/home/joshmock/Code/elasticsearch-js/test/integration/test-runner.js:464:27)
    at async exec (/home/joshmock/Code/elasticsearch-js/test/integration/test-runner.js:541:9)
    at async Object.run (/home/joshmock/Code/elasticsearch-js/test/integration/test-runner.js:287:16)
    at async start (/home/joshmock/Code/elasticsearch-js/test/integration/index.js:324:11)</failure>
    </testcase>
    <testcase id="2023-04-12T21:02:15.534Z" name="Test update model alias on pytorch model to undeployed model" time="0">
      <failure message="ifError got unwanted exception: resource_already_exists_exception
	Root causes:
		resource_already_exists_exception: Trained machine learning model [test_model] already exists" type="ERR_ASSERTION">AssertionError [ERR_ASSERTION]: ifError got unwanted exception: resource_already_exists_exception
	Root causes:
		resource_already_exists_exception: Trained machine learning model [test_model] already exists
    at doAction (/home/joshmock/Code/elasticsearch-js/test/integration/test-runner.js:518:14)
    at SniffingTransport.request (/home/joshmock/Code/elasticsearch-js/node_modules/@elastic/transport/lib/Transport.js:479:27)
    at process.processTicksAndRejections (node:internal/process/task_queues:95:5)
    at async Client.putTrainedModel (/home/joshmock/Code/elasticsearch-js/lib/api/api/ml.js:1439:16)
    at async doAction (/home/joshmock/Code/elasticsearch-js/test/integration/test-runner.js:464:27)
    at async exec (/home/joshmock/Code/elasticsearch-js/test/integration/test-runner.js:541:9)
    at async Object.run (/home/joshmock/Code/elasticsearch-js/test/integration/test-runner.js:287:16)
    at async start (/home/joshmock/Code/elasticsearch-js/test/integration/index.js:324:11)</failure>
    </testcase>
  </testsuite>
  <testsuite id="2023-04-12T21:02:15.668Z" name="platinum/ml - /platinum/ml/bucket_correlation_agg.yml" time="4" tests="5" failures="0" skipped="1">
    <testcase id="2023-04-12T21:02:15.668Z" name="Test correlation bucket agg simple" time="0">
      <skipped>This test is in the skip list of the client</skipped>
    </testcase>
    <testcase id="2023-04-12T21:02:15.668Z" name="Test correlation with missing buckets_path" time="1"/>
    <testcase id="2023-04-12T21:02:16.803Z" name="Test correlation with missing function" time="1"/>
    <testcase id="2023-04-12T21:02:17.751Z" name="Test correlation with pointing to missing agg" time="1"/>
    <testcase id="2023-04-12T21:02:18.696Z" name="Test correlation with pointing to mismatched lengths" time="1"/>
  </testsuite>
  <testsuite id="2023-04-12T21:02:19.620Z" name="platinum/ml - /platinum/ml/bucket_count_ks_test_agg.yml" time="5" tests="5" failures="0" skipped="0">
    <testcase id="2023-04-12T21:02:19.620Z" name="Test bucket count ks test bucket agg simple" time="1"/>
    <testcase id="2023-04-12T21:02:20.592Z" name="Test bucket count ks test bucket agg simple with fractions" time="1"/>
    <testcase id="2023-04-12T21:02:21.549Z" name="Test bucket count ks test with missing buckets_path" time="1"/>
    <testcase id="2023-04-12T21:02:22.482Z" name="Test bucket count ks test with empty alternatives" time="1"/>
    <testcase id="2023-04-12T21:02:23.415Z" name="Test correlation with pointing to missing agg" time="1"/>
  </testsuite>
  <testsuite id="2023-04-12T21:02:24.323Z" name="platinum/ml - /platinum/ml/calendar_crud.yml" time="25" tests="19" failures="0" skipped="0">
    <testcase id="2023-04-12T21:02:24.323Z" name="Test calendar CRUD" time="1"/>
    <testcase id="2023-04-12T21:02:25.748Z" name="Test get calendar given missing" time="1"/>
    <testcase id="2023-04-12T21:02:26.563Z" name="Test put calendar given id contains invalid chars" time="1"/>
    <testcase id="2023-04-12T21:02:27.374Z" name="Test PageParams" time="1"/>
    <testcase id="2023-04-12T21:02:28.274Z" name="Test PageParams with ID is invalid" time="1"/>
    <testcase id="2023-04-12T21:02:29.180Z" name="Test cannot overwrite an exisiting calendar" time="1"/>
    <testcase id="2023-04-12T21:02:30.122Z" name="Test cannot create calendar with name _all" time="1"/>
    <testcase id="2023-04-12T21:02:31.026Z" name="Test deleted job is removed from calendar" time="1"/>
    <testcase id="2023-04-12T21:02:32.276Z" name="Test update calendar job ids" time="1"/>
    <testcase id="2023-04-12T21:02:33.701Z" name="Test calendar get events" time="1"/>
    <testcase id="2023-04-12T21:02:34.850Z" name="Test delete calendar deletes events" time="1"/>
    <testcase id="2023-04-12T21:02:35.962Z" name="Test get all calendar events" time="1"/>
    <testcase id="2023-04-12T21:02:37.240Z" name="Test get calendar events for job" time="2"/>
    <testcase id="2023-04-12T21:02:38.814Z" name="Test get calendar events with job groups" time="2"/>
    <testcase id="2023-04-12T21:02:40.752Z" name="Test post calendar events given empty events" time="2"/>
    <testcase id="2023-04-12T21:02:42.343Z" name="Test delete event from non existing calendar" time="2"/>
    <testcase id="2023-04-12T21:02:44.187Z" name="Test delete job from non existing calendar" time="2"/>
    <testcase id="2023-04-12T21:02:46.006Z" name="Test list of job Ids" time="2"/>
    <testcase id="2023-04-12T21:02:48.402Z" name="Test calendar actions with new job group" time="1"/>
  </testsuite>
  <testsuite id="2023-04-12T21:02:49.503Z" name="platinum/ml - /platinum/ml/categorization_agg.yml" time="2" tests="3" failures="0" skipped="1">
    <testcase id="2023-04-12T21:02:49.503Z" name="Test categorization agg simple" time="1"/>
    <testcase id="2023-04-12T21:02:50.569Z" name="Test categorization aggregation against unsupported field" time="1"/>
    <testcase id="2023-04-12T21:02:51.597Z" name="Test categorization aggregation with poor settings" time="0">
      <skipped>This test is in the skip list of the client</skipped>
    </testcase>
  </testsuite>
  <testsuite id="2023-04-12T21:02:51.598Z" name="platinum/ml - /platinum/ml/change_point_agg.yml" time="6" tests="5" failures="0" skipped="0">
    <testcase id="2023-04-12T21:02:51.598Z" name="Test change_point agg simple" time="1"/>
    <testcase id="2023-04-12T21:02:52.723Z" name="Test change_point with missing buckets_path" time="1"/>
    <testcase id="2023-04-12T21:02:53.785Z" name="Test change_point with bad buckets_path" time="1"/>
    <testcase id="2023-04-12T21:02:54.893Z" name="Test change_point with too few buckets" time="1"/>
    <testcase id="2023-04-12T21:02:56.127Z" name="Test change_point with terms" time="1"/>
  </testsuite>
  <testsuite id="2023-04-12T21:02:57.435Z" name="platinum/ml - /platinum/ml/custom_all_field.yml" time="3" tests="2" failures="0" skipped="0">
    <testcase id="2023-04-12T21:02:57.435Z" name="Test querying custom all field" time="1"/>
    <testcase id="2023-04-12T21:02:58.867Z" name="Test wildcard job id" time="1"/>
  </testsuite>
  <testsuite id="2023-04-12T21:03:00.262Z" name="platinum/ml - /platinum/ml/data_frame_analytics_cat_apis.yml" time="5" tests="4" failures="0" skipped="0">
    <testcase id="2023-04-12T21:03:00.262Z" name="Test cat data frame analytics single job" time="1"/>
    <testcase id="2023-04-12T21:03:01.597Z" name="Test cat data frame analytics single job with header" time="1"/>
    <testcase id="2023-04-12T21:03:02.866Z" name="Test cat data frame analytics all jobs with header" time="1"/>
    <testcase id="2023-04-12T21:03:04.138Z" name="Test cat data frame analytics all jobs with header and column selection" time="1"/>
  </testsuite>
  <testsuite id="2023-04-12T21:03:05.393Z" name="platinum/ml - /platinum/ml/data_frame_analytics_crud.yml" time="81" tests="84" failures="0" skipped="1">
    <testcase id="2023-04-12T21:03:05.393Z" name="Test get-all and get-all-stats given no analytics exist" time="1"/>
    <testcase id="2023-04-12T21:03:06.464Z" name="Test put valid config with default outlier detection, query, and filter" time="1"/>
    <testcase id="2023-04-12T21:03:07.465Z" name="Test put config with security headers in the body" time="1"/>
    <testcase id="2023-04-12T21:03:08.374Z" name="Test put config with create_time in the body" time="1"/>
    <testcase id="2023-04-12T21:03:09.269Z" name="Test put config with version in the body" time="1"/>
    <testcase id="2023-04-12T21:03:10.185Z" name="Test put valid config with default outlier detection" time="1"/>
    <testcase id="2023-04-12T21:03:11.183Z" name="Test put valid config with custom outlier detection" time="1"/>
    <testcase id="2023-04-12T21:03:12.118Z" name="Test put config with inconsistent body/param ids" time="1"/>
    <testcase id="2023-04-12T21:03:13.044Z" name="Test put config with invalid id" time="1"/>
    <testcase id="2023-04-12T21:03:13.957Z" name="Test put config with invalid dest index name" time="1"/>
    <testcase id="2023-04-12T21:03:14.862Z" name="Test put config given dest index contains uppercase chars" time="1"/>
    <testcase id="2023-04-12T21:03:15.765Z" name="Test put config with pattern dest index name" time="1"/>
    <testcase id="2023-04-12T21:03:16.661Z" name="Test put config with missing concrete source index" time="1"/>
    <testcase id="2023-04-12T21:03:17.568Z" name="Test put config with missing wildcard source index" time="1"/>
    <testcase id="2023-04-12T21:03:18.569Z" name="Test put config with dest index same as source index" time="1"/>
    <testcase id="2023-04-12T21:03:19.467Z" name="Test put config with dest index matching multiple indices" time="1"/>
    <testcase id="2023-04-12T21:03:20.608Z" name="Test put config with dest index included in source via alias" time="1"/>
    <testcase id="2023-04-12T21:03:21.606Z" name="Test put config with remote source index" time="1"/>
    <testcase id="2023-04-12T21:03:22.514Z" name="Test put config with unknown top level field" time="1"/>
    <testcase id="2023-04-12T21:03:23.402Z" name="Test put config with unknown field in outlier detection analysis" time="1"/>
    <testcase id="2023-04-12T21:03:24.291Z" name="Test put config given missing source" time="1"/>
    <testcase id="2023-04-12T21:03:25.273Z" name="Test put config given source with empty index array" time="1"/>
    <testcase id="2023-04-12T21:03:26.259Z" name="Test put config given source with empty string in index array" time="1"/>
    <testcase id="2023-04-12T21:03:27.278Z" name="Test put config given source without index" time="1"/>
    <testcase id="2023-04-12T21:03:28.311Z" name="Test put config given missing dest" time="1"/>
    <testcase id="2023-04-12T21:03:29.286Z" name="Test put config given dest with empty index" time="1"/>
    <testcase id="2023-04-12T21:03:30.286Z" name="Test put config given dest without index" time="1"/>
    <testcase id="2023-04-12T21:03:31.280Z" name="Test put config given missing analysis" time="1"/>
    <testcase id="2023-04-12T21:03:32.269Z" name="Test put config given empty analysis" time="1"/>
    <testcase id="2023-04-12T21:03:33.263Z" name="Test get given multiple analytics" time="1"/>
    <testcase id="2023-04-12T21:03:34.414Z" name="Test get given missing analytics" time="1"/>
    <testcase id="2023-04-12T21:03:35.436Z" name="Test get given missing analytics and allow_no_match is false" time="1"/>
    <testcase id="2023-04-12T21:03:36.418Z" name="Test get given expression without matches and allow_no_match is false" time="1"/>
    <testcase id="2023-04-12T21:03:37.446Z" name="Test get given expression without matches and allow_no_match is true" time="1"/>
    <testcase id="2023-04-12T21:03:38.437Z" name="Test get stats given missing analytics" time="1"/>
    <testcase id="2023-04-12T21:03:39.415Z" name="Test get stats given missing analytics and allow_no_match is false" time="1"/>
    <testcase id="2023-04-12T21:03:40.437Z" name="Test get stats given expression without matches and allow_no_match is false" time="1"/>
    <testcase id="2023-04-12T21:03:41.368Z" name="Test get stats given expression without matches and allow_no_match is true" time="1"/>
    <testcase id="2023-04-12T21:03:42.269Z" name="Test get stats given multiple analytics" time="1"/>
    <testcase id="2023-04-12T21:03:43.319Z" name="Test get stats on newly created config" time="1"/>
    <testcase id="2023-04-12T21:03:44.248Z" name="Test delete given stopped config" time="1"/>
    <testcase id="2023-04-12T21:03:45.211Z" name="Test delete given missing config" time="1"/>
    <testcase id="2023-04-12T21:03:46.092Z" name="Test max model memory limit" time="1"/>
    <testcase id="2023-04-12T21:03:47.203Z" name="Test put outlier_detection given n_neighbors is negative" time="1"/>
    <testcase id="2023-04-12T21:03:48.088Z" name="Test put outlier_detection given n_neighbors is zero" time="1"/>
    <testcase id="2023-04-12T21:03:49.032Z" name="Test put outlier_detection given feature_influence_threshold is negative" time="1"/>
    <testcase id="2023-04-12T21:03:49.958Z" name="Test put outlier_detection given feature_influence_threshold is greater than one" time="1"/>
    <testcase id="2023-04-12T21:03:50.903Z" name="Test put outlier_detection given outlier_fraction is negative" time="1"/>
    <testcase id="2023-04-12T21:03:51.832Z" name="Test put outlier_detection given outlier_fraction is greater than one" time="1"/>
    <testcase id="2023-04-12T21:03:52.765Z" name="Test put regression given dependent_variable is not defined" time="1"/>
    <testcase id="2023-04-12T21:03:53.705Z" name="Test put regression given negative lambda" time="1"/>
    <testcase id="2023-04-12T21:03:54.626Z" name="Test put regression given negative gamma" time="1"/>
    <testcase id="2023-04-12T21:03:55.549Z" name="Test put regression given eta less than 1e-3" time="1"/>
    <testcase id="2023-04-12T21:03:56.455Z" name="Test put regression given eta greater than one" time="1"/>
    <testcase id="2023-04-12T21:03:57.378Z" name="Test put regression given max_trees is zero" time="1"/>
    <testcase id="2023-04-12T21:03:58.297Z" name="Test put regression given max_trees is greater than 2k" time="1"/>
    <testcase id="2023-04-12T21:03:59.282Z" name="Test put regression given feature_bag_fraction is negative" time="1"/>
    <testcase id="2023-04-12T21:04:00.385Z" name="Test put regression given feature_bag_fraction is greater than one" time="1"/>
    <testcase id="2023-04-12T21:04:01.428Z" name="Test put regression given training_percent is less than zero" time="1"/>
    <testcase id="2023-04-12T21:04:02.493Z" name="Test put regression given training_percent is greater than hundred" time="1"/>
    <testcase id="2023-04-12T21:04:03.557Z" name="Test put regression given loss_function_parameter is zero" time="1"/>
    <testcase id="2023-04-12T21:04:04.610Z" name="Test put regression given loss_function_parameter is negative" time="1"/>
    <testcase id="2023-04-12T21:04:05.685Z" name="Test put regression given valid" time="1"/>
    <testcase id="2023-04-12T21:04:06.799Z" name="Test put classification given dependent_variable is not defined" time="1"/>
    <testcase id="2023-04-12T21:04:07.896Z" name="Test put classification given negative lambda" time="1"/>
    <testcase id="2023-04-12T21:04:08.921Z" name="Test put classification given negative gamma" time="1"/>
    <testcase id="2023-04-12T21:04:09.944Z" name="Test put classification given eta less than 1e-3" time="1"/>
    <testcase id="2023-04-12T21:04:10.955Z" name="Test put classification given eta greater than one" time="1"/>
    <testcase id="2023-04-12T21:04:11.844Z" name="Test put classification given max_trees is zero" time="1"/>
    <testcase id="2023-04-12T21:04:12.744Z" name="Test put classification given max_trees is greater than 2k" time="1"/>
    <testcase id="2023-04-12T21:04:13.628Z" name="Test put classification given feature_bag_fraction is negative" time="1"/>
    <testcase id="2023-04-12T21:04:14.509Z" name="Test put classification given feature_bag_fraction is greater than one" time="1"/>
    <testcase id="2023-04-12T21:04:15.428Z" name="Test put classification given num_top_classes is less than minus one" time="1"/>
    <testcase id="2023-04-12T21:04:16.343Z" name="Test put classification given num_top_classes is greater than 1k" time="1"/>
    <testcase id="2023-04-12T21:04:17.243Z" name="Test put classification given training_percent is less than zero" time="1"/>
    <testcase id="2023-04-12T21:04:18.135Z" name="Test put classification given training_percent is greater than hundred" time="1"/>
    <testcase id="2023-04-12T21:04:19.024Z" name="Test put classification given valid" time="1"/>
    <testcase id="2023-04-12T21:04:20.013Z" name="Test put classification given deprecated maximum_number_trees" time="1">
      <skipped>{
  "features": [
    "allowed_warnings"
  ]
}</skipped>
    </testcase>
    <testcase id="2023-04-12T21:04:20.912Z" name="Test put with description" time="1"/>
    <testcase id="2023-04-12T21:04:21.879Z" name="Test put config given analyzed_fields include field excluded by source" time="1"/>
    <testcase id="2023-04-12T21:04:22.804Z" name="Test update given all updatable settings" time="1"/>
    <testcase id="2023-04-12T21:04:23.766Z" name="Test update given missing analytics" time="1"/>
    <testcase id="2023-04-12T21:04:24.677Z" name="Test GET config for export" time="1"/>
    <testcase id="2023-04-12T21:04:25.660Z" name="Test put with runtime mappings" time="1"/>
  </testsuite>
  <testsuite id="2023-04-12T21:04:26.597Z" name="platinum/ml - /platinum/ml/datafeed_cat_apis.yml" time="1" tests="1" failures="0" skipped="0">
    <testcase id="2023-04-12T21:04:26.597Z" name="Test cat datafeeds" time="1"/>
  </testsuite>
  <testsuite id="2023-04-12T21:04:28.080Z" name="platinum/ml - /platinum/ml/datafeeds_crud.yml" time="27" tests="22" failures="0" skipped="4">
    <testcase id="2023-04-12T21:04:28.080Z" name="Test get all datafeeds and stats given no datafeed exists" time="1"/>
    <testcase id="2023-04-12T21:04:29.357Z" name="Test get datafeed with expression that does not match and allow_no_match" time="1">
      <skipped>{
  "features": [
    "warnings"
  ]
}</skipped>
    </testcase>
    <testcase id="2023-04-12T21:04:30.614Z" name="Test get datafeed with expression that does not match and not allow_no_match" time="1">
      <skipped>{
  "features": [
    "warnings"
  ]
}</skipped>
    </testcase>
    <testcase id="2023-04-12T21:04:31.811Z" name="Test put datafeed referring to missing job_id" time="1"/>
    <testcase id="2023-04-12T21:04:33.027Z" name="Test put datafeed with security headers in the body" time="1"/>
    <testcase id="2023-04-12T21:04:34.225Z" name="Test put datafeed referring to existing job_id" time="1"/>
    <testcase id="2023-04-12T21:04:35.509Z" name="Test put datafeed whose id is already taken" time="1"/>
    <testcase id="2023-04-12T21:04:36.791Z" name="Test put datafeed with job_id that is already used by another datafeed" time="1"/>
    <testcase id="2023-04-12T21:04:38.122Z" name="Test put datafeed with invalid query" time="1"/>
    <testcase id="2023-04-12T21:04:39.392Z" name="Test update datafeed" time="1"/>
    <testcase id="2023-04-12T21:04:40.733Z" name="Test update datafeed to point to different job" time="1"/>
    <testcase id="2023-04-12T21:04:42.019Z" name="Test update datafeed with missing id" time="1"/>
    <testcase id="2023-04-12T21:04:43.290Z" name="Test update datafeed to point to missing job" time="1"/>
    <testcase id="2023-04-12T21:04:44.399Z" name="Test update datafeed to point to job already attached to another datafeed" time="1"/>
    <testcase id="2023-04-12T21:04:45.542Z" name="Test delete datafeed with missing id" time="1"/>
    <testcase id="2023-04-12T21:04:46.616Z" name="Test put datafeed with chunking_config" time="1"/>
    <testcase id="2023-04-12T21:04:47.788Z" name="Test put datafeed with aggregations" time="1"/>
    <testcase id="2023-04-12T21:04:48.907Z" name="Test delete datafeed" time="1"/>
    <testcase id="2023-04-12T21:04:50.065Z" name="Test force delete datafeed" time="1"/>
    <testcase id="2023-04-12T21:04:51.206Z" name="Test put and update datafeed with indices options" time="1">
      <skipped>{
  "features": [
    "warnings"
  ]
}</skipped>
    </testcase>
    <testcase id="2023-04-12T21:04:52.347Z" name="Test put and update datafeed with indices options in params" time="1">
      <skipped>{
  "features": [
    "warnings"
  ]
}</skipped>
    </testcase>
    <testcase id="2023-04-12T21:04:53.471Z" name="Test get datafeed for export" time="1"/>
  </testsuite>
  <testsuite id="2023-04-12T21:04:54.602Z" name="platinum/ml - /platinum/ml/delete_expired_data.yml" time="5" tests="4" failures="0" skipped="0">
    <testcase id="2023-04-12T21:04:54.602Z" name="Test delete expired data with no body" time="1"/>
    <testcase id="2023-04-12T21:04:55.710Z" name="Test delete expired data with body parameters" time="1"/>
    <testcase id="2023-04-12T21:04:56.857Z" name="Test delete expired data with path parameters" time="1"/>
    <testcase id="2023-04-12T21:04:58.012Z" name="Test delete expired data with unknown job id" time="1"/>
  </testsuite>
  <testsuite id="2023-04-12T21:04:59.117Z" name="platinum/ml - /platinum/ml/delete_forecast.yml" time="3" tests="4" failures="0" skipped="0">
    <testcase id="2023-04-12T21:04:59.117Z" name="Test delete forecast on missing forecast" time="1"/>
    <testcase id="2023-04-12T21:04:59.938Z" name="Test delete on _all forecasts not allow no forecasts" time="1"/>
    <testcase id="2023-04-12T21:05:00.747Z" name="Test delete on _all forecasts" time="1"/>
    <testcase id="2023-04-12T21:05:01.606Z" name="Test delete all where no forecast_id is set" time="1"/>
  </testsuite>
  <testsuite id="2023-04-12T21:05:02.510Z" name="platinum/ml - /platinum/ml/delete_job_force.yml" time="6" tests="5" failures="0" skipped="1">
    <testcase id="2023-04-12T21:05:02.510Z" name="Test force delete a closed job" time="1"/>
    <testcase id="2023-04-12T21:05:03.843Z" name="Test force delete an open job" time="2"/>
    <testcase id="2023-04-12T21:05:05.534Z" name="Test cannot force delete a non-existent job" time="1"/>
    <testcase id="2023-04-12T21:05:06.867Z" name="Test force delete job that is referred by a datafeed" time="1"/>
    <testcase id="2023-04-12T21:05:08.210Z" name="Test force delete an open job that is referred by a started datafeed" time="0">
      <skipped>This test is in the skip list of the client</skipped>
    </testcase>
  </testsuite>
  <testsuite id="2023-04-12T21:05:08.210Z" name="platinum/ml - /platinum/ml/delete_model_snapshot.yml" time="3" tests="3" failures="0" skipped="0">
    <testcase id="2023-04-12T21:05:08.210Z" name="Test delete snapshot missing snapshotId" time="1"/>
    <testcase id="2023-04-12T21:05:09.114Z" name="Test delete snapshot missing job_id" time="1"/>
    <testcase id="2023-04-12T21:05:10.181Z" name="Test with unknown job id" time="1"/>
  </testsuite>
  <testsuite id="2023-04-12T21:05:11.090Z" name="platinum/ml - /platinum/ml/estimate_model_memory.yml" time="15" tests="17" failures="0" skipped="0">
    <testcase id="2023-04-12T21:05:11.090Z" name="Test by field" time="1"/>
    <testcase id="2023-04-12T21:05:12.002Z" name="Test by field also influencer" time="1"/>
    <testcase id="2023-04-12T21:05:12.928Z" name="Test by field with independent influencer" time="1"/>
    <testcase id="2023-04-12T21:05:13.801Z" name="Test over field" time="1"/>
    <testcase id="2023-04-12T21:05:15.210Z" name="Test over field also influencer" time="1"/>
    <testcase id="2023-04-12T21:05:16.029Z" name="Test over field with independent influencer" time="1"/>
    <testcase id="2023-04-12T21:05:16.833Z" name="Test partition field" time="1"/>
    <testcase id="2023-04-12T21:05:17.633Z" name="Test partition field also influencer" time="1"/>
    <testcase id="2023-04-12T21:05:18.420Z" name="Test partition field with independent influencer" time="1"/>
    <testcase id="2023-04-12T21:05:19.225Z" name="Test by and partition field" time="1"/>
    <testcase id="2023-04-12T21:05:20.157Z" name="Test by and partition fields also influencers" time="1"/>
    <testcase id="2023-04-12T21:05:20.979Z" name="Test by and partition fields with independent influencer" time="1"/>
    <testcase id="2023-04-12T21:05:21.798Z" name="Test over and partition field" time="1"/>
    <testcase id="2023-04-12T21:05:22.606Z" name="Test over and partition fields also influencers" time="1"/>
    <testcase id="2023-04-12T21:05:23.392Z" name="Test over and partition fields with independent influencer" time="1"/>
    <testcase id="2023-04-12T21:05:24.192Z" name="Test missing overall cardinality" time="1"/>
    <testcase id="2023-04-12T21:05:25.100Z" name="Test missing max bucket cardinality" time="1"/>
  </testsuite>
  <testsuite id="2023-04-12T21:05:25.934Z" name="platinum/ml - /platinum/ml/evaluate_data_frame.yml" time="0" tests="46" failures="0" skipped="46">
    <testcase id="2023-04-12T21:05:25.934Z" name="Test outlier_detection auc_roc" time="0">
      <skipped>This test is in the skip list of the client</skipped>
    </testcase>
    <testcase id="2023-04-12T21:05:25.934Z" name="Test outlier_detection auc_roc given actual_field is int" time="0">
      <skipped>This test is in the skip list of the client</skipped>
    </testcase>
    <testcase id="2023-04-12T21:05:25.934Z" name="Test outlier_detection auc_roc include curve" time="0">
      <skipped>This test is in the skip list of the client</skipped>
    </testcase>
    <testcase id="2023-04-12T21:05:25.934Z" name="Test outlier_detection auc_roc given actual_field is always true" time="0">
      <skipped>This test is in the skip list of the client</skipped>
    </testcase>
    <testcase id="2023-04-12T21:05:25.934Z" name="Test outlier_detection auc_roc given actual_field is always false" time="0">
      <skipped>This test is in the skip list of the client</skipped>
    </testcase>
    <testcase id="2023-04-12T21:05:25.934Z" name="Test outlier_detection precision" time="0">
      <skipped>This test is in the skip list of the client</skipped>
    </testcase>
    <testcase id="2023-04-12T21:05:25.934Z" name="Test outlier_detection recall" time="0">
      <skipped>This test is in the skip list of the client</skipped>
    </testcase>
    <testcase id="2023-04-12T21:05:25.934Z" name="Test outlier_detection confusion_matrix" time="0">
      <skipped>This test is in the skip list of the client</skipped>
    </testcase>
    <testcase id="2023-04-12T21:05:25.934Z" name="Test outlier_detection with query" time="0">
      <skipped>This test is in the skip list of the client</skipped>
    </testcase>
    <testcase id="2023-04-12T21:05:25.934Z" name="Test outlier_detection default metrics" time="0">
      <skipped>This test is in the skip list of the client</skipped>
    </testcase>
    <testcase id="2023-04-12T21:05:25.934Z" name="Test given missing index" time="0">
      <skipped>This test is in the skip list of the client</skipped>
    </testcase>
    <testcase id="2023-04-12T21:05:25.934Z" name="Test given index does not exist" time="0">
      <skipped>This test is in the skip list of the client</skipped>
    </testcase>
    <testcase id="2023-04-12T21:05:25.935Z" name="Test given missing evaluation" time="0">
      <skipped>This test is in the skip list of the client</skipped>
    </testcase>
    <testcase id="2023-04-12T21:05:25.935Z" name="Test outlier_detection given evaluation with empty metrics" time="0">
      <skipped>This test is in the skip list of the client</skipped>
    </testcase>
    <testcase id="2023-04-12T21:05:25.935Z" name="Test outlier_detection given missing actual_field" time="0">
      <skipped>This test is in the skip list of the client</skipped>
    </testcase>
    <testcase id="2023-04-12T21:05:25.935Z" name="Test outlier_detection given missing predicted_probability_field" time="0">
      <skipped>This test is in the skip list of the client</skipped>
    </testcase>
    <testcase id="2023-04-12T21:05:25.935Z" name="Test outlier_detection given precision with threshold less than zero" time="0">
      <skipped>This test is in the skip list of the client</skipped>
    </testcase>
    <testcase id="2023-04-12T21:05:25.935Z" name="Test outlier_detection given recall with threshold less than zero" time="0">
      <skipped>This test is in the skip list of the client</skipped>
    </testcase>
    <testcase id="2023-04-12T21:05:25.935Z" name="Test outlier_detection given confusion_matrix with threshold less than zero" time="0">
      <skipped>This test is in the skip list of the client</skipped>
    </testcase>
    <testcase id="2023-04-12T21:05:25.935Z" name="Test outlier_detection given precision with empty thresholds" time="0">
      <skipped>This test is in the skip list of the client</skipped>
    </testcase>
    <testcase id="2023-04-12T21:05:25.935Z" name="Test outlier_detection given recall with empty thresholds" time="0">
      <skipped>This test is in the skip list of the client</skipped>
    </testcase>
    <testcase id="2023-04-12T21:05:25.935Z" name="Test outlier_detection given confusion_matrix with empty thresholds" time="0">
      <skipped>This test is in the skip list of the client</skipped>
    </testcase>
    <testcase id="2023-04-12T21:05:25.935Z" name="Test classification given evaluation with empty metrics" time="0">
      <skipped>This test is in the skip list of the client</skipped>
    </testcase>
    <testcase id="2023-04-12T21:05:25.935Z" name="Test classification auc_roc with missing class_name" time="0">
      <skipped>This test is in the skip list of the client</skipped>
    </testcase>
    <testcase id="2023-04-12T21:05:25.935Z" name="Test classification auc_roc given actual_field is never equal to fish" time="0">
      <skipped>This test is in the skip list of the client</skipped>
    </testcase>
    <testcase id="2023-04-12T21:05:25.935Z" name="Test classification auc_roc given predicted_class_field is never equal to mouse" time="0">
      <skipped>This test is in the skip list of the client</skipped>
    </testcase>
    <testcase id="2023-04-12T21:05:25.935Z" name="Test classification auc_roc" time="0">
      <skipped>This test is in the skip list of the client</skipped>
    </testcase>
    <testcase id="2023-04-12T21:05:25.935Z" name="Test classification auc_roc with default top_classes_field" time="0">
      <skipped>This test is in the skip list of the client</skipped>
    </testcase>
    <testcase id="2023-04-12T21:05:25.935Z" name="Test classification accuracy with missing predicted_field" time="0">
      <skipped>This test is in the skip list of the client</skipped>
    </testcase>
    <testcase id="2023-04-12T21:05:25.935Z" name="Test classification accuracy" time="0">
      <skipped>This test is in the skip list of the client</skipped>
    </testcase>
    <testcase id="2023-04-12T21:05:25.935Z" name="Test classification precision" time="0">
      <skipped>This test is in the skip list of the client</skipped>
    </testcase>
    <testcase id="2023-04-12T21:05:25.935Z" name="Test classification recall" time="0">
      <skipped>This test is in the skip list of the client</skipped>
    </testcase>
    <testcase id="2023-04-12T21:05:25.935Z" name="Test classification multiclass_confusion_matrix" time="0">
      <skipped>This test is in the skip list of the client</skipped>
    </testcase>
    <testcase id="2023-04-12T21:05:25.935Z" name="Test classification multiclass_confusion_matrix with explicit size" time="0">
      <skipped>This test is in the skip list of the client</skipped>
    </testcase>
    <testcase id="2023-04-12T21:05:25.935Z" name="Test classification with null metrics" time="0">
      <skipped>This test is in the skip list of the client</skipped>
    </testcase>
    <testcase id="2023-04-12T21:05:25.935Z" name="Test classification given missing actual_field" time="0">
      <skipped>This test is in the skip list of the client</skipped>
    </testcase>
    <testcase id="2023-04-12T21:05:25.935Z" name="Test classification given missing predicted_field" time="0">
      <skipped>This test is in the skip list of the client</skipped>
    </testcase>
    <testcase id="2023-04-12T21:05:25.935Z" name="Test classification given missing top_classes_field" time="0">
      <skipped>This test is in the skip list of the client</skipped>
    </testcase>
    <testcase id="2023-04-12T21:05:25.935Z" name="Test regression given evaluation with empty metrics" time="0">
      <skipped>This test is in the skip list of the client</skipped>
    </testcase>
    <testcase id="2023-04-12T21:05:25.935Z" name="Test regression mean_squared_error" time="0">
      <skipped>This test is in the skip list of the client</skipped>
    </testcase>
    <testcase id="2023-04-12T21:05:25.935Z" name="Test regression mean_squared_logarithmic_error" time="0">
      <skipped>This test is in the skip list of the client</skipped>
    </testcase>
    <testcase id="2023-04-12T21:05:25.935Z" name="Test regression huber" time="0">
      <skipped>This test is in the skip list of the client</skipped>
    </testcase>
    <testcase id="2023-04-12T21:05:25.935Z" name="Test regression r_squared" time="0">
      <skipped>This test is in the skip list of the client</skipped>
    </testcase>
    <testcase id="2023-04-12T21:05:25.935Z" name="Test regression with null metrics" time="0">
      <skipped>This test is in the skip list of the client</skipped>
    </testcase>
    <testcase id="2023-04-12T21:05:25.935Z" name="Test regression given missing actual_field" time="0">
      <skipped>This test is in the skip list of the client</skipped>
    </testcase>
    <testcase id="2023-04-12T21:05:25.935Z" name="Test regression given missing predicted_field" time="0">
      <skipped>This test is in the skip list of the client</skipped>
    </testcase>
  </testsuite>
  <testsuite id="2023-04-12T21:05:25.936Z" name="platinum/ml - /platinum/ml/explain_data_frame_analytics.yml" time="9" tests="9" failures="0" skipped="0">
    <testcase id="2023-04-12T21:05:25.936Z" name="Test neither job id nor body" time="1"/>
    <testcase id="2023-04-12T21:05:26.770Z" name="Test both job id and body" time="1"/>
    <testcase id="2023-04-12T21:05:27.570Z" name="Test missing job" time="1"/>
    <testcase id="2023-04-12T21:05:28.376Z" name="Test id that matches multiple jobs" time="1"/>
    <testcase id="2023-04-12T21:05:29.393Z" name="Test empty data frame given body" time="1"/>
    <testcase id="2023-04-12T21:05:30.476Z" name="Test non-empty data frame given body" time="1"/>
    <testcase id="2023-04-12T21:05:31.755Z" name="Test field_selection given body" time="1"/>
    <testcase id="2023-04-12T21:05:32.722Z" name="Test field_selection given job" time="1"/>
    <testcase id="2023-04-12T21:05:33.837Z" name="Test given no included field" time="1"/>
  </testsuite>
  <testsuite id="2023-04-12T21:05:34.851Z" name="platinum/ml - /platinum/ml/filter_crud.yml" time="0" tests="14" failures="0" skipped="14">
    <testcase id="2023-04-12T21:05:34.851Z" name="Test get filter API with bad ID" time="0">
      <skipped>This test is in the skip list of the client</skipped>
    </testcase>
    <testcase id="2023-04-12T21:05:34.851Z" name="Test get filter API" time="0">
      <skipped>This test is in the skip list of the client</skipped>
    </testcase>
    <testcase id="2023-04-12T21:05:34.851Z" name="Test get filters API" time="0">
      <skipped>This test is in the skip list of the client</skipped>
    </testcase>
    <testcase id="2023-04-12T21:05:34.851Z" name="Test get filters API with expression ID" time="0">
      <skipped>This test is in the skip list of the client</skipped>
    </testcase>
    <testcase id="2023-04-12T21:05:34.851Z" name="Test create filter given invalid filter_id" time="0">
      <skipped>This test is in the skip list of the client</skipped>
    </testcase>
    <testcase id="2023-04-12T21:05:34.851Z" name="Test create filter api" time="0">
      <skipped>This test is in the skip list of the client</skipped>
    </testcase>
    <testcase id="2023-04-12T21:05:34.851Z" name="Test create filter api with mismatching body ID" time="0">
      <skipped>This test is in the skip list of the client</skipped>
    </testcase>
    <testcase id="2023-04-12T21:05:34.851Z" name="Test update filter given no filter matches filter_id" time="0">
      <skipped>This test is in the skip list of the client</skipped>
    </testcase>
    <testcase id="2023-04-12T21:05:34.851Z" name="Test update filter" time="0">
      <skipped>This test is in the skip list of the client</skipped>
    </testcase>
    <testcase id="2023-04-12T21:05:34.851Z" name="Test update filter given remove item is not present" time="0">
      <skipped>This test is in the skip list of the client</skipped>
    </testcase>
    <testcase id="2023-04-12T21:05:34.851Z" name="Test delete in-use filter" time="0">
      <skipped>This test is in the skip list of the client</skipped>
    </testcase>
    <testcase id="2023-04-12T21:05:34.851Z" name="Test non-existing filter" time="0">
      <skipped>This test is in the skip list of the client</skipped>
    </testcase>
    <testcase id="2023-04-12T21:05:34.851Z" name="Test valid delete filter" time="0">
      <skipped>This test is in the skip list of the client</skipped>
    </testcase>
    <testcase id="2023-04-12T21:05:34.851Z" name="Test get all filter given no filter exists" time="0">
      <skipped>This test is in the skip list of the client</skipped>
    </testcase>
  </testsuite>
  <testsuite id="2023-04-12T21:05:34.851Z" name="platinum/ml - /platinum/ml/forecast.yml" time="8" tests="7" failures="0" skipped="1">
    <testcase id="2023-04-12T21:05:34.851Z" name="Test forecast unknown job" time="1">
      <skipped>{
  "reason": "https://github.com/elastic/elasticsearch/issues/34747",
  "version": "6.5.0 - "
}</skipped>
    </testcase>
    <testcase id="2023-04-12T21:05:36.204Z" name="Test forecast on closed job" time="1"/>
    <testcase id="2023-04-12T21:05:37.397Z" name="Test forecast given duration is zero" time="1"/>
    <testcase id="2023-04-12T21:05:38.511Z" name="Test forecast given duration is negative" time="1"/>
    <testcase id="2023-04-12T21:05:39.649Z" name="Test forecast given duration is too large" time="1"/>
    <testcase id="2023-04-12T21:05:40.912Z" name="Test forecast given expires_in is negative" time="1"/>
    <testcase id="2023-04-12T21:05:42.080Z" name="Test forecast given max_model_memory is too large" time="1"/>
  </testsuite>
  <testsuite id="2023-04-12T21:05:43.150Z" name="platinum/ml - /platinum/ml/frequent_item_sets_agg.yml" time="15" tests="13" failures="0" skipped="1">
    <testcase id="2023-04-12T21:05:43.150Z" name="Test frequent item sets array fields" time="1"/>
    <testcase id="2023-04-12T21:05:44.430Z" name="Test frequent item sets date format" time="1"/>
    <testcase id="2023-04-12T21:05:45.755Z" name="Test frequent item sets date format 2" time="1"/>
    <testcase id="2023-04-12T21:05:47.067Z" name="Test frequent item sets array fields profile" time="1"/>
    <testcase id="2023-04-12T21:05:48.251Z" name="Test frequent item sets flattened fields" time="1"/>
    <testcase id="2023-04-12T21:05:49.437Z" name="Test frequent item sets as subagg" time="1"/>
    <testcase id="2023-04-12T21:05:50.490Z" name="Test frequent item sets as multi-bucket subagg" time="1"/>
    <testcase id="2023-04-12T21:05:51.687Z" name="Test frequent item sets filter" time="1"/>
    <testcase id="2023-04-12T21:05:52.791Z" name="Test frequent item sets exclude" time="1"/>
    <testcase id="2023-04-12T21:05:53.880Z" name="Test frequent item sets include" time="1"/>
    <testcase id="2023-04-12T21:05:54.925Z" name="Test frequent item sets unsupported types" time="1"/>
    <testcase id="2023-04-12T21:05:56.113Z" name="Test frequent item sets unsupported subaggs" time="1"/>
    <testcase id="2023-04-12T21:05:57.197Z" name="Test deprecated frequent items" time="1">
      <skipped>{
  "features": [
    "allowed_warnings"
  ]
}</skipped>
    </testcase>
  </testsuite>
  <testsuite id="2023-04-12T21:05:58.243Z" name="platinum/ml - /platinum/ml/get_datafeed_stats.yml" time="0" tests="10" failures="0" skipped="10">
    <testcase id="2023-04-12T21:05:58.243Z" name="Test get datafeed stats given missing datafeed_id" time="0">
      <skipped>This test is in the skip list of the client</skipped>
    </testcase>
    <testcase id="2023-04-12T21:05:58.243Z" name="Test get datafeed stats with expression that does not match and allow_no_match" time="0">
      <skipped>This test is in the skip list of the client</skipped>
    </testcase>
    <testcase id="2023-04-12T21:05:58.243Z" name="Test get datafeed stats with expression that does not match and not allow_no_match" time="0">
      <skipped>This test is in the skip list of the client</skipped>
    </testcase>
    <testcase id="2023-04-12T21:05:58.243Z" name="Test get single datafeed stats" time="0">
      <skipped>This test is in the skip list of the client</skipped>
    </testcase>
    <testcase id="2023-04-12T21:05:58.243Z" name="Test get stats for started datafeed" time="0">
      <skipped>This test is in the skip list of the client</skipped>
    </testcase>
    <testcase id="2023-04-12T21:05:58.243Z" name="Test get stats for started datafeed contains timing stats" time="0">
      <skipped>This test is in the skip list of the client</skipped>
    </testcase>
    <testcase id="2023-04-12T21:05:58.243Z" name="Test implicit get all datafeed stats given started datafeeds" time="0">
      <skipped>This test is in the skip list of the client</skipped>
    </testcase>
    <testcase id="2023-04-12T21:05:58.243Z" name="Test explicit get all datafeed stats given stopped datafeeds" time="0">
      <skipped>This test is in the skip list of the client</skipped>
    </testcase>
    <testcase id="2023-04-12T21:05:58.244Z" name="Test implicit get all datafeed stats given stopped datafeeds" time="0">
      <skipped>This test is in the skip list of the client</skipped>
    </testcase>
    <testcase id="2023-04-12T21:05:58.244Z" name="Test get datafeed stats when total_search_time_ms mapping is missing" time="0">
      <skipped>This test is in the skip list of the client</skipped>
    </testcase>
  </testsuite>
  <testsuite id="2023-04-12T21:05:58.244Z" name="platinum/ml - /platinum/ml/get_datafeeds.yml" time="5" tests="4" failures="0" skipped="0">
    <testcase id="2023-04-12T21:05:58.244Z" name="Test get datafeed given missing datafeed_id" time="1"/>
    <testcase id="2023-04-12T21:05:59.395Z" name="Test get single datafeed" time="1"/>
    <testcase id="2023-04-12T21:06:00.484Z" name="Test explicit get all datafeeds" time="1"/>
    <testcase id="2023-04-12T21:06:01.655Z" name="Test implicit get all datafeeds" time="1"/>
  </testsuite>
  <testsuite id="2023-04-12T21:06:02.750Z" name="platinum/ml - /platinum/ml/get_memory_stats.yml" time="2" tests="3" failures="0" skipped="0">
    <testcase id="2023-04-12T21:06:02.750Z" name="ML memory all nodes" time="1"/>
    <testcase id="2023-04-12T21:06:03.560Z" name="ML memory for ML nodes" time="1"/>
    <testcase id="2023-04-12T21:06:04.348Z" name="ML memory for specific node" time="1"/>
  </testsuite>
  <testsuite id="2023-04-12T21:06:05.145Z" name="platinum/ml - /platinum/ml/get_model_snapshots.yml" time="11" tests="8" failures="0" skipped="0">
    <testcase id="2023-04-12T21:06:05.146Z" name="Test get model snapshots API with no params" time="1"/>
    <testcase id="2023-04-12T21:06:06.496Z" name="Test get model snapshots API with _all" time="1"/>
    <testcase id="2023-04-12T21:06:07.840Z" name="Test get specific model snapshot" time="1"/>
    <testcase id="2023-04-12T21:06:09.162Z" name="Test get model snapshots API with start/end" time="1"/>
    <testcase id="2023-04-12T21:06:10.441Z" name="Test get model snapshots API with ascending" time="2"/>
    <testcase id="2023-04-12T21:06:11.982Z" name="Test get model snapshots API with size" time="1"/>
    <testcase id="2023-04-12T21:06:13.393Z" name="Test get model snapshots API with from" time="1"/>
    <testcase id="2023-04-12T21:06:14.800Z" name="Test with unknown job id" time="2"/>
  </testsuite>
  <testsuite id="2023-04-12T21:06:16.456Z" name="platinum/ml - /platinum/ml/get_trained_model_stats.yml" time="0" tests="4" failures="0" skipped="4">
    <testcase id="2023-04-12T21:06:16.456Z" name="Test get stats given missing trained model" time="0">
      <skipped>{
  "features": [
    "headers",
    "allowed_warnings"
  ]
}</skipped>
    </testcase>
    <testcase id="2023-04-12T21:06:16.456Z" name="Test get stats given expression without matches and allow_no_match is false" time="0">
      <skipped>{
  "features": [
    "headers",
    "allowed_warnings"
  ]
}</skipped>
    </testcase>
    <testcase id="2023-04-12T21:06:16.456Z" name="Test get stats given expression without matches and allow_no_match is true" time="0">
      <skipped>{
  "features": [
    "headers",
    "allowed_warnings"
  ]
}</skipped>
    </testcase>
    <testcase id="2023-04-12T21:06:16.456Z" name="Test get stats given trained models" time="0">
      <skipped>{
  "features": [
    "headers",
    "allowed_warnings"
  ]
}</skipped>
    </testcase>
  </testsuite>
  <testsuite id="2023-04-12T21:06:16.460Z" name="platinum/ml - /platinum/ml/inference_crud.yml" time="0" tests="32" failures="0" skipped="32">
    <testcase id="2023-04-12T21:06:16.461Z" name="Test get given missing trained model" time="0">
      <skipped>This test is in the skip list of the client</skipped>
    </testcase>
    <testcase id="2023-04-12T21:06:16.461Z" name="Test get given expression without matches and allow_no_match is false" time="0">
      <skipped>This test is in the skip list of the client</skipped>
    </testcase>
    <testcase id="2023-04-12T21:06:16.461Z" name="Test get given expression without matches and allow_no_match is true" time="0">
      <skipped>This test is in the skip list of the client</skipped>
    </testcase>
    <testcase id="2023-04-12T21:06:16.461Z" name="Test get models" time="0">
      <skipped>This test is in the skip list of the client</skipped>
    </testcase>
    <testcase id="2023-04-12T21:06:16.461Z" name="Test get models with tags" time="0">
      <skipped>This test is in the skip list of the client</skipped>
    </testcase>
    <testcase id="2023-04-12T21:06:16.461Z" name="Test delete given unused trained model" time="0">
      <skipped>This test is in the skip list of the client</skipped>
    </testcase>
    <testcase id="2023-04-12T21:06:16.461Z" name="Test delete with missing model" time="0">
      <skipped>This test is in the skip list of the client</skipped>
    </testcase>
    <testcase id="2023-04-12T21:06:16.461Z" name="Test delete given model referenced by pipeline" time="0">
      <skipped>This test is in the skip list of the client</skipped>
    </testcase>
    <testcase id="2023-04-12T21:06:16.461Z" name="Test force delete given model referenced by pipeline" time="0">
      <skipped>This test is in the skip list of the client</skipped>
    </testcase>
    <testcase id="2023-04-12T21:06:16.461Z" name="Test delete given model with alias referenced by pipeline" time="0">
      <skipped>This test is in the skip list of the client</skipped>
    </testcase>
    <testcase id="2023-04-12T21:06:16.461Z" name="Test force delete given model with alias referenced by pipeline" time="0">
      <skipped>This test is in the skip list of the client</skipped>
    </testcase>
    <testcase id="2023-04-12T21:06:16.461Z" name="Test get pre-packaged trained models" time="0">
      <skipped>This test is in the skip list of the client</skipped>
    </testcase>
    <testcase id="2023-04-12T21:06:16.461Z" name="Test put ensemble with single node and empty feature_names" time="0">
      <skipped>This test is in the skip list of the client</skipped>
    </testcase>
    <testcase id="2023-04-12T21:06:16.461Z" name="Test put ensemble with empty models" time="0">
      <skipped>This test is in the skip list of the client</skipped>
    </testcase>
    <testcase id="2023-04-12T21:06:16.461Z" name="Test put ensemble with tree where tree has out of bounds feature_names index" time="0">
      <skipped>This test is in the skip list of the client</skipped>
    </testcase>
    <testcase id="2023-04-12T21:06:16.461Z" name="Test put model with empty input.field_names" time="0">
      <skipped>This test is in the skip list of the client</skipped>
    </testcase>
    <testcase id="2023-04-12T21:06:16.461Z" name="Test put model" time="0">
      <skipped>This test is in the skip list of the client</skipped>
    </testcase>
    <testcase id="2023-04-12T21:06:16.461Z" name="Test PUT model where target type and inference config mismatch" time="0">
      <skipped>This test is in the skip list of the client</skipped>
    </testcase>
    <testcase id="2023-04-12T21:06:16.461Z" name="Test exclude_generated flag" time="0">
      <skipped>This test is in the skip list of the client</skipped>
    </testcase>
    <testcase id="2023-04-12T21:06:16.461Z" name="Test deprecation of include model definition param" time="0">
      <skipped>This test is in the skip list of the client</skipped>
    </testcase>
    <testcase id="2023-04-12T21:06:16.461Z" name="Test put model model aliases" time="0">
      <skipped>This test is in the skip list of the client</skipped>
    </testcase>
    <testcase id="2023-04-12T21:06:16.461Z" name="Test update model alias with model id referring to missing model" time="0">
      <skipped>This test is in the skip list of the client</skipped>
    </testcase>
    <testcase id="2023-04-12T21:06:16.461Z" name="Test update model alias with bad alias" time="0">
      <skipped>This test is in the skip list of the client</skipped>
    </testcase>
    <testcase id="2023-04-12T21:06:16.461Z" name="Test update model alias where alias exists but old model id is different inference type" time="0">
      <skipped>This test is in the skip list of the client</skipped>
    </testcase>
    <testcase id="2023-04-12T21:06:16.461Z" name="Test update model alias where alias exists but reassign is false" time="0">
      <skipped>This test is in the skip list of the client</skipped>
    </testcase>
    <testcase id="2023-04-12T21:06:16.461Z" name="Test delete model alias" time="0">
      <skipped>This test is in the skip list of the client</skipped>
    </testcase>
    <testcase id="2023-04-12T21:06:16.461Z" name="Test delete model alias with missing alias" time="0">
      <skipped>This test is in the skip list of the client</skipped>
    </testcase>
    <testcase id="2023-04-12T21:06:16.461Z" name="Test delete model alias where alias points to different model" time="0">
      <skipped>This test is in the skip list of the client</skipped>
    </testcase>
    <testcase id="2023-04-12T21:06:16.461Z" name="Test put with defer_definition_decompression with invalid compressed definition" time="0">
      <skipped>This test is in the skip list of the client</skipped>
    </testcase>
    <testcase id="2023-04-12T21:06:16.461Z" name="Test put with defer_definition_decompression with invalid compression definition and no memory estimate" time="0">
      <skipped>This test is in the skip list of the client</skipped>
    </testcase>
    <testcase id="2023-04-12T21:06:16.461Z" name="Test put with defer_definition_decompression with invalid definition and no memory estimate" time="0">
      <skipped>This test is in the skip list of the client</skipped>
    </testcase>
    <testcase id="2023-04-12T21:06:16.461Z" name="Test put nlp model config with vocabulary set" time="0">
      <skipped>This test is in the skip list of the client</skipped>
    </testcase>
  </testsuite>
  <testsuite id="2023-04-12T21:06:16.462Z" name="platinum/ml - /platinum/ml/inference_processor.yml" time="3" tests="2" failures="0" skipped="0">
    <testcase id="2023-04-12T21:06:16.462Z" name="Test create processor with missing mandatory fields" time="2"/>
    <testcase id="2023-04-12T21:06:18.353Z" name="Test simulate" time="1"/>
  </testsuite>
  <testsuite id="2023-04-12T21:06:19.312Z" name="platinum/ml - /platinum/ml/job_cat_apis.yml" time="2" tests="1" failures="0" skipped="1">
    <testcase id="2023-04-12T21:06:19.312Z" name="Test cat anomaly detector jobs" time="2">
      <skipped>{
  "features": [
    "warnings"
  ]
}</skipped>
    </testcase>
  </testsuite>
  <testsuite id="2023-04-12T21:06:20.993Z" name="platinum/ml - /platinum/ml/job_groups.yml" time="11" tests="8" failures="0" skipped="0">
    <testcase id="2023-04-12T21:06:20.993Z" name="Test put job with id that matches an existing group" time="1"/>
    <testcase id="2023-04-12T21:06:22.301Z" name="Test put job with group that matches an job id" time="1"/>
    <testcase id="2023-04-12T21:06:23.580Z" name="Test put job with group that matches its id" time="1"/>
    <testcase id="2023-04-12T21:06:24.808Z" name="Test put job with empty group" time="1"/>
    <testcase id="2023-04-12T21:06:26.058Z" name="Test put job with invalid group" time="1"/>
    <testcase id="2023-04-12T21:06:27.358Z" name="Test get job API" time="1"/>
    <testcase id="2023-04-12T21:06:28.668Z" name="Test get job stats API" time="1"/>
    <testcase id="2023-04-12T21:06:29.933Z" name="Test close job API" time="2"/>
  </testsuite>
  <testsuite id="2023-04-12T21:06:31.922Z" name="platinum/ml - /platinum/ml/jobs_crud.yml" time="47" tests="40" failures="0" skipped="8">
    <testcase id="2023-04-12T21:06:31.922Z" name="Test get all jobs and stats given no job exists" time="1"/>
    <testcase id="2023-04-12T21:06:32.796Z" name="Test get jobs with expression that does not match and allow_no_match" time="1">
      <skipped>{
  "features": [
    "warnings"
  ]
}</skipped>
    </testcase>
    <testcase id="2023-04-12T21:06:33.674Z" name="Test get jobs with expression that does not match and not allow_no_match" time="1">
      <skipped>{
  "features": [
    "warnings"
  ]
}</skipped>
    </testcase>
    <testcase id="2023-04-12T21:06:34.463Z" name="Test put job deprecated bucket span" time="1">
      <skipped>{
  "features": [
    "warnings"
  ]
}</skipped>
    </testcase>
    <testcase id="2023-04-12T21:06:35.279Z" name="Test job crud apis" time="2"/>
    <testcase id="2023-04-12T21:06:36.849Z" name="Test put job with model_memory_limit as number" time="1"/>
    <testcase id="2023-04-12T21:06:37.888Z" name="Test put job with model_prune_window" time="1">
      <skipped>{
  "features": [
    "warnings"
  ]
}</skipped>
    </testcase>
    <testcase id="2023-04-12T21:06:38.685Z" name="Test put job with model_memory_limit as string and lazy open" time="1"/>
    <testcase id="2023-04-12T21:06:39.812Z" name="Test get job API with non existing job id" time="1"/>
    <testcase id="2023-04-12T21:06:40.632Z" name="Test put job with inconsistent model snapshot settings" time="1"/>
    <testcase id="2023-04-12T21:06:41.936Z" name="Test put job with inconsistent body/param ids" time="1"/>
    <testcase id="2023-04-12T21:06:42.802Z" name="Test put job with id that is already taken" time="1"/>
    <testcase id="2023-04-12T21:06:43.858Z" name="Test update job" time="2"/>
    <testcase id="2023-04-12T21:06:45.540Z" name="Test delete job that does not exist" time="2"/>
    <testcase id="2023-04-12T21:06:47.073Z" name="Test delete job that is referred by a datafeed" time="1"/>
    <testcase id="2023-04-12T21:06:48.375Z" name="Test delete job that is opened" time="2"/>
    <testcase id="2023-04-12T21:06:50.025Z" name="Test close job" time="2"/>
    <testcase id="2023-04-12T21:06:52.178Z" name="Test closing a closed job isn't an error" time="2"/>
    <testcase id="2023-04-12T21:06:53.772Z" name="Test close all jobs" time="2"/>
    <testcase id="2023-04-12T21:06:55.313Z" name="Test close jobs with expression that matches" time="2"/>
    <testcase id="2023-04-12T21:06:57.611Z" name="Test close jobs with expression that does not match and allow_no_match" time="1">
      <skipped>{
  "features": [
    "warnings"
  ]
}</skipped>
    </testcase>
    <testcase id="2023-04-12T21:06:58.746Z" name="Test close jobs with expression that does not match and not allow_no_match" time="1">
      <skipped>{
  "features": [
    "warnings"
  ]
}</skipped>
    </testcase>
    <testcase id="2023-04-12T21:06:59.715Z" name="Test force close job" time="1"/>
    <testcase id="2023-04-12T21:07:01.154Z" name="Test force closing a closed job isn't an error" time="1"/>
    <testcase id="2023-04-12T21:07:02.522Z" name="Test open and close an unknown job is resource not found" time="1"/>
    <testcase id="2023-04-12T21:07:03.368Z" name="Test cannot create job with model snapshot id set" time="1"/>
    <testcase id="2023-04-12T21:07:04.156Z" name="Test put job with time field in analysis_config" time="1"/>
    <testcase id="2023-04-12T21:07:04.988Z" name="Test put job with duplicate detector configurations" time="1"/>
    <testcase id="2023-04-12T21:07:05.796Z" name="Test put job with datafeed" time="1"/>
    <testcase id="2023-04-12T21:07:06.813Z" name="Test get job with datafeed" time="1"/>
    <testcase id="2023-04-12T21:07:07.882Z" name="Test put job with datafeed with indices options in params" time="1">
      <skipped>{
  "features": [
    "warnings"
  ]
}</skipped>
    </testcase>
    <testcase id="2023-04-12T21:07:08.701Z" name="Test max model memory limit" time="1"/>
    <testcase id="2023-04-12T21:07:09.883Z" name="Test jobs with named and custom categorization_analyzer" time="1"/>
    <testcase id="2023-04-12T21:07:10.924Z" name="Test job with categorization_analyzer and categorization_filters" time="1"/>
    <testcase id="2023-04-12T21:07:11.713Z" name="Test job with rules" time="1"/>
    <testcase id="2023-04-12T21:07:12.733Z" name="Test function shortcut expansion" time="1"/>
    <testcase id="2023-04-12T21:07:13.712Z" name="Test open job when persistent task allocation disabled" time="2"/>
    <testcase id="2023-04-12T21:07:15.227Z" name="Test reopen job resets the finished time" time="2"/>
    <testcase id="2023-04-12T21:07:16.847Z" name="Test close job with body params" time="1">
      <skipped>{
  "features": [
    "warnings"
  ]
}</skipped>
    </testcase>
    <testcase id="2023-04-12T21:07:17.773Z" name="Test job with rule referencing missing filter" time="1"/>
  </testsuite>
  <testsuite id="2023-04-12T21:07:18.932Z" name="platinum/ml - /platinum/ml/jobs_get.yml" time="7" tests="5" failures="0" skipped="0">
    <testcase id="2023-04-12T21:07:18.932Z" name="Test get job given missing job_id" time="1"/>
    <testcase id="2023-04-12T21:07:20.358Z" name="Test get single job" time="1"/>
    <testcase id="2023-04-12T21:07:21.655Z" name="Test explicit get all jobs" time="1"/>
    <testcase id="2023-04-12T21:07:22.969Z" name="Test implicit get all jobs" time="1"/>
    <testcase id="2023-04-12T21:07:24.272Z" name="Test get job for export" time="1"/>
  </testsuite>
  <testsuite id="2023-04-12T21:07:25.715Z" name="platinum/ml - /platinum/ml/jobs_get_result_buckets.yml" time="14" tests="12" failures="0" skipped="0">
    <testcase id="2023-04-12T21:07:25.715Z" name="Test result buckets api with time range" time="1"/>
    <testcase id="2023-04-12T21:07:26.931Z" name="Test result buckets api" time="1"/>
    <testcase id="2023-04-12T21:07:28.170Z" name="Test get buckets with paging" time="2"/>
    <testcase id="2023-04-12T21:07:29.917Z" name="Test get buckets with paging in body" time="1"/>
    <testcase id="2023-04-12T21:07:31.157Z" name="Test get buckets given exclude_interim is false" time="1"/>
    <testcase id="2023-04-12T21:07:32.340Z" name="Test get buckets given exclude_interim is true" time="1"/>
    <testcase id="2023-04-12T21:07:33.385Z" name="Test result single bucket api" time="1"/>
    <testcase id="2023-04-12T21:07:34.440Z" name="Test result single bucket api with empty body" time="1"/>
    <testcase id="2023-04-12T21:07:35.582Z" name="Test mutually-exclusive params" time="1"/>
    <testcase id="2023-04-12T21:07:36.628Z" name="Test mutually-exclusive params via body" time="1"/>
    <testcase id="2023-04-12T21:07:37.722Z" name="Test with unknown job id" time="1"/>
    <testcase id="2023-04-12T21:07:38.817Z" name="Test get buckets with sort field and secondary sort by time" time="1"/>
  </testsuite>
  <testsuite id="2023-04-12T21:07:40.046Z" name="platinum/ml - /platinum/ml/jobs_get_result_categories.yml" time="11" tests="8" failures="0" skipped="0">
    <testcase id="2023-04-12T21:07:40.046Z" name="Test result categories api" time="1"/>
    <testcase id="2023-04-12T21:07:41.247Z" name="Test get categories with pagination" time="1"/>
    <testcase id="2023-04-12T21:07:42.456Z" name="Test post get categories with pagination" time="1"/>
    <testcase id="2023-04-12T21:07:43.624Z" name="Test get category by id" time="2"/>
    <testcase id="2023-04-12T21:07:45.335Z" name="Test get category by partition" time="1"/>
    <testcase id="2023-04-12T21:07:46.493Z" name="Test with invalid param combinations" time="1"/>
    <testcase id="2023-04-12T21:07:47.678Z" name="Test with invalid param combinations via body" time="1"/>
    <testcase id="2023-04-12T21:07:48.839Z" name="Test with unknown job id" time="2"/>
  </testsuite>
  <testsuite id="2023-04-12T21:07:50.639Z" name="platinum/ml - /platinum/ml/jobs_get_result_influencers.yml" time="12" tests="9" failures="0" skipped="0">
    <testcase id="2023-04-12T21:07:50.639Z" name="Test result influencers api" time="1"/>
    <testcase id="2023-04-12T21:07:51.739Z" name="Test get influencers with paging" time="1"/>
    <testcase id="2023-04-12T21:07:52.905Z" name="Test get influencers with paging in body" time="1"/>
    <testcase id="2023-04-12T21:07:54.152Z" name="Test get influencers given exclude_interim false" time="1"/>
    <testcase id="2023-04-12T21:07:55.520Z" name="Test get influencers given exclude_interim true" time="1"/>
    <testcase id="2023-04-12T21:07:56.773Z" name="Test result influencers api with time range" time="1"/>
    <testcase id="2023-04-12T21:07:57.985Z" name="Test with unknown job id" time="1"/>
    <testcase id="2023-04-12T21:07:59.222Z" name="Test get influencers api with influencer score filter" time="2"/>
    <testcase id="2023-04-12T21:08:01.066Z" name="Test get influencers api sort" time="1"/>
  </testsuite>
  <testsuite id="2023-04-12T21:08:02.274Z" name="platinum/ml - /platinum/ml/jobs_get_result_overall_buckets.yml" time="0" tests="20" failures="0" skipped="20">
    <testcase id="2023-04-12T21:08:02.274Z" name="Test overall buckets given missing job" time="0">
      <skipped>{
  "features": [
    "warnings",
    "headers"
  ]
}</skipped>
    </testcase>
    <testcase id="2023-04-12T21:08:02.274Z" name="Test overall buckets given non-matching expression and allow_no_match" time="0">
      <skipped>{
  "features": [
    "warnings",
    "headers"
  ]
}</skipped>
    </testcase>
    <testcase id="2023-04-12T21:08:02.274Z" name="Test overall buckets given non-matching expression and not allow_no_match" time="0">
      <skipped>{
  "features": [
    "warnings",
    "headers"
  ]
}</skipped>
    </testcase>
    <testcase id="2023-04-12T21:08:02.274Z" name="Test overall buckets given top_n is 0" time="0">
      <skipped>{
  "features": [
    "warnings",
    "headers"
  ]
}</skipped>
    </testcase>
    <testcase id="2023-04-12T21:08:02.275Z" name="Test overall buckets given top_n is negative" time="0">
      <skipped>{
  "features": [
    "warnings",
    "headers"
  ]
}</skipped>
    </testcase>
    <testcase id="2023-04-12T21:08:02.275Z" name="Test overall buckets given default" time="0">
      <skipped>{
  "features": [
    "warnings",
    "headers"
  ]
}</skipped>
    </testcase>
    <testcase id="2023-04-12T21:08:02.275Z" name="Test overall buckets given top_n is 2" time="0">
      <skipped>{
  "features": [
    "warnings",
    "headers"
  ]
}</skipped>
    </testcase>
    <testcase id="2023-04-12T21:08:02.275Z" name="Test overall buckets given top_n is 3" time="0">
      <skipped>{
  "features": [
    "warnings",
    "headers"
  ]
}</skipped>
    </testcase>
    <testcase id="2023-04-12T21:08:02.275Z" name="Test overall buckets given top_n is greater than the job count" time="0">
      <skipped>{
  "features": [
    "warnings",
    "headers"
  ]
}</skipped>
    </testcase>
    <testcase id="2023-04-12T21:08:02.275Z" name="Test overall buckets given overall_score filter" time="0">
      <skipped>{
  "features": [
    "warnings",
    "headers"
  ]
}</skipped>
    </testcase>
    <testcase id="2023-04-12T21:08:02.275Z" name="Test overall buckets given exclude_interim" time="0">
      <skipped>{
  "features": [
    "warnings",
    "headers"
  ]
}</skipped>
    </testcase>
    <testcase id="2023-04-12T21:08:02.275Z" name="Test overall buckets given string start and end params" time="0">
      <skipped>{
  "features": [
    "warnings",
    "headers"
  ]
}</skipped>
    </testcase>
    <testcase id="2023-04-12T21:08:02.275Z" name="Test overall buckets given epoch start and end params" time="0">
      <skipped>This test is in the skip list of the client</skipped>
    </testcase>
    <testcase id="2023-04-12T21:08:02.275Z" name="Test overall buckets given invalid start param" time="0">
      <skipped>{
  "features": [
    "warnings",
    "headers"
  ]
}</skipped>
    </testcase>
    <testcase id="2023-04-12T21:08:02.275Z" name="Test overall buckets given invalid end param" time="0">
      <skipped>{
  "features": [
    "warnings",
    "headers"
  ]
}</skipped>
    </testcase>
    <testcase id="2023-04-12T21:08:02.275Z" name="Test overall buckets given bucket_span" time="0">
      <skipped>{
  "features": [
    "warnings",
    "headers"
  ]
}</skipped>
    </testcase>
    <testcase id="2023-04-12T21:08:02.275Z" name="Test overall buckets given bucket_span and top_n is 2" time="0">
      <skipped>{
  "features": [
    "warnings",
    "headers"
  ]
}</skipped>
    </testcase>
    <testcase id="2023-04-12T21:08:02.275Z" name="Test overall buckets given bucket_span and overall_score filter" time="0">
      <skipped>{
  "features": [
    "warnings",
    "headers"
  ]
}</skipped>
    </testcase>
    <testcase id="2023-04-12T21:08:02.275Z" name="Test overall buckets given no matching jobs" time="0">
      <skipped>{
  "features": [
    "warnings",
    "headers"
  ]
}</skipped>
    </testcase>
    <testcase id="2023-04-12T21:08:02.275Z" name="Test overall buckets given bucket_span is smaller than max job bucket_span" time="0">
      <skipped>{
  "features": [
    "warnings",
    "headers"
  ]
}</skipped>
    </testcase>
  </testsuite>
  <testsuite id="2023-04-12T21:08:02.276Z" name="platinum/ml - /platinum/ml/jobs_get_result_records.yml" time="8" tests="7" failures="0" skipped="0">
    <testcase id="2023-04-12T21:08:02.276Z" name="Test result records api" time="1"/>
    <testcase id="2023-04-12T21:08:03.541Z" name="Test get records with paging" time="1"/>
    <testcase id="2023-04-12T21:08:04.845Z" name="Test get records with paging in body" time="1"/>
    <testcase id="2023-04-12T21:08:06.210Z" name="Test get records given exclude_interim is false" time="1"/>
    <testcase id="2023-04-12T21:08:07.294Z" name="Test get records given exclude_interim is true" time="1"/>
    <testcase id="2023-04-12T21:08:08.313Z" name="Test result records api with time range" time="1"/>
    <testcase id="2023-04-12T21:08:09.346Z" name="Test with unknown job id" time="1"/>
  </testsuite>
  <testsuite id="2023-04-12T21:08:10.378Z" name="platinum/ml - /platinum/ml/jobs_get_stats.yml" time="21" tests="12" failures="0" skipped="6">
    <testcase id="2023-04-12T21:08:10.378Z" name="Test get job stats after uploading data prompting the creation of some stats" time="2">
      <skipped>{
  "features": [
    "warnings"
  ]
}</skipped>
    </testcase>
    <testcase id="2023-04-12T21:08:12.213Z" name="Test get job stats for closed job" time="2">
      <skipped>{
  "features": [
    "warnings"
  ]
}</skipped>
    </testcase>
    <testcase id="2023-04-12T21:08:13.821Z" name="Test get job stats of datafeed job that has not received any data" time="2"/>
    <testcase id="2023-04-12T21:08:15.456Z" name="Test get all job stats with _all" time="2"/>
    <testcase id="2023-04-12T21:08:17.166Z" name="Test get all job stats with wildcard" time="2"/>
    <testcase id="2023-04-12T21:08:18.756Z" name="Test get all job stats implicitly" time="2"/>
    <testcase id="2023-04-12T21:08:20.381Z" name="Test get job stats given missing job" time="2"/>
    <testcase id="2023-04-12T21:08:22.182Z" name="Test get job stats given pattern and allow_no_match" time="2">
      <skipped>{
  "features": [
    "warnings"
  ]
}</skipped>
    </testcase>
    <testcase id="2023-04-12T21:08:23.800Z" name="Test get job stats given pattern and not allow_no_match" time="2">
      <skipped>{
  "features": [
    "warnings"
  ]
}</skipped>
    </testcase>
    <testcase id="2023-04-12T21:08:25.621Z" name="Test reading v54 data counts and model size stats" time="2"/>
    <testcase id="2023-04-12T21:08:27.756Z" name="Test no exception on get job stats with missing index" time="2">
      <skipped>{
  "features": [
    "warnings"
  ]
}</skipped>
    </testcase>
    <testcase id="2023-04-12T21:08:29.714Z" name="Test closed results index" time="2">
      <skipped>{
  "features": [
    "warnings"
  ]
}</skipped>
    </testcase>
  </testsuite>
  <testsuite id="2023-04-12T21:08:31.666Z" name="platinum/ml - /platinum/ml/ml_anomalies_default_mappings.yml" time="3" tests="2" failures="0" skipped="0">
    <testcase id="2023-04-12T21:08:31.666Z" name="Test new fields are mapped as keyword" time="1"/>
    <testcase id="2023-04-12T21:08:32.916Z" name="Test _meta exists when two jobs share an index" time="1"/>
  </testsuite>
  <testsuite id="2023-04-12T21:08:34.202Z" name="platinum/ml - /platinum/ml/ml_classic_analyze.yml" time="1" tests="1" failures="0" skipped="0">
    <testcase id="2023-04-12T21:08:34.202Z" name="Test analyze API with an analyzer that does what we used to do in native code" time="1"/>
  </testsuite>
  <testsuite id="2023-04-12T21:08:35.135Z" name="platinum/ml - /platinum/ml/ml_info.yml" time="1" tests="1" failures="0" skipped="0">
    <testcase id="2023-04-12T21:08:35.135Z" name="Test ml info" time="1"/>
  </testsuite>
  <testsuite id="2023-04-12T21:08:36.171Z" name="platinum/ml - /platinum/ml/ml_standard_analyze.yml" time="4" tests="5" failures="0" skipped="0">
    <testcase id="2023-04-12T21:08:36.171Z" name="Test analyze API with the standard 7.16 ML analyzer" time="1"/>
    <testcase id="2023-04-12T21:08:37.156Z" name="Test 7.16 analyzer with blank lines" time="1"/>
    <testcase id="2023-04-12T21:08:38.044Z" name="Test 7.16 analyzer with multiple multiline messages" time="1"/>
    <testcase id="2023-04-12T21:08:38.893Z" name="Test 7.16 analyzer with stop words in messages" time="1"/>
    <testcase id="2023-04-12T21:08:39.715Z" name="Test 7.16 analyzer with stop words in messages and strange lines without letters" time="1"/>
  </testsuite>
  <testsuite id="2023-04-12T21:08:40.511Z" name="platinum/ml - /platinum/ml/p_value_significant_term_score.yml" time="1" tests="1" failures="0" skipped="1">
    <testcase id="2023-04-12T21:08:40.511Z" name="Test p_value significant terms score" time="1">
      <skipped>{
  "features": [
    "close_to"
  ]
}</skipped>
    </testcase>
  </testsuite>
  <testsuite id="2023-04-12T21:08:41.472Z" name="platinum/ml - /platinum/ml/pipeline_inference.yml" time="1" tests="1" failures="0" skipped="0">
    <testcase id="2023-04-12T21:08:41.472Z" name="Test setting results field is invalid" time="1"/>
  </testsuite>
  <testsuite id="2023-04-12T21:08:42.396Z" name="platinum/ml - /platinum/ml/post_data.yml" time="10" tests="7" failures="0" skipped="5">
    <testcase id="2023-04-12T21:08:42.396Z" name="Test POST data job api, flush, close and verify DataCounts doc" time="2">
      <skipped>{
  "features": [
    "warnings"
  ]
}</skipped>
    </testcase>
    <testcase id="2023-04-12T21:08:43.959Z" name="Test flush and close job WITHOUT sending any data" time="1"/>
    <testcase id="2023-04-12T21:08:45.340Z" name="Test flush with skip_time" time="1">
      <skipped>{
  "features": [
    "warnings"
  ]
}</skipped>
    </testcase>
    <testcase id="2023-04-12T21:08:46.757Z" name="Test POST data with invalid parameters" time="2">
      <skipped>{
  "reason": "https://github.com/elastic/elasticsearch/issues/34747",
  "version": "6.5.0 - ",
  "features": [
    "warnings"
  ]
}</skipped>
    </testcase>
    <testcase id="2023-04-12T21:08:48.318Z" name="Test Flush data with invalid parameters" time="1">
      <skipped>{
  "reason": "https://github.com/elastic/elasticsearch/issues/34747",
  "version": "6.5.0 - "
}</skipped>
    </testcase>
    <testcase id="2023-04-12T21:08:49.781Z" name="Test open and close with non-existent job id" time="2"/>
    <testcase id="2023-04-12T21:08:51.298Z" name="Test flushing and posting a closed job" time="1">
      <skipped>{
  "features": [
    "warnings"
  ]
}</skipped>
    </testcase>
  </testsuite>
  <testsuite id="2023-04-12T21:08:52.696Z" name="platinum/ml - /platinum/ml/preview_data_frame_analytics.yml" time="6" tests="6" failures="0" skipped="0">
    <testcase id="2023-04-12T21:08:52.696Z" name="Test neither job id nor body" time="1"/>
    <testcase id="2023-04-12T21:08:53.651Z" name="Test both job id and body" time="1"/>
    <testcase id="2023-04-12T21:08:54.484Z" name="Test missing job" time="1"/>
    <testcase id="2023-04-12T21:08:55.353Z" name="Test id that matches multiple jobs" time="1"/>
    <testcase id="2023-04-12T21:08:56.434Z" name="Test feature preview given body" time="1"/>
    <testcase id="2023-04-12T21:08:57.446Z" name="Test feature preview given job" time="1"/>
  </testsuite>
  <testsuite id="2023-04-12T21:08:58.729Z" name="platinum/ml - /platinum/ml/preview_datafeed.yml" time="0" tests="13" failures="0" skipped="13">
    <testcase id="2023-04-12T21:08:58.729Z" name="Test preview scroll datafeed" time="0">
      <skipped>This test is in the skip list of the client</skipped>
    </testcase>
    <testcase id="2023-04-12T21:08:58.729Z" name="Test preview aggregation datafeed with doc_count" time="0">
      <skipped>This test is in the skip list of the client</skipped>
    </testcase>
    <testcase id="2023-04-12T21:08:58.729Z" name="Test preview single metric aggregation datafeed with different summary count field" time="0">
      <skipped>This test is in the skip list of the client</skipped>
    </testcase>
    <testcase id="2023-04-12T21:08:58.729Z" name="Test preview multi metric aggregation datafeed with different summary count field" time="0">
      <skipped>This test is in the skip list of the client</skipped>
    </testcase>
    <testcase id="2023-04-12T21:08:58.729Z" name="Test preview missing datafeed" time="0">
      <skipped>This test is in the skip list of the client</skipped>
    </testcase>
    <testcase id="2023-04-12T21:08:58.729Z" name="Test preview with datafeed_id and job config" time="0">
      <skipped>This test is in the skip list of the client</skipped>
    </testcase>
    <testcase id="2023-04-12T21:08:58.729Z" name="Test preview with datafeed id and config" time="0">
      <skipped>This test is in the skip list of the client</skipped>
    </testcase>
    <testcase id="2023-04-12T21:08:58.729Z" name="Test preview with datafeed config and job config with datafeed config" time="0">
      <skipped>This test is in the skip list of the client</skipped>
    </testcase>
    <testcase id="2023-04-12T21:08:58.729Z" name="Test preview datafeed with unavailable index" time="0">
      <skipped>This test is in the skip list of the client</skipped>
    </testcase>
    <testcase id="2023-04-12T21:08:58.729Z" name="Test preview datafeed with query that matches nothing" time="0">
      <skipped>This test is in the skip list of the client</skipped>
    </testcase>
    <testcase id="2023-04-12T21:08:58.729Z" name="Test preview aggregation with runtime fields" time="0">
      <skipped>This test is in the skip list of the client</skipped>
    </testcase>
    <testcase id="2023-04-12T21:08:58.729Z" name="Test preview datafeed where time field is data_nanos" time="0">
      <skipped>This test is in the skip list of the client</skipped>
    </testcase>
    <testcase id="2023-04-12T21:08:58.729Z" name="Test preview datafeed with start and end" time="0">
      <skipped>This test is in the skip list of the client</skipped>
    </testcase>
  </testsuite>
  <testsuite id="2023-04-12T21:08:58.729Z" name="platinum/ml - /platinum/ml/reset_job.yml" time="4" tests="3" failures="0" skipped="0">
    <testcase id="2023-04-12T21:08:58.729Z" name="Test reset" time="1"/>
    <testcase id="2023-04-12T21:08:59.956Z" name="Test reset given unknown job id" time="1"/>
    <testcase id="2023-04-12T21:09:01.164Z" name="Test reset given job is open" time="2"/>
  </testsuite>
  <testsuite id="2023-04-12T21:09:02.706Z" name="platinum/ml - /platinum/ml/revert_model_snapshot.yml" time="3" tests="2" failures="0" skipped="0">
    <testcase id="2023-04-12T21:09:02.706Z" name="Test revert model with invalid snapshotId" time="2"/>
    <testcase id="2023-04-12T21:09:04.214Z" name="Test with unknown job id" time="1"/>
  </testsuite>
  <testsuite id="2023-04-12T21:09:05.551Z" name="platinum/ml - /platinum/ml/set_upgrade_mode.yml" time="9" tests="4" failures="0" skipped="0">
    <testcase id="2023-04-12T21:09:05.551Z" name="Test setting upgrade_mode to false when it is already false" time="2"/>
    <testcase id="2023-04-12T21:09:07.645Z" name="Setting upgrade_mode to enabled" time="2"/>
    <testcase id="2023-04-12T21:09:10.143Z" name="Setting upgrade mode to disabled from enabled" time="2"/>
    <testcase id="2023-04-12T21:09:12.029Z" name="Attempt to open job when upgrade_mode is enabled" time="2"/>
  </testsuite>
  <testsuite id="2023-04-12T21:09:14.234Z" name="platinum/ml - /platinum/ml/start_data_frame_analytics.yml" time="8" tests="9" failures="0" skipped="1">
    <testcase id="2023-04-12T21:09:14.234Z" name="Test start given missing config" time="1"/>
    <testcase id="2023-04-12T21:09:15.060Z" name="Test start given missing source index" time="1"/>
    <testcase id="2023-04-12T21:09:16.080Z" name="Test start outlier_detection given source index has no fields" time="1"/>
    <testcase id="2023-04-12T21:09:17.016Z" name="Test start regression given source index only has dependent variable" time="1"/>
    <testcase id="2023-04-12T21:09:17.975Z" name="Test start with compatible fields but no data" time="1"/>
    <testcase id="2023-04-12T21:09:19.401Z" name="Test start with inconsistent body/param ids" time="0">
      <skipped>This test is in the skip list of the client</skipped>
    </testcase>
    <testcase id="2023-04-12T21:09:19.401Z" name="Test start given dest index is not empty" time="1"/>
    <testcase id="2023-04-12T21:09:20.501Z" name="Test start classification analysis when the dependent variable cardinality is too low" time="1"/>
    <testcase id="2023-04-12T21:09:21.446Z" name="Test start classification analysis when the dependent variable is missing" time="1"/>
  </testsuite>
  <testsuite id="2023-04-12T21:09:22.376Z" name="platinum/ml - /platinum/ml/start_stop_datafeed.yml" time="0" tests="18" failures="0" skipped="18">
    <testcase id="2023-04-12T21:09:22.376Z" name="Test start and stop datafeed happy path" time="0">
      <skipped>This test is in the skip list of the client</skipped>
    </testcase>
    <testcase id="2023-04-12T21:09:22.376Z" name="Test force stop datafeed" time="0">
      <skipped>This test is in the skip list of the client</skipped>
    </testcase>
    <testcase id="2023-04-12T21:09:22.376Z" name="Test start datafeed given start is now" time="0">
      <skipped>This test is in the skip list of the client</skipped>
    </testcase>
    <testcase id="2023-04-12T21:09:22.376Z" name="Test start non existing datafeed" time="0">
      <skipped>This test is in the skip list of the client</skipped>
    </testcase>
    <testcase id="2023-04-12T21:09:22.376Z" name="Test start datafeed job, but not open" time="0">
      <skipped>This test is in the skip list of the client</skipped>
    </testcase>
    <testcase id="2023-04-12T21:09:22.376Z" name="Test start already started datafeed job" time="0">
      <skipped>This test is in the skip list of the client</skipped>
    </testcase>
    <testcase id="2023-04-12T21:09:22.376Z" name="Test start given end earlier than start" time="0">
      <skipped>This test is in the skip list of the client</skipped>
    </testcase>
    <testcase id="2023-04-12T21:09:22.376Z" name="Test start given end same as start" time="0">
      <skipped>This test is in the skip list of the client</skipped>
    </testcase>
    <testcase id="2023-04-12T21:09:22.376Z" name="Test start datafeed given concrete index that does not exist" time="0">
      <skipped>This test is in the skip list of the client</skipped>
    </testcase>
    <testcase id="2023-04-12T21:09:22.376Z" name="Test start datafeed given index pattern with no matching indices" time="0">
      <skipped>This test is in the skip list of the client</skipped>
    </testcase>
    <testcase id="2023-04-12T21:09:22.376Z" name="Test start given field without mappings" time="0">
      <skipped>This test is in the skip list of the client</skipped>
    </testcase>
    <testcase id="2023-04-12T21:09:22.376Z" name="Test stop non existing datafeed" time="0">
      <skipped>This test is in the skip list of the client</skipped>
    </testcase>
    <testcase id="2023-04-12T21:09:22.376Z" name="Test stop with expression that does not match and allow_no_match" time="0">
      <skipped>This test is in the skip list of the client</skipped>
    </testcase>
    <testcase id="2023-04-12T21:09:22.376Z" name="Test stop with expression that does not match and not allow_no_match" time="0">
      <skipped>This test is in the skip list of the client</skipped>
    </testcase>
    <testcase id="2023-04-12T21:09:22.376Z" name="Test stop with body params" time="0">
      <skipped>This test is in the skip list of the client</skipped>
    </testcase>
    <testcase id="2023-04-12T21:09:22.376Z" name="Test stop already stopped datafeed job is not an error" time="0">
      <skipped>This test is in the skip list of the client</skipped>
    </testcase>
    <testcase id="2023-04-12T21:09:22.376Z" name="Test stop given expression" time="0">
      <skipped>This test is in the skip list of the client</skipped>
    </testcase>
    <testcase id="2023-04-12T21:09:22.376Z" name="Test start datafeed when persistent task allocation disabled" time="0">
      <skipped>This test is in the skip list of the client</skipped>
    </testcase>
  </testsuite>
  <testsuite id="2023-04-12T21:09:22.376Z" name="platinum/ml - /platinum/ml/stop_data_frame_analytics.yml" time="5" tests="6" failures="0" skipped="1">
    <testcase id="2023-04-12T21:09:22.376Z" name="Test stop given missing config and allow_no_match is true" time="1"/>
    <testcase id="2023-04-12T21:09:23.321Z" name="Test stop given missing config and allow_no_match is false" time="1"/>
    <testcase id="2023-04-12T21:09:24.372Z" name="Test stop with expression that does not match and allow_no_match is true" time="1"/>
    <testcase id="2023-04-12T21:09:25.314Z" name="Test stop with expression that does not match and allow_no_match is false" time="1"/>
    <testcase id="2023-04-12T21:09:26.227Z" name="Test stop given stopped" time="1"/>
    <testcase id="2023-04-12T21:09:27.155Z" name="Test stop with inconsistent body/param ids" time="0">
      <skipped>This test is in the skip list of the client</skipped>
    </testcase>
  </testsuite>
  <testsuite id="2023-04-12T21:09:27.156Z" name="platinum/ml - /platinum/ml/text_embedding_search.yml" time="3" tests="1" failures="0" skipped="0">
    <testcase id="2023-04-12T21:09:27.156Z" name="Test text embedding search" time="3"/>
  </testsuite>
  <testsuite id="2023-04-12T21:09:29.861Z" name="platinum/ml - /platinum/ml/trained_model_cat_apis.yml" time="2" tests="1" failures="0" skipped="0">
    <testcase id="2023-04-12T21:09:29.861Z" name="Test cat trained models" time="2"/>
  </testsuite>
  <testsuite id="2023-04-12T21:09:31.409Z" name="platinum/ml - /platinum/ml/update_model_snapshot.yml" time="2" tests="2" failures="0" skipped="0">
    <testcase id="2023-04-12T21:09:31.409Z" name="Test with unknown job id" time="1"/>
    <testcase id="2023-04-12T21:09:32.461Z" name="Test with unknown snapshot id" time="1"/>
  </testsuite>
  <testsuite id="2023-04-12T21:09:33.460Z" name="platinum/ml - /platinum/ml/update_trained_model_deployment.yml" time="0" tests="1" failures="1" skipped="0">
    <testcase id="2023-04-12T21:09:33.460Z" name="Test with unknown model id" time="0">
      <failure message="the error should be: missing" type="ERR_ASSERTION">AssertionError [ERR_ASSERTION]: the error should be: missing
    at doAction (/home/joshmock/Code/elasticsearch-js/test/integration/test-runner.js:507:14)
    at process.processTicksAndRejections (node:internal/process/task_queues:95:5)
    at async exec (/home/joshmock/Code/elasticsearch-js/test/integration/test-runner.js:541:9)
    at async Object.run (/home/joshmock/Code/elasticsearch-js/test/integration/test-runner.js:289:5)
    at async start (/home/joshmock/Code/elasticsearch-js/test/integration/index.js:324:11)</failure>
    </testcase>
  </testsuite>
  <testsuite id="2023-04-12T21:09:33.606Z" name="platinum/ml - /platinum/ml/upgrade_job_snapshot.yml" time="8" tests="5" failures="0" skipped="0">
    <testcase id="2023-04-12T21:09:33.606Z" name="Test with unknown job id" time="2"/>
    <testcase id="2023-04-12T21:09:35.214Z" name="Test with unknown snapshot id" time="1"/>
    <testcase id="2023-04-12T21:09:36.686Z" name="Test stats all snapshots" time="1"/>
    <testcase id="2023-04-12T21:09:38.079Z" name="Test stats one snapshot" time="2"/>
    <testcase id="2023-04-12T21:09:40.077Z" name="Test existing but corrupt snapshot" time="1"/>
  </testsuite>
  <testsuite id="2023-04-12T21:09:41.535Z" name="platinum/ml - /platinum/ml/validate.yml" time="5" tests="6" failures="0" skipped="0">
    <testcase id="2023-04-12T21:09:41.535Z" name="Test valid job config" time="1"/>
    <testcase id="2023-04-12T21:09:42.339Z" name="Test invalid job config" time="1"/>
    <testcase id="2023-04-12T21:09:43.168Z" name="Test valid job config with job ID" time="1"/>
    <testcase id="2023-04-12T21:09:43.967Z" name="Test job config that is invalid only because of the job ID" time="1"/>
    <testcase id="2023-04-12T21:09:44.913Z" name="Test job config is invalid because model snapshot id set" time="1"/>
    <testcase id="2023-04-12T21:09:45.752Z" name="Test job config with duplicate detector configurations" time="1"/>
  </testsuite>
  <testsuite id="2023-04-12T21:09:46.552Z" name="platinum/ml - /platinum/ml/validate_detector.yml" time="2" tests="2" failures="0" skipped="0">
    <testcase id="2023-04-12T21:09:46.552Z" name="Test valid detector" time="1"/>
    <testcase id="2023-04-12T21:09:47.360Z" name="Test invalid detector" time="1"/>
  </testsuite>
  <testsuite id="2023-04-12T21:09:48.174Z" name="platinum/monitoring/bulk - /platinum/monitoring/bulk/10_basic.yml" time="0" tests="2" failures="0" skipped="2">
    <testcase id="2023-04-12T21:09:48.174Z" name="Bulk indexing of monitoring data" time="0">
      <skipped>This test is in the skip list of the client</skipped>
    </testcase>
    <testcase id="2023-04-12T21:09:48.174Z" name="Bulk indexing of monitoring data on closed indices should throw an export exception" time="0">
      <skipped>This test is in the skip list of the client</skipped>
    </testcase>
  </testsuite>
  <testsuite id="2023-04-12T21:09:48.175Z" name="platinum/monitoring/bulk - /platinum/monitoring/bulk/20_privileges.yml" time="0" tests="1" failures="0" skipped="1">
    <testcase id="2023-04-12T21:09:48.175Z" name="Monitoring Bulk API" time="0">
      <skipped>This test is in the skip list of the client</skipped>
    </testcase>
  </testsuite>
  <testsuite id="2023-04-12T21:09:48.175Z" name="platinum/privileges - /platinum/privileges/10_basic.yml" time="3" tests="3" failures="0" skipped="0">
    <testcase id="2023-04-12T21:09:48.175Z" name="Test put and get privileges" time="1"/>
    <testcase id="2023-04-12T21:09:49.098Z" name="Test put and delete privileges" time="1"/>
    <testcase id="2023-04-12T21:09:50.179Z" name="Test clear privileges cache" time="1"/>
  </testsuite>
  <testsuite id="2023-04-12T21:09:51.082Z" name="platinum/privileges - /platinum/privileges/11_builtin.yml" time="1" tests="1" failures="0" skipped="0">
    <testcase id="2023-04-12T21:09:51.082Z" name="Test get builtin privileges" time="1"/>
  </testsuite>
  <testsuite id="2023-04-12T21:09:51.928Z" name="platinum/privileges - /platinum/privileges/20_has_application_privs.yml" time="2" tests="1" failures="0" skipped="0">
    <testcase id="2023-04-12T21:09:51.928Z" name="Test has_privileges with application-privileges" time="2"/>
  </testsuite>
  <testsuite id="2023-04-12T21:09:53.457Z" name="platinum/privileges - /platinum/privileges/30_superuser.yml" time="1" tests="1" failures="0" skipped="0">
    <testcase id="2023-04-12T21:09:53.457Z" name="Test superuser has all application-privileges" time="1"/>
  </testsuite>
  <testsuite id="2023-04-12T21:09:54.548Z" name="platinum/privileges - /platinum/privileges/40_get_user_privs.yml" time="2" tests="2" failures="0" skipped="2">
    <testcase id="2023-04-12T21:09:54.549Z" name="Test get_user_privileges for single role" time="1">
      <skipped>{
  "reason": "contains is a newly added assertion",
  "features": [
    "contains"
  ]
}</skipped>
    </testcase>
    <testcase id="2023-04-12T21:09:55.710Z" name="Test get_user_privileges for merged roles" time="1">
      <skipped>{
  "reason": "contains is a newly added assertion",
  "features": [
    "contains"
  ]
}</skipped>
    </testcase>
  </testsuite>
  <testsuite id="2023-04-12T21:09:56.827Z" name="platinum/role_mapping - /platinum/role_mapping/10_basic.yml" time="1" tests="1" failures="0" skipped="0">
    <testcase id="2023-04-12T21:09:56.827Z" name="Test put role_mapping api" time="1"/>
  </testsuite>
  <testsuite id="2023-04-12T21:09:57.687Z" name="platinum/role_mapping - /platinum/role_mapping/20_get_missing.yml" time="2" tests="2" failures="0" skipped="0">
    <testcase id="2023-04-12T21:09:57.687Z" name="Get missing role-mapping" time="1"/>
    <testcase id="2023-04-12T21:09:58.488Z" name="Get missing (multiple) role-mappings" time="1"/>
  </testsuite>
  <testsuite id="2023-04-12T21:09:59.333Z" name="platinum/role_mapping - /platinum/role_mapping/30_delete.yml" time="1" tests="1" failures="0" skipped="0">
    <testcase id="2023-04-12T21:09:59.333Z" name="Test delete role_mapping api" time="1"/>
  </testsuite>
  <testsuite id="2023-04-12T21:10:00.431Z" name="platinum/roles - /platinum/roles/10_basic.yml" time="1" tests="1" failures="0" skipped="0">
    <testcase id="2023-04-12T21:10:00.431Z" name="Test put role api" time="1"/>
  </testsuite>
  <testsuite id="2023-04-12T21:10:01.720Z" name="platinum/roles - /platinum/roles/11_idx_arrays.yml" time="1" tests="1" failures="0" skipped="0">
    <testcase id="2023-04-12T21:10:01.720Z" name="Test put role api using as array of index names" time="1"/>
  </testsuite>
  <testsuite id="2023-04-12T21:10:03.075Z" name="platinum/roles - /platinum/roles/20_get_missing.yml" time="2" tests="2" failures="0" skipped="0">
    <testcase id="2023-04-12T21:10:03.075Z" name="Get missing role" time="1"/>
    <testcase id="2023-04-12T21:10:04.022Z" name="Get missing (multiple) roles" time="1"/>
  </testsuite>
  <testsuite id="2023-04-12T21:10:05.481Z" name="platinum/roles - /platinum/roles/30_prohibited_role_query.yml" time="1" tests="1" failures="0" skipped="0">
    <testcase id="2023-04-12T21:10:05.481Z" name="Test use prohibited query inside role query" time="1"/>
  </testsuite>
  <testsuite id="2023-04-12T21:10:06.368Z" name="platinum/roles - /platinum/roles/40_global_privileges.yml" time="1" tests="1" failures="0" skipped="0">
    <testcase id="2023-04-12T21:10:06.368Z" name="Test put role with conditional security privileges" time="1"/>
  </testsuite>
  <testsuite id="2023-04-12T21:10:07.407Z" name="platinum/rollup - /platinum/rollup/delete_job.yml" time="5" tests="4" failures="0" skipped="0">
    <testcase id="2023-04-12T21:10:07.407Z" name="Test basic delete_job" time="1"/>
    <testcase id="2023-04-12T21:10:08.643Z" name="Test delete job twice" time="1"/>
    <testcase id="2023-04-12T21:10:09.872Z" name="Test delete running job" time="1"/>
    <testcase id="2023-04-12T21:10:11.168Z" name="Test delete non-existent job" time="1"/>
  </testsuite>
  <testsuite id="2023-04-12T21:10:12.262Z" name="platinum/rollup - /platinum/rollup/get_jobs.yml" time="4" tests="4" failures="0" skipped="1">
    <testcase id="2023-04-12T21:10:12.262Z" name="Test basic get_jobs" time="1"/>
    <testcase id="2023-04-12T21:10:13.339Z" name="Test get with no jobs" time="1"/>
    <testcase id="2023-04-12T21:10:14.247Z" name="Test get missing job" time="1"/>
    <testcase id="2023-04-12T21:10:15.655Z" name="Test get all jobs" time="1">
      <skipped>{
  "version": "all",
  "reason": "Job ordering isn't guaranteed right now, cannot test"
}</skipped>
    </testcase>
  </testsuite>
  <testsuite id="2023-04-12T21:10:16.582Z" name="platinum/rollup - /platinum/rollup/get_rollup_caps.yml" time="4" tests="3" failures="0" skipped="0">
    <testcase id="2023-04-12T21:10:16.582Z" name="Verify one job caps" time="1"/>
    <testcase id="2023-04-12T21:10:17.831Z" name="Verify two job caps" time="1"/>
    <testcase id="2023-04-12T21:10:19.142Z" name="Verify all caps" time="2"/>
  </testsuite>
  <testsuite id="2023-04-12T21:10:20.740Z" name="platinum/rollup - /platinum/rollup/get_rollup_index_caps.yml" time="9" tests="6" failures="0" skipped="0">
    <testcase id="2023-04-12T21:10:20.740Z" name="Verify one job caps by rollup index" time="1"/>
    <testcase id="2023-04-12T21:10:22.024Z" name="Verify two job caps by rollup index" time="1"/>
    <testcase id="2023-04-12T21:10:23.377Z" name="Verify two different job caps by rollup index" time="1"/>
    <testcase id="2023-04-12T21:10:24.807Z" name="Verify all job caps by rollup index" time="2"/>
    <testcase id="2023-04-12T21:10:26.392Z" name="Verify job caps by rollup index comma delimited list" time="2"/>
    <testcase id="2023-04-12T21:10:28.019Z" name="Verify index pattern" time="2"/>
  </testsuite>
  <testsuite id="2023-04-12T21:10:29.748Z" name="platinum/rollup - /platinum/rollup/put_job.yml" time="0" tests="8" failures="0" skipped="8">
    <testcase id="2023-04-12T21:10:29.748Z" name="Test basic put_job" time="0">
      <skipped>{
  "features": [
    "headers",
    "allowed_warnings"
  ]
}</skipped>
    </testcase>
    <testcase id="2023-04-12T21:10:29.748Z" name="Test put_job with existing name" time="0">
      <skipped>{
  "features": [
    "headers",
    "allowed_warnings"
  ]
}</skipped>
    </testcase>
    <testcase id="2023-04-12T21:10:29.748Z" name="Test put_job in non-rollup index" time="0">
      <skipped>{
  "features": [
    "headers",
    "allowed_warnings"
  ]
}</skipped>
    </testcase>
    <testcase id="2023-04-12T21:10:29.748Z" name="Try to include headers" time="0">
      <skipped>{
  "features": [
    "headers",
    "allowed_warnings"
  ]
}</skipped>
    </testcase>
    <testcase id="2023-04-12T21:10:29.748Z" name="Validation failures" time="0">
      <skipped>{
  "features": [
    "headers",
    "allowed_warnings"
  ]
}</skipped>
    </testcase>
    <testcase id="2023-04-12T21:10:29.748Z" name="Unknown Metric" time="0">
      <skipped>{
  "features": [
    "headers",
    "allowed_warnings"
  ]
}</skipped>
    </testcase>
    <testcase id="2023-04-12T21:10:29.748Z" name="Test put job with templates" time="0">
      <skipped>{
  "features": [
    "headers",
    "allowed_warnings"
  ]
}</skipped>
    </testcase>
    <testcase id="2023-04-12T21:10:29.748Z" name="Test put_job with comma-delimited index pattern" time="0">
      <skipped>{
  "features": [
    "headers",
    "allowed_warnings"
  ]
}</skipped>
    </testcase>
  </testsuite>
  <testsuite id="2023-04-12T21:10:29.751Z" name="platinum/rollup - /platinum/rollup/rollup_search.yml" time="25" tests="20" failures="0" skipped="1">
    <testcase id="2023-04-12T21:10:29.751Z" name="Basic Search" time="2"/>
    <testcase id="2023-04-12T21:10:31.258Z" name="Basic Search with rest_total_hits_as_int" time="1"/>
    <testcase id="2023-04-12T21:10:32.643Z" name="Formatted Date Histo" time="1"/>
    <testcase id="2023-04-12T21:10:33.940Z" name="Empty aggregation" time="1"/>
    <testcase id="2023-04-12T21:10:35.205Z" name="Empty aggregation with new response format" time="1"/>
    <testcase id="2023-04-12T21:10:36.644Z" name="Search with Metric" time="1"/>
    <testcase id="2023-04-12T21:10:37.940Z" name="Search with Query" time="1"/>
    <testcase id="2023-04-12T21:10:39.173Z" name="Search with MatchAll and Second Job" time="1"/>
    <testcase id="2023-04-12T21:10:40.474Z" name="Search with Query and Second Job" time="1"/>
    <testcase id="2023-04-12T21:10:41.832Z" name="Search with Query and Second Job different intervals" time="1"/>
    <testcase id="2023-04-12T21:10:43.045Z" name="Wildcards matching single rollup index" time="1"/>
    <testcase id="2023-04-12T21:10:44.162Z" name="Wildcards matching two rollup indices" time="1"/>
    <testcase id="2023-04-12T21:10:45.523Z" name="Rollup search via alias" time="1"/>
    <testcase id="2023-04-12T21:10:46.814Z" name="Rollup search via alias, multiple rollup indices match" time="1"/>
    <testcase id="2023-04-12T21:10:48.185Z" name="Obsolete Timezone" time="1">
      <skipped>{
  "version": " - 7.1.99",
  "reason": "IANA TZ deprecations in 7.2",
  "features": [
    "warnings"
  ]
}</skipped>
    </testcase>
    <testcase id="2023-04-12T21:10:49.324Z" name="Obsolete BWC Timezone" time="1"/>
    <testcase id="2023-04-12T21:10:50.547Z" name="Search with typed_keys" time="1"/>
    <testcase id="2023-04-12T21:10:51.809Z" name="Search error against live index" time="1"/>
    <testcase id="2023-04-12T21:10:52.909Z" name="Search error against rollup and live index" time="1"/>
    <testcase id="2023-04-12T21:10:54.009Z" name="Search error no matching indices" time="1"/>
  </testsuite>
  <testsuite id="2023-04-12T21:10:55.092Z" name="platinum/rollup - /platinum/rollup/security_tests.yml" time="13" tests="2" failures="0" skipped="0">
    <testcase id="2023-04-12T21:10:55.092Z" name="Index-based access" time="6"/>
    <testcase id="2023-04-12T21:11:01.464Z" name="Attribute-based access" time="6"/>
  </testsuite>
  <testsuite id="2023-04-12T21:11:07.917Z" name="platinum/rollup - /platinum/rollup/start_job.yml" time="2" tests="2" failures="0" skipped="0">
    <testcase id="2023-04-12T21:11:07.917Z" name="Test start nonexistent job" time="1"/>
    <testcase id="2023-04-12T21:11:08.983Z" name="Test start job twice" time="1"/>
  </testsuite>
  <testsuite id="2023-04-12T21:11:10.063Z" name="platinum/rollup - /platinum/rollup/stop_job.yml" time="6" tests="5" failures="0" skipped="0">
    <testcase id="2023-04-12T21:11:10.063Z" name="Test stop nonexistent job" time="1"/>
    <testcase id="2023-04-12T21:11:11.132Z" name="Test stop job twice" time="1"/>
    <testcase id="2023-04-12T21:11:12.305Z" name="Test stop non-started job" time="1"/>
    <testcase id="2023-04-12T21:11:13.589Z" name="Test wait_for_completion default timeout" time="1"/>
    <testcase id="2023-04-12T21:11:14.804Z" name="Test wait_for_completion with custom timeout" time="1"/>
  </testsuite>
  <testsuite id="2023-04-12T21:11:16.081Z" name="platinum/search-business-rules - /platinum/search-business-rules/10_pinned_query.yml" time="2" tests="2" failures="0" skipped="0">
    <testcase id="2023-04-12T21:11:16.081Z" name="Test pinned query with IDs" time="1"/>
    <testcase id="2023-04-12T21:11:17.329Z" name="Test pinned query with ID and index" time="1"/>
  </testsuite>
  <testsuite id="2023-04-12T21:11:18.521Z" name="platinum/searchable_snapshots - /platinum/searchable_snapshots/10_usage.yml" time="0" tests="2" failures="0" skipped="2">
    <testcase id="2023-04-12T21:11:18.521Z" name="Tests searchable snapshots usage stats" time="0">
      <skipped>This test is in the skip list of the client</skipped>
    </testcase>
    <testcase id="2023-04-12T21:11:18.521Z" name="Tests searchable snapshots usage stats with full_copy and shared_cache indices" time="0">
      <skipped>This test is in the skip list of the client</skipped>
    </testcase>
  </testsuite>
  <testsuite id="2023-04-12T21:11:18.521Z" name="platinum/searchable_snapshots - /platinum/searchable_snapshots/20_synthetic_source.yml" time="1" tests="1" failures="1" skipped="0">
    <testcase id="2023-04-12T21:11:18.521Z" name="Tests searchable snapshots usage stats" time="1">
      <failure message="ifError got unwanted exception: search_phase_execution_exception
	Root causes:
		no_shard_available_action_exception: null" type="ERR_ASSERTION">AssertionError [ERR_ASSERTION]: ifError got unwanted exception: search_phase_execution_exception
	Root causes:
		no_shard_available_action_exception: null
    at doAction (/home/joshmock/Code/elasticsearch-js/test/integration/test-runner.js:518:14)
    at SniffingTransport.request (/home/joshmock/Code/elasticsearch-js/node_modules/@elastic/transport/lib/Transport.js:479:27)
    at process.processTicksAndRejections (node:internal/process/task_queues:95:5)
    at async Client.SearchApi [as search] (/home/joshmock/Code/elasticsearch-js/lib/api/api/search.js:66:12)
    at async doAction (/home/joshmock/Code/elasticsearch-js/test/integration/test-runner.js:464:27)
    at async exec (/home/joshmock/Code/elasticsearch-js/test/integration/test-runner.js:541:9)
    at async Object.run (/home/joshmock/Code/elasticsearch-js/test/integration/test-runner.js:289:5)
    at async start (/home/joshmock/Code/elasticsearch-js/test/integration/index.js:324:11)</failure>
    </testcase>
  </testsuite>
  <testsuite id="2023-04-12T21:11:19.229Z" name="platinum/security/authz - /platinum/security/authz/10_index_doc.yml" time="90" tests="3" failures="3" skipped="0">
    <testcase id="2023-04-12T21:11:19.229Z" name="Test indexing a document when allowed" time="30">
      <failure message="ifError got unwanted exception: {&quot;cluster_name&quot;:&quot;elasticsearch-8-7-0-rest-test&quot;,&quot;status&quot;:&quot;red&quot;,&quot;timed_out&quot;:true,&quot;number_of_nodes&quot;:1,&quot;number_of_data_nodes&quot;:1,&quot;active_primary_shards&quot;:8,&quot;active_shards&quot;:8,&quot;relocating_shards&quot;:0,&quot;initializing_shards&quot;:0,&quot;unassigned_shards&quot;:1,&quot;delayed_unassigned_shards&quot;:0,&quot;number_of_pending_tasks&quot;:0,&quot;number_of_in_flight_fetch&quot;:0,&quot;task_max_waiting_in_queue_millis&quot;:0,&quot;active_shards_percent_as_number&quot;:88.88888888888889}" type="ERR_ASSERTION">AssertionError [ERR_ASSERTION]: ifError got unwanted exception: {"cluster_name":"elasticsearch-8-7-0-rest-test","status":"red","timed_out":true,"number_of_nodes":1,"number_of_data_nodes":1,"active_primary_shards":8,"active_shards":8,"relocating_shards":0,"initializing_shards":0,"unassigned_shards":1,"delayed_unassigned_shards":0,"number_of_pending_tasks":0,"number_of_in_flight_fetch":0,"task_max_waiting_in_queue_millis":0,"active_shards_percent_as_number":88.88888888888889}
    at doAction (/home/joshmock/Code/elasticsearch-js/test/integration/test-runner.js:518:14)
    at SniffingTransport.request (/home/joshmock/Code/elasticsearch-js/node_modules/@elastic/transport/lib/Transport.js:479:27)
    at process.processTicksAndRejections (node:internal/process/task_queues:95:5)
    at async Client.health (/home/joshmock/Code/elasticsearch-js/lib/api/api/cluster.js:183:16)
    at async doAction (/home/joshmock/Code/elasticsearch-js/test/integration/test-runner.js:464:27)
    at async exec (/home/joshmock/Code/elasticsearch-js/test/integration/test-runner.js:541:9)
    at async Object.run (/home/joshmock/Code/elasticsearch-js/test/integration/test-runner.js:287:16)
    at async start (/home/joshmock/Code/elasticsearch-js/test/integration/index.js:324:11)</failure>
    </testcase>
    <testcase id="2023-04-12T21:11:49.342Z" name="Test indexing a document when not allowed" time="30">
      <failure message="ifError got unwanted exception: {&quot;cluster_name&quot;:&quot;elasticsearch-8-7-0-rest-test&quot;,&quot;status&quot;:&quot;red&quot;,&quot;timed_out&quot;:true,&quot;number_of_nodes&quot;:1,&quot;number_of_data_nodes&quot;:1,&quot;active_primary_shards&quot;:8,&quot;active_shards&quot;:8,&quot;relocating_shards&quot;:0,&quot;initializing_shards&quot;:0,&quot;unassigned_shards&quot;:1,&quot;delayed_unassigned_shards&quot;:0,&quot;number_of_pending_tasks&quot;:0,&quot;number_of_in_flight_fetch&quot;:0,&quot;task_max_waiting_in_queue_millis&quot;:0,&quot;active_shards_percent_as_number&quot;:88.88888888888889}" type="ERR_ASSERTION">AssertionError [ERR_ASSERTION]: ifError got unwanted exception: {"cluster_name":"elasticsearch-8-7-0-rest-test","status":"red","timed_out":true,"number_of_nodes":1,"number_of_data_nodes":1,"active_primary_shards":8,"active_shards":8,"relocating_shards":0,"initializing_shards":0,"unassigned_shards":1,"delayed_unassigned_shards":0,"number_of_pending_tasks":0,"number_of_in_flight_fetch":0,"task_max_waiting_in_queue_millis":0,"active_shards_percent_as_number":88.88888888888889}
    at doAction (/home/joshmock/Code/elasticsearch-js/test/integration/test-runner.js:518:14)
    at SniffingTransport.request (/home/joshmock/Code/elasticsearch-js/node_modules/@elastic/transport/lib/Transport.js:479:27)
    at process.processTicksAndRejections (node:internal/process/task_queues:95:5)
    at async Client.health (/home/joshmock/Code/elasticsearch-js/lib/api/api/cluster.js:183:16)
    at async doAction (/home/joshmock/Code/elasticsearch-js/test/integration/test-runner.js:464:27)
    at async exec (/home/joshmock/Code/elasticsearch-js/test/integration/test-runner.js:541:9)
    at async Object.run (/home/joshmock/Code/elasticsearch-js/test/integration/test-runner.js:287:16)
    at async start (/home/joshmock/Code/elasticsearch-js/test/integration/index.js:324:11)</failure>
    </testcase>
    <testcase id="2023-04-12T21:12:19.425Z" name="Test bulk indexing documents when only some are allowed" time="30">
      <failure message="ifError got unwanted exception: {&quot;cluster_name&quot;:&quot;elasticsearch-8-7-0-rest-test&quot;,&quot;status&quot;:&quot;red&quot;,&quot;timed_out&quot;:true,&quot;number_of_nodes&quot;:1,&quot;number_of_data_nodes&quot;:1,&quot;active_primary_shards&quot;:8,&quot;active_shards&quot;:8,&quot;relocating_shards&quot;:0,&quot;initializing_shards&quot;:0,&quot;unassigned_shards&quot;:1,&quot;delayed_unassigned_shards&quot;:0,&quot;number_of_pending_tasks&quot;:0,&quot;number_of_in_flight_fetch&quot;:0,&quot;task_max_waiting_in_queue_millis&quot;:0,&quot;active_shards_percent_as_number&quot;:88.88888888888889}" type="ERR_ASSERTION">AssertionError [ERR_ASSERTION]: ifError got unwanted exception: {"cluster_name":"elasticsearch-8-7-0-rest-test","status":"red","timed_out":true,"number_of_nodes":1,"number_of_data_nodes":1,"active_primary_shards":8,"active_shards":8,"relocating_shards":0,"initializing_shards":0,"unassigned_shards":1,"delayed_unassigned_shards":0,"number_of_pending_tasks":0,"number_of_in_flight_fetch":0,"task_max_waiting_in_queue_millis":0,"active_shards_percent_as_number":88.88888888888889}
    at doAction (/home/joshmock/Code/elasticsearch-js/test/integration/test-runner.js:518:14)
    at SniffingTransport.request (/home/joshmock/Code/elasticsearch-js/node_modules/@elastic/transport/lib/Transport.js:479:27)
    at process.processTicksAndRejections (node:internal/process/task_queues:95:5)
    at async Client.health (/home/joshmock/Code/elasticsearch-js/lib/api/api/cluster.js:183:16)
    at async doAction (/home/joshmock/Code/elasticsearch-js/test/integration/test-runner.js:464:27)
    at async exec (/home/joshmock/Code/elasticsearch-js/test/integration/test-runner.js:541:9)
    at async Object.run (/home/joshmock/Code/elasticsearch-js/test/integration/test-runner.js:287:16)
    at async start (/home/joshmock/Code/elasticsearch-js/test/integration/index.js:324:11)</failure>
    </testcase>
  </testsuite>
  <testsuite id="2023-04-12T21:12:49.512Z" name="platinum/security/authz - /platinum/security/authz/11_delete_doc.yml" time="120" tests="4" failures="4" skipped="0">
    <testcase id="2023-04-12T21:12:49.512Z" name="Test deleting a document when allowed" time="30">
      <failure message="ifError got unwanted exception: {&quot;cluster_name&quot;:&quot;elasticsearch-8-7-0-rest-test&quot;,&quot;status&quot;:&quot;red&quot;,&quot;timed_out&quot;:true,&quot;number_of_nodes&quot;:1,&quot;number_of_data_nodes&quot;:1,&quot;active_primary_shards&quot;:8,&quot;active_shards&quot;:8,&quot;relocating_shards&quot;:0,&quot;initializing_shards&quot;:0,&quot;unassigned_shards&quot;:1,&quot;delayed_unassigned_shards&quot;:0,&quot;number_of_pending_tasks&quot;:0,&quot;number_of_in_flight_fetch&quot;:0,&quot;task_max_waiting_in_queue_millis&quot;:0,&quot;active_shards_percent_as_number&quot;:88.88888888888889}" type="ERR_ASSERTION">AssertionError [ERR_ASSERTION]: ifError got unwanted exception: {"cluster_name":"elasticsearch-8-7-0-rest-test","status":"red","timed_out":true,"number_of_nodes":1,"number_of_data_nodes":1,"active_primary_shards":8,"active_shards":8,"relocating_shards":0,"initializing_shards":0,"unassigned_shards":1,"delayed_unassigned_shards":0,"number_of_pending_tasks":0,"number_of_in_flight_fetch":0,"task_max_waiting_in_queue_millis":0,"active_shards_percent_as_number":88.88888888888889}
    at doAction (/home/joshmock/Code/elasticsearch-js/test/integration/test-runner.js:518:14)
    at SniffingTransport.request (/home/joshmock/Code/elasticsearch-js/node_modules/@elastic/transport/lib/Transport.js:479:27)
    at process.processTicksAndRejections (node:internal/process/task_queues:95:5)
    at async Client.health (/home/joshmock/Code/elasticsearch-js/lib/api/api/cluster.js:183:16)
    at async doAction (/home/joshmock/Code/elasticsearch-js/test/integration/test-runner.js:464:27)
    at async exec (/home/joshmock/Code/elasticsearch-js/test/integration/test-runner.js:541:9)
    at async Object.run (/home/joshmock/Code/elasticsearch-js/test/integration/test-runner.js:287:16)
    at async start (/home/joshmock/Code/elasticsearch-js/test/integration/index.js:324:11)</failure>
    </testcase>
    <testcase id="2023-04-12T21:13:19.599Z" name="Test deleting a document when not allowed" time="30">
      <failure message="ifError got unwanted exception: {&quot;cluster_name&quot;:&quot;elasticsearch-8-7-0-rest-test&quot;,&quot;status&quot;:&quot;red&quot;,&quot;timed_out&quot;:true,&quot;number_of_nodes&quot;:1,&quot;number_of_data_nodes&quot;:1,&quot;active_primary_shards&quot;:8,&quot;active_shards&quot;:8,&quot;relocating_shards&quot;:0,&quot;initializing_shards&quot;:0,&quot;unassigned_shards&quot;:1,&quot;delayed_unassigned_shards&quot;:0,&quot;number_of_pending_tasks&quot;:0,&quot;number_of_in_flight_fetch&quot;:0,&quot;task_max_waiting_in_queue_millis&quot;:0,&quot;active_shards_percent_as_number&quot;:88.88888888888889}" type="ERR_ASSERTION">AssertionError [ERR_ASSERTION]: ifError got unwanted exception: {"cluster_name":"elasticsearch-8-7-0-rest-test","status":"red","timed_out":true,"number_of_nodes":1,"number_of_data_nodes":1,"active_primary_shards":8,"active_shards":8,"relocating_shards":0,"initializing_shards":0,"unassigned_shards":1,"delayed_unassigned_shards":0,"number_of_pending_tasks":0,"number_of_in_flight_fetch":0,"task_max_waiting_in_queue_millis":0,"active_shards_percent_as_number":88.88888888888889}
    at doAction (/home/joshmock/Code/elasticsearch-js/test/integration/test-runner.js:518:14)
    at SniffingTransport.request (/home/joshmock/Code/elasticsearch-js/node_modules/@elastic/transport/lib/Transport.js:479:27)
    at process.processTicksAndRejections (node:internal/process/task_queues:95:5)
    at async Client.health (/home/joshmock/Code/elasticsearch-js/lib/api/api/cluster.js:183:16)
    at async doAction (/home/joshmock/Code/elasticsearch-js/test/integration/test-runner.js:464:27)
    at async exec (/home/joshmock/Code/elasticsearch-js/test/integration/test-runner.js:541:9)
    at async Object.run (/home/joshmock/Code/elasticsearch-js/test/integration/test-runner.js:287:16)
    at async start (/home/joshmock/Code/elasticsearch-js/test/integration/index.js:324:11)</failure>
    </testcase>
    <testcase id="2023-04-12T21:13:49.684Z" name="Test bulk delete documents when only some are allowed" time="30">
      <failure message="ifError got unwanted exception: {&quot;cluster_name&quot;:&quot;elasticsearch-8-7-0-rest-test&quot;,&quot;status&quot;:&quot;red&quot;,&quot;timed_out&quot;:true,&quot;number_of_nodes&quot;:1,&quot;number_of_data_nodes&quot;:1,&quot;active_primary_shards&quot;:8,&quot;active_shards&quot;:8,&quot;relocating_shards&quot;:0,&quot;initializing_shards&quot;:0,&quot;unassigned_shards&quot;:1,&quot;delayed_unassigned_shards&quot;:0,&quot;number_of_pending_tasks&quot;:0,&quot;number_of_in_flight_fetch&quot;:0,&quot;task_max_waiting_in_queue_millis&quot;:0,&quot;active_shards_percent_as_number&quot;:88.88888888888889}" type="ERR_ASSERTION">AssertionError [ERR_ASSERTION]: ifError got unwanted exception: {"cluster_name":"elasticsearch-8-7-0-rest-test","status":"red","timed_out":true,"number_of_nodes":1,"number_of_data_nodes":1,"active_primary_shards":8,"active_shards":8,"relocating_shards":0,"initializing_shards":0,"unassigned_shards":1,"delayed_unassigned_shards":0,"number_of_pending_tasks":0,"number_of_in_flight_fetch":0,"task_max_waiting_in_queue_millis":0,"active_shards_percent_as_number":88.88888888888889}
    at doAction (/home/joshmock/Code/elasticsearch-js/test/integration/test-runner.js:518:14)
    at SniffingTransport.request (/home/joshmock/Code/elasticsearch-js/node_modules/@elastic/transport/lib/Transport.js:479:27)
    at process.processTicksAndRejections (node:internal/process/task_queues:95:5)
    at async Client.health (/home/joshmock/Code/elasticsearch-js/lib/api/api/cluster.js:183:16)
    at async doAction (/home/joshmock/Code/elasticsearch-js/test/integration/test-runner.js:464:27)
    at async exec (/home/joshmock/Code/elasticsearch-js/test/integration/test-runner.js:541:9)
    at async Object.run (/home/joshmock/Code/elasticsearch-js/test/integration/test-runner.js:287:16)
    at async start (/home/joshmock/Code/elasticsearch-js/test/integration/index.js:324:11)</failure>
    </testcase>
    <testcase id="2023-04-12T21:14:19.769Z" name="Test bulk delete and index documents when only some are allowed" time="30">
      <failure message="ifError got unwanted exception: {&quot;cluster_name&quot;:&quot;elasticsearch-8-7-0-rest-test&quot;,&quot;status&quot;:&quot;red&quot;,&quot;timed_out&quot;:true,&quot;number_of_nodes&quot;:1,&quot;number_of_data_nodes&quot;:1,&quot;active_primary_shards&quot;:8,&quot;active_shards&quot;:8,&quot;relocating_shards&quot;:0,&quot;initializing_shards&quot;:0,&quot;unassigned_shards&quot;:1,&quot;delayed_unassigned_shards&quot;:0,&quot;number_of_pending_tasks&quot;:0,&quot;number_of_in_flight_fetch&quot;:0,&quot;task_max_waiting_in_queue_millis&quot;:0,&quot;active_shards_percent_as_number&quot;:88.88888888888889}" type="ERR_ASSERTION">AssertionError [ERR_ASSERTION]: ifError got unwanted exception: {"cluster_name":"elasticsearch-8-7-0-rest-test","status":"red","timed_out":true,"number_of_nodes":1,"number_of_data_nodes":1,"active_primary_shards":8,"active_shards":8,"relocating_shards":0,"initializing_shards":0,"unassigned_shards":1,"delayed_unassigned_shards":0,"number_of_pending_tasks":0,"number_of_in_flight_fetch":0,"task_max_waiting_in_queue_millis":0,"active_shards_percent_as_number":88.88888888888889}
    at doAction (/home/joshmock/Code/elasticsearch-js/test/integration/test-runner.js:518:14)
    at SniffingTransport.request (/home/joshmock/Code/elasticsearch-js/node_modules/@elastic/transport/lib/Transport.js:479:27)
    at process.processTicksAndRejections (node:internal/process/task_queues:95:5)
    at async Client.health (/home/joshmock/Code/elasticsearch-js/lib/api/api/cluster.js:183:16)
    at async doAction (/home/joshmock/Code/elasticsearch-js/test/integration/test-runner.js:464:27)
    at async exec (/home/joshmock/Code/elasticsearch-js/test/integration/test-runner.js:541:9)
    at async Object.run (/home/joshmock/Code/elasticsearch-js/test/integration/test-runner.js:287:16)
    at async start (/home/joshmock/Code/elasticsearch-js/test/integration/index.js:324:11)</failure>
    </testcase>
  </testsuite>
  <testsuite id="2023-04-12T21:14:49.853Z" name="platinum/security/authz - /platinum/security/authz/12_index_alias.yml" time="120" tests="4" failures="4" skipped="0">
    <testcase id="2023-04-12T21:14:49.853Z" name="Test indexing documents into an alias, when permitted" time="30">
      <failure message="ifError got unwanted exception: {&quot;cluster_name&quot;:&quot;elasticsearch-8-7-0-rest-test&quot;,&quot;status&quot;:&quot;red&quot;,&quot;timed_out&quot;:true,&quot;number_of_nodes&quot;:1,&quot;number_of_data_nodes&quot;:1,&quot;active_primary_shards&quot;:8,&quot;active_shards&quot;:8,&quot;relocating_shards&quot;:0,&quot;initializing_shards&quot;:0,&quot;unassigned_shards&quot;:1,&quot;delayed_unassigned_shards&quot;:0,&quot;number_of_pending_tasks&quot;:0,&quot;number_of_in_flight_fetch&quot;:0,&quot;task_max_waiting_in_queue_millis&quot;:0,&quot;active_shards_percent_as_number&quot;:88.88888888888889}" type="ERR_ASSERTION">AssertionError [ERR_ASSERTION]: ifError got unwanted exception: {"cluster_name":"elasticsearch-8-7-0-rest-test","status":"red","timed_out":true,"number_of_nodes":1,"number_of_data_nodes":1,"active_primary_shards":8,"active_shards":8,"relocating_shards":0,"initializing_shards":0,"unassigned_shards":1,"delayed_unassigned_shards":0,"number_of_pending_tasks":0,"number_of_in_flight_fetch":0,"task_max_waiting_in_queue_millis":0,"active_shards_percent_as_number":88.88888888888889}
    at doAction (/home/joshmock/Code/elasticsearch-js/test/integration/test-runner.js:518:14)
    at SniffingTransport.request (/home/joshmock/Code/elasticsearch-js/node_modules/@elastic/transport/lib/Transport.js:479:27)
    at process.processTicksAndRejections (node:internal/process/task_queues:95:5)
    at async Client.health (/home/joshmock/Code/elasticsearch-js/lib/api/api/cluster.js:183:16)
    at async doAction (/home/joshmock/Code/elasticsearch-js/test/integration/test-runner.js:464:27)
    at async exec (/home/joshmock/Code/elasticsearch-js/test/integration/test-runner.js:541:9)
    at async Object.run (/home/joshmock/Code/elasticsearch-js/test/integration/test-runner.js:287:16)
    at async start (/home/joshmock/Code/elasticsearch-js/test/integration/index.js:324:11)</failure>
    </testcase>
    <testcase id="2023-04-12T21:15:19.943Z" name="Test indexing documents into an alias, when forbidden" time="30">
      <failure message="ifError got unwanted exception: {&quot;cluster_name&quot;:&quot;elasticsearch-8-7-0-rest-test&quot;,&quot;status&quot;:&quot;red&quot;,&quot;timed_out&quot;:true,&quot;number_of_nodes&quot;:1,&quot;number_of_data_nodes&quot;:1,&quot;active_primary_shards&quot;:8,&quot;active_shards&quot;:8,&quot;relocating_shards&quot;:0,&quot;initializing_shards&quot;:0,&quot;unassigned_shards&quot;:1,&quot;delayed_unassigned_shards&quot;:0,&quot;number_of_pending_tasks&quot;:0,&quot;number_of_in_flight_fetch&quot;:0,&quot;task_max_waiting_in_queue_millis&quot;:0,&quot;active_shards_percent_as_number&quot;:88.88888888888889}" type="ERR_ASSERTION">AssertionError [ERR_ASSERTION]: ifError got unwanted exception: {"cluster_name":"elasticsearch-8-7-0-rest-test","status":"red","timed_out":true,"number_of_nodes":1,"number_of_data_nodes":1,"active_primary_shards":8,"active_shards":8,"relocating_shards":0,"initializing_shards":0,"unassigned_shards":1,"delayed_unassigned_shards":0,"number_of_pending_tasks":0,"number_of_in_flight_fetch":0,"task_max_waiting_in_queue_millis":0,"active_shards_percent_as_number":88.88888888888889}
    at doAction (/home/joshmock/Code/elasticsearch-js/test/integration/test-runner.js:518:14)
    at SniffingTransport.request (/home/joshmock/Code/elasticsearch-js/node_modules/@elastic/transport/lib/Transport.js:479:27)
    at process.processTicksAndRejections (node:internal/process/task_queues:95:5)
    at async Client.health (/home/joshmock/Code/elasticsearch-js/lib/api/api/cluster.js:183:16)
    at async doAction (/home/joshmock/Code/elasticsearch-js/test/integration/test-runner.js:464:27)
    at async exec (/home/joshmock/Code/elasticsearch-js/test/integration/test-runner.js:541:9)
    at async Object.run (/home/joshmock/Code/elasticsearch-js/test/integration/test-runner.js:287:16)
    at async start (/home/joshmock/Code/elasticsearch-js/test/integration/index.js:324:11)</failure>
    </testcase>
    <testcase id="2023-04-12T21:15:50.026Z" name="Test bulk indexing into an alias when only some are allowed" time="30">
      <failure message="ifError got unwanted exception: {&quot;cluster_name&quot;:&quot;elasticsearch-8-7-0-rest-test&quot;,&quot;status&quot;:&quot;red&quot;,&quot;timed_out&quot;:true,&quot;number_of_nodes&quot;:1,&quot;number_of_data_nodes&quot;:1,&quot;active_primary_shards&quot;:8,&quot;active_shards&quot;:8,&quot;relocating_shards&quot;:0,&quot;initializing_shards&quot;:0,&quot;unassigned_shards&quot;:1,&quot;delayed_unassigned_shards&quot;:0,&quot;number_of_pending_tasks&quot;:0,&quot;number_of_in_flight_fetch&quot;:0,&quot;task_max_waiting_in_queue_millis&quot;:0,&quot;active_shards_percent_as_number&quot;:88.88888888888889}" type="ERR_ASSERTION">AssertionError [ERR_ASSERTION]: ifError got unwanted exception: {"cluster_name":"elasticsearch-8-7-0-rest-test","status":"red","timed_out":true,"number_of_nodes":1,"number_of_data_nodes":1,"active_primary_shards":8,"active_shards":8,"relocating_shards":0,"initializing_shards":0,"unassigned_shards":1,"delayed_unassigned_shards":0,"number_of_pending_tasks":0,"number_of_in_flight_fetch":0,"task_max_waiting_in_queue_millis":0,"active_shards_percent_as_number":88.88888888888889}
    at doAction (/home/joshmock/Code/elasticsearch-js/test/integration/test-runner.js:518:14)
    at SniffingTransport.request (/home/joshmock/Code/elasticsearch-js/node_modules/@elastic/transport/lib/Transport.js:479:27)
    at process.processTicksAndRejections (node:internal/process/task_queues:95:5)
    at async Client.health (/home/joshmock/Code/elasticsearch-js/lib/api/api/cluster.js:183:16)
    at async doAction (/home/joshmock/Code/elasticsearch-js/test/integration/test-runner.js:464:27)
    at async exec (/home/joshmock/Code/elasticsearch-js/test/integration/test-runner.js:541:9)
    at async Object.run (/home/joshmock/Code/elasticsearch-js/test/integration/test-runner.js:287:16)
    at async start (/home/joshmock/Code/elasticsearch-js/test/integration/index.js:324:11)</failure>
    </testcase>
    <testcase id="2023-04-12T21:16:20.112Z" name="Test bulk indexing into an alias when resolved to write index" time="30">
      <failure message="ifError got unwanted exception: {&quot;cluster_name&quot;:&quot;elasticsearch-8-7-0-rest-test&quot;,&quot;status&quot;:&quot;red&quot;,&quot;timed_out&quot;:true,&quot;number_of_nodes&quot;:1,&quot;number_of_data_nodes&quot;:1,&quot;active_primary_shards&quot;:8,&quot;active_shards&quot;:8,&quot;relocating_shards&quot;:0,&quot;initializing_shards&quot;:0,&quot;unassigned_shards&quot;:1,&quot;delayed_unassigned_shards&quot;:0,&quot;number_of_pending_tasks&quot;:0,&quot;number_of_in_flight_fetch&quot;:0,&quot;task_max_waiting_in_queue_millis&quot;:0,&quot;active_shards_percent_as_number&quot;:88.88888888888889}" type="ERR_ASSERTION">AssertionError [ERR_ASSERTION]: ifError got unwanted exception: {"cluster_name":"elasticsearch-8-7-0-rest-test","status":"red","timed_out":true,"number_of_nodes":1,"number_of_data_nodes":1,"active_primary_shards":8,"active_shards":8,"relocating_shards":0,"initializing_shards":0,"unassigned_shards":1,"delayed_unassigned_shards":0,"number_of_pending_tasks":0,"number_of_in_flight_fetch":0,"task_max_waiting_in_queue_millis":0,"active_shards_percent_as_number":88.88888888888889}
    at doAction (/home/joshmock/Code/elasticsearch-js/test/integration/test-runner.js:518:14)
    at SniffingTransport.request (/home/joshmock/Code/elasticsearch-js/node_modules/@elastic/transport/lib/Transport.js:479:27)
    at process.processTicksAndRejections (node:internal/process/task_queues:95:5)
    at async Client.health (/home/joshmock/Code/elasticsearch-js/lib/api/api/cluster.js:183:16)
    at async doAction (/home/joshmock/Code/elasticsearch-js/test/integration/test-runner.js:464:27)
    at async exec (/home/joshmock/Code/elasticsearch-js/test/integration/test-runner.js:541:9)
    at async Object.run (/home/joshmock/Code/elasticsearch-js/test/integration/test-runner.js:287:16)
    at async start (/home/joshmock/Code/elasticsearch-js/test/integration/index.js:324:11)</failure>
    </testcase>
  </testsuite>
  <testsuite id="2023-04-12T21:16:50.197Z" name="platinum/security/authz - /platinum/security/authz/13_index_datemath.yml" time="90" tests="3" failures="3" skipped="0">
    <testcase id="2023-04-12T21:16:50.197Z" name="Test indexing documents with datemath, when permitted" time="30">
      <failure message="ifError got unwanted exception: {&quot;cluster_name&quot;:&quot;elasticsearch-8-7-0-rest-test&quot;,&quot;status&quot;:&quot;red&quot;,&quot;timed_out&quot;:true,&quot;number_of_nodes&quot;:1,&quot;number_of_data_nodes&quot;:1,&quot;active_primary_shards&quot;:8,&quot;active_shards&quot;:8,&quot;relocating_shards&quot;:0,&quot;initializing_shards&quot;:0,&quot;unassigned_shards&quot;:1,&quot;delayed_unassigned_shards&quot;:0,&quot;number_of_pending_tasks&quot;:0,&quot;number_of_in_flight_fetch&quot;:0,&quot;task_max_waiting_in_queue_millis&quot;:0,&quot;active_shards_percent_as_number&quot;:88.88888888888889}" type="ERR_ASSERTION">AssertionError [ERR_ASSERTION]: ifError got unwanted exception: {"cluster_name":"elasticsearch-8-7-0-rest-test","status":"red","timed_out":true,"number_of_nodes":1,"number_of_data_nodes":1,"active_primary_shards":8,"active_shards":8,"relocating_shards":0,"initializing_shards":0,"unassigned_shards":1,"delayed_unassigned_shards":0,"number_of_pending_tasks":0,"number_of_in_flight_fetch":0,"task_max_waiting_in_queue_millis":0,"active_shards_percent_as_number":88.88888888888889}
    at doAction (/home/joshmock/Code/elasticsearch-js/test/integration/test-runner.js:518:14)
    at SniffingTransport.request (/home/joshmock/Code/elasticsearch-js/node_modules/@elastic/transport/lib/Transport.js:479:27)
    at process.processTicksAndRejections (node:internal/process/task_queues:95:5)
    at async Client.health (/home/joshmock/Code/elasticsearch-js/lib/api/api/cluster.js:183:16)
    at async doAction (/home/joshmock/Code/elasticsearch-js/test/integration/test-runner.js:464:27)
    at async exec (/home/joshmock/Code/elasticsearch-js/test/integration/test-runner.js:541:9)
    at async Object.run (/home/joshmock/Code/elasticsearch-js/test/integration/test-runner.js:287:16)
    at async start (/home/joshmock/Code/elasticsearch-js/test/integration/index.js:324:11)</failure>
    </testcase>
    <testcase id="2023-04-12T21:17:20.282Z" name="Test indexing documents with datemath, when forbidden" time="30">
      <failure message="ifError got unwanted exception: {&quot;cluster_name&quot;:&quot;elasticsearch-8-7-0-rest-test&quot;,&quot;status&quot;:&quot;red&quot;,&quot;timed_out&quot;:true,&quot;number_of_nodes&quot;:1,&quot;number_of_data_nodes&quot;:1,&quot;active_primary_shards&quot;:8,&quot;active_shards&quot;:8,&quot;relocating_shards&quot;:0,&quot;initializing_shards&quot;:0,&quot;unassigned_shards&quot;:1,&quot;delayed_unassigned_shards&quot;:0,&quot;number_of_pending_tasks&quot;:0,&quot;number_of_in_flight_fetch&quot;:0,&quot;task_max_waiting_in_queue_millis&quot;:0,&quot;active_shards_percent_as_number&quot;:88.88888888888889}" type="ERR_ASSERTION">AssertionError [ERR_ASSERTION]: ifError got unwanted exception: {"cluster_name":"elasticsearch-8-7-0-rest-test","status":"red","timed_out":true,"number_of_nodes":1,"number_of_data_nodes":1,"active_primary_shards":8,"active_shards":8,"relocating_shards":0,"initializing_shards":0,"unassigned_shards":1,"delayed_unassigned_shards":0,"number_of_pending_tasks":0,"number_of_in_flight_fetch":0,"task_max_waiting_in_queue_millis":0,"active_shards_percent_as_number":88.88888888888889}
    at doAction (/home/joshmock/Code/elasticsearch-js/test/integration/test-runner.js:518:14)
    at SniffingTransport.request (/home/joshmock/Code/elasticsearch-js/node_modules/@elastic/transport/lib/Transport.js:479:27)
    at process.processTicksAndRejections (node:internal/process/task_queues:95:5)
    at async Client.health (/home/joshmock/Code/elasticsearch-js/lib/api/api/cluster.js:183:16)
    at async doAction (/home/joshmock/Code/elasticsearch-js/test/integration/test-runner.js:464:27)
    at async exec (/home/joshmock/Code/elasticsearch-js/test/integration/test-runner.js:541:9)
    at async Object.run (/home/joshmock/Code/elasticsearch-js/test/integration/test-runner.js:287:16)
    at async start (/home/joshmock/Code/elasticsearch-js/test/integration/index.js:324:11)</failure>
    </testcase>
    <testcase id="2023-04-12T21:17:50.369Z" name="Test bulk indexing with datemath when only some are allowed" time="30">
      <failure message="ifError got unwanted exception: {&quot;cluster_name&quot;:&quot;elasticsearch-8-7-0-rest-test&quot;,&quot;status&quot;:&quot;red&quot;,&quot;timed_out&quot;:true,&quot;number_of_nodes&quot;:1,&quot;number_of_data_nodes&quot;:1,&quot;active_primary_shards&quot;:8,&quot;active_shards&quot;:8,&quot;relocating_shards&quot;:0,&quot;initializing_shards&quot;:0,&quot;unassigned_shards&quot;:1,&quot;delayed_unassigned_shards&quot;:0,&quot;number_of_pending_tasks&quot;:0,&quot;number_of_in_flight_fetch&quot;:0,&quot;task_max_waiting_in_queue_millis&quot;:0,&quot;active_shards_percent_as_number&quot;:88.88888888888889}" type="ERR_ASSERTION">AssertionError [ERR_ASSERTION]: ifError got unwanted exception: {"cluster_name":"elasticsearch-8-7-0-rest-test","status":"red","timed_out":true,"number_of_nodes":1,"number_of_data_nodes":1,"active_primary_shards":8,"active_shards":8,"relocating_shards":0,"initializing_shards":0,"unassigned_shards":1,"delayed_unassigned_shards":0,"number_of_pending_tasks":0,"number_of_in_flight_fetch":0,"task_max_waiting_in_queue_millis":0,"active_shards_percent_as_number":88.88888888888889}
    at doAction (/home/joshmock/Code/elasticsearch-js/test/integration/test-runner.js:518:14)
    at SniffingTransport.request (/home/joshmock/Code/elasticsearch-js/node_modules/@elastic/transport/lib/Transport.js:479:27)
    at process.processTicksAndRejections (node:internal/process/task_queues:95:5)
    at async Client.health (/home/joshmock/Code/elasticsearch-js/lib/api/api/cluster.js:183:16)
    at async doAction (/home/joshmock/Code/elasticsearch-js/test/integration/test-runner.js:464:27)
    at async exec (/home/joshmock/Code/elasticsearch-js/test/integration/test-runner.js:541:9)
    at async Object.run (/home/joshmock/Code/elasticsearch-js/test/integration/test-runner.js:287:16)
    at async start (/home/joshmock/Code/elasticsearch-js/test/integration/index.js:324:11)</failure>
    </testcase>
  </testsuite>
  <testsuite id="2023-04-12T21:18:20.454Z" name="platinum/security/authz - /platinum/security/authz/14_cat_indices.yml" time="0" tests="6" failures="0" skipped="6">
    <testcase id="2023-04-12T21:18:20.454Z" name="Test empty request while no-authorized index" time="0">
      <skipped>{
  "features": [
    "headers",
    "allowed_warnings"
  ]
}</skipped>
    </testcase>
    <testcase id="2023-04-12T21:18:20.454Z" name="Test empty request while single authorized index" time="0">
      <skipped>{
  "features": [
    "headers",
    "allowed_warnings"
  ]
}</skipped>
    </testcase>
    <testcase id="2023-04-12T21:18:20.454Z" name="Test empty request while single authorized closed index" time="0">
      <skipped>{
  "features": [
    "headers",
    "allowed_warnings"
  ]
}</skipped>
    </testcase>
    <testcase id="2023-04-12T21:18:20.454Z" name="Test explicit request while multiple authorized indices" time="0">
      <skipped>{
  "features": [
    "headers",
    "allowed_warnings"
  ]
}</skipped>
    </testcase>
    <testcase id="2023-04-12T21:18:20.454Z" name="Test explicit request while multiple opened/closed authorized indices" time="0">
      <skipped>{
  "features": [
    "headers",
    "allowed_warnings"
  ]
}</skipped>
    </testcase>
    <testcase id="2023-04-12T21:18:20.454Z" name="Test wildcard request with multiple authorized indices" time="0">
      <skipped>{
  "features": [
    "headers",
    "allowed_warnings"
  ]
}</skipped>
    </testcase>
  </testsuite>
  <testsuite id="2023-04-12T21:18:20.454Z" name="platinum/security/authz - /platinum/security/authz/15_auto_create.yml" time="0" tests="1" failures="0" skipped="1">
    <testcase id="2023-04-12T21:18:20.454Z" name="Test auto index creation" time="0">
      <skipped>{
  "features": [
    "headers",
    "allowed_warnings"
  ]
}</skipped>
    </testcase>
  </testsuite>
  <testsuite id="2023-04-12T21:18:20.455Z" name="platinum/security/authz - /platinum/security/authz/20_get_doc.yml" time="90" tests="3" failures="3" skipped="0">
    <testcase id="2023-04-12T21:18:20.455Z" name="Test get a document when authorized" time="30">
      <failure message="ifError got unwanted exception: {&quot;cluster_name&quot;:&quot;elasticsearch-8-7-0-rest-test&quot;,&quot;status&quot;:&quot;red&quot;,&quot;timed_out&quot;:true,&quot;number_of_nodes&quot;:1,&quot;number_of_data_nodes&quot;:1,&quot;active_primary_shards&quot;:8,&quot;active_shards&quot;:8,&quot;relocating_shards&quot;:0,&quot;initializing_shards&quot;:0,&quot;unassigned_shards&quot;:1,&quot;delayed_unassigned_shards&quot;:0,&quot;number_of_pending_tasks&quot;:0,&quot;number_of_in_flight_fetch&quot;:0,&quot;task_max_waiting_in_queue_millis&quot;:0,&quot;active_shards_percent_as_number&quot;:88.88888888888889}" type="ERR_ASSERTION">AssertionError [ERR_ASSERTION]: ifError got unwanted exception: {"cluster_name":"elasticsearch-8-7-0-rest-test","status":"red","timed_out":true,"number_of_nodes":1,"number_of_data_nodes":1,"active_primary_shards":8,"active_shards":8,"relocating_shards":0,"initializing_shards":0,"unassigned_shards":1,"delayed_unassigned_shards":0,"number_of_pending_tasks":0,"number_of_in_flight_fetch":0,"task_max_waiting_in_queue_millis":0,"active_shards_percent_as_number":88.88888888888889}
    at doAction (/home/joshmock/Code/elasticsearch-js/test/integration/test-runner.js:518:14)
    at SniffingTransport.request (/home/joshmock/Code/elasticsearch-js/node_modules/@elastic/transport/lib/Transport.js:479:27)
    at process.processTicksAndRejections (node:internal/process/task_queues:95:5)
    at async Client.health (/home/joshmock/Code/elasticsearch-js/lib/api/api/cluster.js:183:16)
    at async doAction (/home/joshmock/Code/elasticsearch-js/test/integration/test-runner.js:464:27)
    at async exec (/home/joshmock/Code/elasticsearch-js/test/integration/test-runner.js:541:9)
    at async Object.run (/home/joshmock/Code/elasticsearch-js/test/integration/test-runner.js:287:16)
    at async start (/home/joshmock/Code/elasticsearch-js/test/integration/index.js:324:11)</failure>
    </testcase>
    <testcase id="2023-04-12T21:18:50.539Z" name="Test get a document when not allowed" time="30">
      <failure message="ifError got unwanted exception: {&quot;cluster_name&quot;:&quot;elasticsearch-8-7-0-rest-test&quot;,&quot;status&quot;:&quot;red&quot;,&quot;timed_out&quot;:true,&quot;number_of_nodes&quot;:1,&quot;number_of_data_nodes&quot;:1,&quot;active_primary_shards&quot;:8,&quot;active_shards&quot;:8,&quot;relocating_shards&quot;:0,&quot;initializing_shards&quot;:0,&quot;unassigned_shards&quot;:1,&quot;delayed_unassigned_shards&quot;:0,&quot;number_of_pending_tasks&quot;:0,&quot;number_of_in_flight_fetch&quot;:0,&quot;task_max_waiting_in_queue_millis&quot;:0,&quot;active_shards_percent_as_number&quot;:88.88888888888889}" type="ERR_ASSERTION">AssertionError [ERR_ASSERTION]: ifError got unwanted exception: {"cluster_name":"elasticsearch-8-7-0-rest-test","status":"red","timed_out":true,"number_of_nodes":1,"number_of_data_nodes":1,"active_primary_shards":8,"active_shards":8,"relocating_shards":0,"initializing_shards":0,"unassigned_shards":1,"delayed_unassigned_shards":0,"number_of_pending_tasks":0,"number_of_in_flight_fetch":0,"task_max_waiting_in_queue_millis":0,"active_shards_percent_as_number":88.88888888888889}
    at doAction (/home/joshmock/Code/elasticsearch-js/test/integration/test-runner.js:518:14)
    at SniffingTransport.request (/home/joshmock/Code/elasticsearch-js/node_modules/@elastic/transport/lib/Transport.js:479:27)
    at process.processTicksAndRejections (node:internal/process/task_queues:95:5)
    at async Client.health (/home/joshmock/Code/elasticsearch-js/lib/api/api/cluster.js:183:16)
    at async doAction (/home/joshmock/Code/elasticsearch-js/test/integration/test-runner.js:464:27)
    at async exec (/home/joshmock/Code/elasticsearch-js/test/integration/test-runner.js:541:9)
    at async Object.run (/home/joshmock/Code/elasticsearch-js/test/integration/test-runner.js:287:16)
    at async start (/home/joshmock/Code/elasticsearch-js/test/integration/index.js:324:11)</failure>
    </testcase>
    <testcase id="2023-04-12T21:19:20.622Z" name="Test mget documents when only some are allowed" time="30">
      <failure message="ifError got unwanted exception: {&quot;cluster_name&quot;:&quot;elasticsearch-8-7-0-rest-test&quot;,&quot;status&quot;:&quot;red&quot;,&quot;timed_out&quot;:true,&quot;number_of_nodes&quot;:1,&quot;number_of_data_nodes&quot;:1,&quot;active_primary_shards&quot;:8,&quot;active_shards&quot;:8,&quot;relocating_shards&quot;:0,&quot;initializing_shards&quot;:0,&quot;unassigned_shards&quot;:1,&quot;delayed_unassigned_shards&quot;:0,&quot;number_of_pending_tasks&quot;:0,&quot;number_of_in_flight_fetch&quot;:0,&quot;task_max_waiting_in_queue_millis&quot;:0,&quot;active_shards_percent_as_number&quot;:88.88888888888889}" type="ERR_ASSERTION">AssertionError [ERR_ASSERTION]: ifError got unwanted exception: {"cluster_name":"elasticsearch-8-7-0-rest-test","status":"red","timed_out":true,"number_of_nodes":1,"number_of_data_nodes":1,"active_primary_shards":8,"active_shards":8,"relocating_shards":0,"initializing_shards":0,"unassigned_shards":1,"delayed_unassigned_shards":0,"number_of_pending_tasks":0,"number_of_in_flight_fetch":0,"task_max_waiting_in_queue_millis":0,"active_shards_percent_as_number":88.88888888888889}
    at doAction (/home/joshmock/Code/elasticsearch-js/test/integration/test-runner.js:518:14)
    at SniffingTransport.request (/home/joshmock/Code/elasticsearch-js/node_modules/@elastic/transport/lib/Transport.js:479:27)
    at process.processTicksAndRejections (node:internal/process/task_queues:95:5)
    at async Client.health (/home/joshmock/Code/elasticsearch-js/lib/api/api/cluster.js:183:16)
    at async doAction (/home/joshmock/Code/elasticsearch-js/test/integration/test-runner.js:464:27)
    at async exec (/home/joshmock/Code/elasticsearch-js/test/integration/test-runner.js:541:9)
    at async Object.run (/home/joshmock/Code/elasticsearch-js/test/integration/test-runner.js:287:16)
    at async start (/home/joshmock/Code/elasticsearch-js/test/integration/index.js:324:11)</failure>
    </testcase>
  </testsuite>
  <testsuite id="2023-04-12T21:19:50.711Z" name="platinum/security/authz - /platinum/security/authz/21_search_doc.yml" time="150" tests="5" failures="5" skipped="0">
    <testcase id="2023-04-12T21:19:50.711Z" name="Test search for document when authorized" time="30">
      <failure message="ifError got unwanted exception: {&quot;cluster_name&quot;:&quot;elasticsearch-8-7-0-rest-test&quot;,&quot;status&quot;:&quot;red&quot;,&quot;timed_out&quot;:true,&quot;number_of_nodes&quot;:1,&quot;number_of_data_nodes&quot;:1,&quot;active_primary_shards&quot;:8,&quot;active_shards&quot;:8,&quot;relocating_shards&quot;:0,&quot;initializing_shards&quot;:0,&quot;unassigned_shards&quot;:1,&quot;delayed_unassigned_shards&quot;:0,&quot;number_of_pending_tasks&quot;:0,&quot;number_of_in_flight_fetch&quot;:0,&quot;task_max_waiting_in_queue_millis&quot;:0,&quot;active_shards_percent_as_number&quot;:88.88888888888889}" type="ERR_ASSERTION">AssertionError [ERR_ASSERTION]: ifError got unwanted exception: {"cluster_name":"elasticsearch-8-7-0-rest-test","status":"red","timed_out":true,"number_of_nodes":1,"number_of_data_nodes":1,"active_primary_shards":8,"active_shards":8,"relocating_shards":0,"initializing_shards":0,"unassigned_shards":1,"delayed_unassigned_shards":0,"number_of_pending_tasks":0,"number_of_in_flight_fetch":0,"task_max_waiting_in_queue_millis":0,"active_shards_percent_as_number":88.88888888888889}
    at doAction (/home/joshmock/Code/elasticsearch-js/test/integration/test-runner.js:518:14)
    at SniffingTransport.request (/home/joshmock/Code/elasticsearch-js/node_modules/@elastic/transport/lib/Transport.js:479:27)
    at process.processTicksAndRejections (node:internal/process/task_queues:95:5)
    at async Client.health (/home/joshmock/Code/elasticsearch-js/lib/api/api/cluster.js:183:16)
    at async doAction (/home/joshmock/Code/elasticsearch-js/test/integration/test-runner.js:464:27)
    at async exec (/home/joshmock/Code/elasticsearch-js/test/integration/test-runner.js:541:9)
    at async Object.run (/home/joshmock/Code/elasticsearch-js/test/integration/test-runner.js:287:16)
    at async start (/home/joshmock/Code/elasticsearch-js/test/integration/index.js:324:11)</failure>
    </testcase>
    <testcase id="2023-04-12T21:20:20.800Z" name="Test search for documents when not allowed" time="30">
      <failure message="ifError got unwanted exception: {&quot;cluster_name&quot;:&quot;elasticsearch-8-7-0-rest-test&quot;,&quot;status&quot;:&quot;red&quot;,&quot;timed_out&quot;:true,&quot;number_of_nodes&quot;:1,&quot;number_of_data_nodes&quot;:1,&quot;active_primary_shards&quot;:8,&quot;active_shards&quot;:8,&quot;relocating_shards&quot;:0,&quot;initializing_shards&quot;:0,&quot;unassigned_shards&quot;:1,&quot;delayed_unassigned_shards&quot;:0,&quot;number_of_pending_tasks&quot;:0,&quot;number_of_in_flight_fetch&quot;:0,&quot;task_max_waiting_in_queue_millis&quot;:0,&quot;active_shards_percent_as_number&quot;:88.88888888888889}" type="ERR_ASSERTION">AssertionError [ERR_ASSERTION]: ifError got unwanted exception: {"cluster_name":"elasticsearch-8-7-0-rest-test","status":"red","timed_out":true,"number_of_nodes":1,"number_of_data_nodes":1,"active_primary_shards":8,"active_shards":8,"relocating_shards":0,"initializing_shards":0,"unassigned_shards":1,"delayed_unassigned_shards":0,"number_of_pending_tasks":0,"number_of_in_flight_fetch":0,"task_max_waiting_in_queue_millis":0,"active_shards_percent_as_number":88.88888888888889}
    at doAction (/home/joshmock/Code/elasticsearch-js/test/integration/test-runner.js:518:14)
    at SniffingTransport.request (/home/joshmock/Code/elasticsearch-js/node_modules/@elastic/transport/lib/Transport.js:479:27)
    at process.processTicksAndRejections (node:internal/process/task_queues:95:5)
    at async Client.health (/home/joshmock/Code/elasticsearch-js/lib/api/api/cluster.js:183:16)
    at async doAction (/home/joshmock/Code/elasticsearch-js/test/integration/test-runner.js:464:27)
    at async exec (/home/joshmock/Code/elasticsearch-js/test/integration/test-runner.js:541:9)
    at async Object.run (/home/joshmock/Code/elasticsearch-js/test/integration/test-runner.js:287:16)
    at async start (/home/joshmock/Code/elasticsearch-js/test/integration/index.js:324:11)</failure>
    </testcase>
    <testcase id="2023-04-12T21:20:50.888Z" name="Test search documents when only some are allowed" time="30">
      <failure message="ifError got unwanted exception: {&quot;cluster_name&quot;:&quot;elasticsearch-8-7-0-rest-test&quot;,&quot;status&quot;:&quot;red&quot;,&quot;timed_out&quot;:true,&quot;number_of_nodes&quot;:1,&quot;number_of_data_nodes&quot;:1,&quot;active_primary_shards&quot;:8,&quot;active_shards&quot;:8,&quot;relocating_shards&quot;:0,&quot;initializing_shards&quot;:0,&quot;unassigned_shards&quot;:1,&quot;delayed_unassigned_shards&quot;:0,&quot;number_of_pending_tasks&quot;:0,&quot;number_of_in_flight_fetch&quot;:0,&quot;task_max_waiting_in_queue_millis&quot;:0,&quot;active_shards_percent_as_number&quot;:88.88888888888889}" type="ERR_ASSERTION">AssertionError [ERR_ASSERTION]: ifError got unwanted exception: {"cluster_name":"elasticsearch-8-7-0-rest-test","status":"red","timed_out":true,"number_of_nodes":1,"number_of_data_nodes":1,"active_primary_shards":8,"active_shards":8,"relocating_shards":0,"initializing_shards":0,"unassigned_shards":1,"delayed_unassigned_shards":0,"number_of_pending_tasks":0,"number_of_in_flight_fetch":0,"task_max_waiting_in_queue_millis":0,"active_shards_percent_as_number":88.88888888888889}
    at doAction (/home/joshmock/Code/elasticsearch-js/test/integration/test-runner.js:518:14)
    at SniffingTransport.request (/home/joshmock/Code/elasticsearch-js/node_modules/@elastic/transport/lib/Transport.js:479:27)
    at process.processTicksAndRejections (node:internal/process/task_queues:95:5)
    at async Client.health (/home/joshmock/Code/elasticsearch-js/lib/api/api/cluster.js:183:16)
    at async doAction (/home/joshmock/Code/elasticsearch-js/test/integration/test-runner.js:464:27)
    at async exec (/home/joshmock/Code/elasticsearch-js/test/integration/test-runner.js:541:9)
    at async Object.run (/home/joshmock/Code/elasticsearch-js/test/integration/test-runner.js:287:16)
    at async start (/home/joshmock/Code/elasticsearch-js/test/integration/index.js:324:11)</failure>
    </testcase>
    <testcase id="2023-04-12T21:21:20.974Z" name="filters agg match_all doesn't count invisible docs: match_all" time="30">
      <failure message="ifError got unwanted exception: {&quot;cluster_name&quot;:&quot;elasticsearch-8-7-0-rest-test&quot;,&quot;status&quot;:&quot;red&quot;,&quot;timed_out&quot;:true,&quot;number_of_nodes&quot;:1,&quot;number_of_data_nodes&quot;:1,&quot;active_primary_shards&quot;:8,&quot;active_shards&quot;:8,&quot;relocating_shards&quot;:0,&quot;initializing_shards&quot;:0,&quot;unassigned_shards&quot;:1,&quot;delayed_unassigned_shards&quot;:0,&quot;number_of_pending_tasks&quot;:0,&quot;number_of_in_flight_fetch&quot;:0,&quot;task_max_waiting_in_queue_millis&quot;:0,&quot;active_shards_percent_as_number&quot;:88.88888888888889}" type="ERR_ASSERTION">AssertionError [ERR_ASSERTION]: ifError got unwanted exception: {"cluster_name":"elasticsearch-8-7-0-rest-test","status":"red","timed_out":true,"number_of_nodes":1,"number_of_data_nodes":1,"active_primary_shards":8,"active_shards":8,"relocating_shards":0,"initializing_shards":0,"unassigned_shards":1,"delayed_unassigned_shards":0,"number_of_pending_tasks":0,"number_of_in_flight_fetch":0,"task_max_waiting_in_queue_millis":0,"active_shards_percent_as_number":88.88888888888889}
    at doAction (/home/joshmock/Code/elasticsearch-js/test/integration/test-runner.js:518:14)
    at SniffingTransport.request (/home/joshmock/Code/elasticsearch-js/node_modules/@elastic/transport/lib/Transport.js:479:27)
    at process.processTicksAndRejections (node:internal/process/task_queues:95:5)
    at async Client.health (/home/joshmock/Code/elasticsearch-js/lib/api/api/cluster.js:183:16)
    at async doAction (/home/joshmock/Code/elasticsearch-js/test/integration/test-runner.js:464:27)
    at async exec (/home/joshmock/Code/elasticsearch-js/test/integration/test-runner.js:541:9)
    at async Object.run (/home/joshmock/Code/elasticsearch-js/test/integration/test-runner.js:287:16)
    at async start (/home/joshmock/Code/elasticsearch-js/test/integration/index.js:324:11)</failure>
    </testcase>
    <testcase id="2023-04-12T21:21:51.062Z" name="filters agg exists doesn't count invisible docs: exists" time="30">
      <failure message="ifError got unwanted exception: {&quot;cluster_name&quot;:&quot;elasticsearch-8-7-0-rest-test&quot;,&quot;status&quot;:&quot;red&quot;,&quot;timed_out&quot;:true,&quot;number_of_nodes&quot;:1,&quot;number_of_data_nodes&quot;:1,&quot;active_primary_shards&quot;:8,&quot;active_shards&quot;:8,&quot;relocating_shards&quot;:0,&quot;initializing_shards&quot;:0,&quot;unassigned_shards&quot;:1,&quot;delayed_unassigned_shards&quot;:0,&quot;number_of_pending_tasks&quot;:0,&quot;number_of_in_flight_fetch&quot;:0,&quot;task_max_waiting_in_queue_millis&quot;:0,&quot;active_shards_percent_as_number&quot;:88.88888888888889}" type="ERR_ASSERTION">AssertionError [ERR_ASSERTION]: ifError got unwanted exception: {"cluster_name":"elasticsearch-8-7-0-rest-test","status":"red","timed_out":true,"number_of_nodes":1,"number_of_data_nodes":1,"active_primary_shards":8,"active_shards":8,"relocating_shards":0,"initializing_shards":0,"unassigned_shards":1,"delayed_unassigned_shards":0,"number_of_pending_tasks":0,"number_of_in_flight_fetch":0,"task_max_waiting_in_queue_millis":0,"active_shards_percent_as_number":88.88888888888889}
    at doAction (/home/joshmock/Code/elasticsearch-js/test/integration/test-runner.js:518:14)
    at SniffingTransport.request (/home/joshmock/Code/elasticsearch-js/node_modules/@elastic/transport/lib/Transport.js:479:27)
    at process.processTicksAndRejections (node:internal/process/task_queues:95:5)
    at async Client.health (/home/joshmock/Code/elasticsearch-js/lib/api/api/cluster.js:183:16)
    at async doAction (/home/joshmock/Code/elasticsearch-js/test/integration/test-runner.js:464:27)
    at async exec (/home/joshmock/Code/elasticsearch-js/test/integration/test-runner.js:541:9)
    at async Object.run (/home/joshmock/Code/elasticsearch-js/test/integration/test-runner.js:287:16)
    at async start (/home/joshmock/Code/elasticsearch-js/test/integration/index.js:324:11)</failure>
    </testcase>
  </testsuite>
</testsuites>